2020:03:27 21:09:42.723 [main] INFO  com.project.web.WebApplication.logStarting(55) - Starting WebApplication on ngocnd with PID 20294 (/home/ngocnd/rabiloo/aydia-PJ/web/target/classes started by ngocnd in /home/ngocnd/rabiloo/aydia-PJ/web) 
2020:03:27 21:09:42.732 [main] INFO  com.project.web.WebApplication.logStartupProfileInfo(651) - No active profile set, falling back to default profiles: default 
2020:03:27 21:09:45.306 [main] INFO  o.s.d.r.c.RepositoryConfigurationDelegate.registerRepositoriesIn(127) - Bootstrapping Spring Data JPA repositories in DEFAULT mode. 
2020:03:27 21:09:45.435 [main] INFO  o.s.d.r.c.RepositoryConfigurationDelegate.registerRepositoriesIn(187) - Finished Spring Data repository scanning in 113ms. Found 5 JPA repository interfaces. 
2020:03:27 21:09:45.965 [main] INFO  o.s.c.s.PostProcessorRegistrationDelegate$BeanPostProcessorChecker.postProcessAfterInitialization(330) - Bean 'org.springframework.transaction.annotation.ProxyTransactionManagementConfiguration' of type [org.springframework.transaction.annotation.ProxyTransactionManagementConfiguration] is not eligible for getting processed by all BeanPostProcessors (for example: not eligible for auto-proxying) 
2020:03:27 21:09:46.500 [main] INFO  o.s.b.w.e.tomcat.TomcatWebServer.initialize(92) - Tomcat initialized with port(s): 8081 (http) 
2020:03:27 21:09:46.514 [main] INFO  o.a.coyote.http11.Http11NioProtocol.log(173) - Initializing ProtocolHandler ["http-nio-8081"] 
2020:03:27 21:09:46.515 [main] INFO  o.a.catalina.core.StandardService.log(173) - Starting service [Tomcat] 
2020:03:27 21:09:46.515 [main] INFO  o.a.catalina.core.StandardEngine.log(173) - Starting Servlet engine: [Apache Tomcat/9.0.30] 
2020:03:27 21:09:46.643 [main] INFO  o.a.c.c.C.[Tomcat].[localhost].[/].log(173) - Initializing Spring embedded WebApplicationContext 
2020:03:27 21:09:46.643 [main] INFO  o.s.web.context.ContextLoader.prepareWebApplicationContext(284) - Root WebApplicationContext: initialization completed in 3268 ms 
2020:03:27 21:09:46.730 [main] INFO  c.p.w.f.GlobalExceptionHandlerFilter.init(63) - Init Catching exception filter. 
2020:03:27 21:09:46.819 [main] INFO  com.zaxxer.hikari.HikariDataSource.getConnection(110) - HikariPool-1 - Starting... 
2020:03:27 21:09:46.822 [main] WARN  c.z.hikari.util.DriverDataSource.<init>(70) - Registered driver with driverClassName=com.mysql.jdbc.Driver was not found, trying direct instantiation. 
2020:03:27 21:09:47.109 [main] INFO  com.zaxxer.hikari.HikariDataSource.getConnection(123) - HikariPool-1 - Start completed. 
2020:03:27 21:09:49.961 [main] INFO  liquibase.executor.jvm.JdbcExecutor.info(42) - SELECT COUNT(*) FROM web_db.DATABASECHANGELOGLOCK 
2020:03:27 21:09:49.967 [main] INFO  liquibase.executor.jvm.JdbcExecutor.info(42) - SELECT COUNT(*) FROM web_db.DATABASECHANGELOGLOCK 
2020:03:27 21:09:49.970 [main] INFO  liquibase.executor.jvm.JdbcExecutor.info(42) - SELECT `LOCKED` FROM web_db.DATABASECHANGELOGLOCK WHERE ID=1 
2020:03:27 21:09:49.984 [main] INFO  l.lockservice.StandardLockService.info(42) - Successfully acquired change log lock 
2020:03:27 21:09:51.832 [main] INFO  liquibase.executor.jvm.JdbcExecutor.info(42) - SELECT MD5SUM FROM web_db.DATABASECHANGELOG WHERE MD5SUM IS NOT NULL LIMIT 1 
2020:03:27 21:09:51.837 [main] INFO  liquibase.executor.jvm.JdbcExecutor.info(42) - SELECT COUNT(*) FROM web_db.DATABASECHANGELOG 
2020:03:27 21:09:51.839 [main] INFO  l.c.StandardChangeLogHistoryService.info(42) - Reading from web_db.DATABASECHANGELOG 
2020:03:27 21:09:51.839 [main] INFO  liquibase.executor.jvm.JdbcExecutor.info(42) - SELECT * FROM web_db.DATABASECHANGELOG ORDER BY DATEEXECUTED ASC, ORDEREXECUTED ASC 
2020:03:27 21:09:51.884 [main] INFO  l.lockservice.StandardLockService.info(42) - Successfully released change log lock 
2020:03:27 21:09:51.888 [main] WARN  o.s.b.w.s.c.AnnotationConfigServletWebServerApplicationContext.__refresh(558) - Exception encountered during context initialization - cancelling refresh attempt: org.springframework.beans.factory.BeanCreationException: Error creating bean with name 'liquibase' defined in class path resource [org/springframework/boot/autoconfigure/liquibase/LiquibaseAutoConfiguration$LiquibaseConfiguration.class]: Invocation of init method failed; nested exception is liquibase.exception.ValidationFailedException: Validation Failed:
     1 change sets check sum
          liquibase/news/news.xml::create_table_news::ngocnd was: 8:59b3e8cc72171b0a86c56b604d8b4018 but is now: 8:1fe85673dcf4c37658da4d4415c5491d
 
2020:03:27 21:09:51.890 [main] INFO  com.zaxxer.hikari.HikariDataSource.close(350) - HikariPool-1 - Shutdown initiated... 
2020:03:27 21:09:51.902 [main] INFO  com.zaxxer.hikari.HikariDataSource.close(352) - HikariPool-1 - Shutdown completed. 
2020:03:27 21:09:51.907 [main] INFO  o.a.catalina.core.StandardService.log(173) - Stopping service [Tomcat] 
2020:03:27 21:09:51.920 [main] INFO  o.s.b.a.l.ConditionEvaluationReportLoggingListener.logMessage(136) - 

Error starting ApplicationContext. To display the conditions report re-run your application with 'debug' enabled. 
2020:03:27 21:09:51.938 [main] ERROR o.s.boot.SpringApplication.reportFailure(826) - Application run failed 
org.springframework.beans.factory.BeanCreationException: Error creating bean with name 'liquibase' defined in class path resource [org/springframework/boot/autoconfigure/liquibase/LiquibaseAutoConfiguration$LiquibaseConfiguration.class]: Invocation of init method failed; nested exception is liquibase.exception.ValidationFailedException: Validation Failed:
     1 change sets check sum
          liquibase/news/news.xml::create_table_news::ngocnd was: 8:59b3e8cc72171b0a86c56b604d8b4018 but is now: 8:1fe85673dcf4c37658da4d4415c5491d

	at org.springframework.beans.factory.support.AbstractAutowireCapableBeanFactory.initializeBean(AbstractAutowireCapableBeanFactory.java:1796)
	at org.springframework.beans.factory.support.AbstractAutowireCapableBeanFactory.doCreateBean(AbstractAutowireCapableBeanFactory.java:595)
	at org.springframework.beans.factory.support.AbstractAutowireCapableBeanFactory.createBean(AbstractAutowireCapableBeanFactory.java:517)
	at org.springframework.beans.factory.support.AbstractBeanFactory.lambda$doGetBean$0(AbstractBeanFactory.java:323)
	at org.springframework.beans.factory.support.DefaultSingletonBeanRegistry.getSingleton(DefaultSingletonBeanRegistry.java:222)
	at org.springframework.beans.factory.support.AbstractBeanFactory.doGetBean(AbstractBeanFactory.java:321)
	at org.springframework.beans.factory.support.AbstractBeanFactory.getBean(AbstractBeanFactory.java:202)
	at org.springframework.beans.factory.support.AbstractBeanFactory.doGetBean(AbstractBeanFactory.java:310)
	at org.springframework.beans.factory.support.AbstractBeanFactory.getBean(AbstractBeanFactory.java:202)
	at org.springframework.context.support.AbstractApplicationContext.getBean(AbstractApplicationContext.java:1108)
	at org.springframework.context.support.AbstractApplicationContext.finishBeanFactoryInitialization(AbstractApplicationContext.java:868)
	at org.springframework.context.support.AbstractApplicationContext.__refresh(AbstractApplicationContext.java:550)
	at org.springframework.context.support.AbstractApplicationContext.jrLockAndRefresh(AbstractApplicationContext.java:40002)
	at org.springframework.context.support.AbstractApplicationContext.refresh(AbstractApplicationContext.java:41008)
	at org.springframework.boot.web.servlet.context.ServletWebServerApplicationContext.refresh(ServletWebServerApplicationContext.java:141)
	at org.springframework.boot.SpringApplication.refresh(SpringApplication.java:747)
	at org.springframework.boot.SpringApplication.refreshContext(SpringApplication.java:397)
	at org.springframework.boot.SpringApplication.run(SpringApplication.java:315)
	at org.springframework.boot.SpringApplication.run(SpringApplication.java:1226)
	at org.springframework.boot.SpringApplication.run(SpringApplication.java:1215)
	at com.project.web.WebApplication.main(WebApplication.java:10)
Caused by: liquibase.exception.ValidationFailedException: Validation Failed:
     1 change sets check sum
          liquibase/news/news.xml::create_table_news::ngocnd was: 8:59b3e8cc72171b0a86c56b604d8b4018 but is now: 8:1fe85673dcf4c37658da4d4415c5491d

	at liquibase.changelog.DatabaseChangeLog.validate(DatabaseChangeLog.java:291)
	at liquibase.Liquibase.update(Liquibase.java:198)
	at liquibase.Liquibase.update(Liquibase.java:179)
	at liquibase.integration.spring.SpringLiquibase.performUpdate(SpringLiquibase.java:366)
	at liquibase.integration.spring.SpringLiquibase.afterPropertiesSet(SpringLiquibase.java:314)
	at org.springframework.beans.factory.support.AbstractAutowireCapableBeanFactory.invokeInitMethods(AbstractAutowireCapableBeanFactory.java:1855)
	at org.springframework.beans.factory.support.AbstractAutowireCapableBeanFactory.initializeBean(AbstractAutowireCapableBeanFactory.java:1792)
	... 20 common frames omitted
2020:03:27 21:10:30.740 [main] INFO  com.project.web.WebApplication.logStarting(55) - Starting WebApplication on ngocnd with PID 20742 (/home/ngocnd/rabiloo/aydia-PJ/web/target/classes started by ngocnd in /home/ngocnd/rabiloo/aydia-PJ/web) 
2020:03:27 21:10:30.743 [main] INFO  com.project.web.WebApplication.logStartupProfileInfo(651) - No active profile set, falling back to default profiles: default 
2020:03:27 21:10:32.046 [main] INFO  o.s.d.r.c.RepositoryConfigurationDelegate.registerRepositoriesIn(127) - Bootstrapping Spring Data JPA repositories in DEFAULT mode. 
2020:03:27 21:10:32.146 [main] INFO  o.s.d.r.c.RepositoryConfigurationDelegate.registerRepositoriesIn(187) - Finished Spring Data repository scanning in 91ms. Found 5 JPA repository interfaces. 
2020:03:27 21:10:32.645 [main] INFO  o.s.c.s.PostProcessorRegistrationDelegate$BeanPostProcessorChecker.postProcessAfterInitialization(330) - Bean 'org.springframework.transaction.annotation.ProxyTransactionManagementConfiguration' of type [org.springframework.transaction.annotation.ProxyTransactionManagementConfiguration] is not eligible for getting processed by all BeanPostProcessors (for example: not eligible for auto-proxying) 
2020:03:27 21:10:33.079 [main] INFO  o.s.b.w.e.tomcat.TomcatWebServer.initialize(92) - Tomcat initialized with port(s): 8081 (http) 
2020:03:27 21:10:33.092 [main] INFO  o.a.coyote.http11.Http11NioProtocol.log(173) - Initializing ProtocolHandler ["http-nio-8081"] 
2020:03:27 21:10:33.092 [main] INFO  o.a.catalina.core.StandardService.log(173) - Starting service [Tomcat] 
2020:03:27 21:10:33.092 [main] INFO  o.a.catalina.core.StandardEngine.log(173) - Starting Servlet engine: [Apache Tomcat/9.0.30] 
2020:03:27 21:10:33.197 [main] INFO  o.a.c.c.C.[Tomcat].[localhost].[/].log(173) - Initializing Spring embedded WebApplicationContext 
2020:03:27 21:10:33.197 [main] INFO  o.s.web.context.ContextLoader.prepareWebApplicationContext(284) - Root WebApplicationContext: initialization completed in 2209 ms 
2020:03:27 21:10:33.266 [main] INFO  c.p.w.f.GlobalExceptionHandlerFilter.init(63) - Init Catching exception filter. 
2020:03:27 21:10:33.358 [main] INFO  com.zaxxer.hikari.HikariDataSource.getConnection(110) - HikariPool-1 - Starting... 
2020:03:27 21:10:33.360 [main] WARN  c.z.hikari.util.DriverDataSource.<init>(70) - Registered driver with driverClassName=com.mysql.jdbc.Driver was not found, trying direct instantiation. 
2020:03:27 21:10:33.596 [main] INFO  com.zaxxer.hikari.HikariDataSource.getConnection(123) - HikariPool-1 - Start completed. 
2020:03:27 21:10:34.890 [main] INFO  liquibase.executor.jvm.JdbcExecutor.info(42) - SELECT COUNT(*) FROM web_db.DATABASECHANGELOGLOCK 
2020:03:27 21:10:34.897 [main] INFO  liquibase.executor.jvm.JdbcExecutor.info(42) - SELECT COUNT(*) FROM web_db.DATABASECHANGELOGLOCK 
2020:03:27 21:10:34.900 [main] INFO  liquibase.executor.jvm.JdbcExecutor.info(42) - SELECT `LOCKED` FROM web_db.DATABASECHANGELOGLOCK WHERE ID=1 
2020:03:27 21:10:34.920 [main] INFO  l.lockservice.StandardLockService.info(42) - Successfully acquired change log lock 
2020:03:27 21:10:34.921 [main] INFO  l.command.core.DropAllCommand.info(42) - Dropping Database Objects in schema: web_db.web_db 
2020:03:27 21:10:34.984 [main] INFO  liquibase.executor.jvm.JdbcExecutor.info(42) - SELECT MD5SUM FROM web_db.DATABASECHANGELOG WHERE MD5SUM IS NOT NULL LIMIT 1 
2020:03:27 21:10:36.480 [main] INFO  liquibase.executor.jvm.JdbcExecutor.info(42) - SELECT @@FOREIGN_KEY_CHECKS 
2020:03:27 21:10:36.481 [main] INFO  liquibase.executor.jvm.JdbcExecutor.info(42) - SET FOREIGN_KEY_CHECKS=0 
2020:03:27 21:10:36.483 [main] INFO  liquibase.executor.jvm.JdbcExecutor.info(42) - DROP TABLE `web_db`.`header` 
2020:03:27 21:10:36.505 [main] INFO  liquibase.executor.jvm.JdbcExecutor.info(42) - DROP TABLE `web_db`.`news` 
2020:03:27 21:10:36.516 [main] INFO  liquibase.executor.jvm.JdbcExecutor.info(42) - DROP TABLE `web_db`.`team` 
2020:03:27 21:10:36.527 [main] INFO  liquibase.executor.jvm.JdbcExecutor.info(42) - DROP TABLE `web_db`.`user` 
2020:03:27 21:10:36.536 [main] INFO  liquibase.executor.jvm.JdbcExecutor.info(42) - SET FOREIGN_KEY_CHECKS=1 
2020:03:27 21:10:36.537 [main] INFO  liquibase.executor.jvm.JdbcExecutor.info(42) - SELECT COUNT(*) FROM `web_db`.`DATABASECHANGELOG` 
2020:03:27 21:10:36.681 [main] INFO  liquibase.executor.jvm.JdbcExecutor.info(42) - DROP TABLE `web_db`.`DATABASECHANGELOG` 
2020:03:27 21:10:36.692 [main] INFO  liquibase.executor.jvm.JdbcExecutor.info(42) - SELECT COUNT(*) FROM `web_db`.`DATABASECHANGELOGLOCK` 
2020:03:27 21:10:36.711 [main] INFO  liquibase.executor.jvm.JdbcExecutor.info(42) - DROP TABLE `web_db`.`DATABASECHANGELOGLOCK` 
2020:03:27 21:10:36.719 [main] INFO  l.database.core.MySQLDatabase.info(42) - Successfully deleted all supported object types in schema web_db.web_db. 
2020:03:27 21:10:36.720 [main] INFO  liquibase.executor.jvm.JdbcExecutor.info(42) - SELECT COUNT(*) FROM web_db.DATABASECHANGELOGLOCK 
2020:03:27 21:10:36.737 [main] INFO  l.lockservice.StandardLockService.info(42) - Successfully released change log lock 
2020:03:27 21:10:36.737 [main] INFO  liquibase.executor.jvm.JdbcExecutor.info(42) - SELECT COUNT(*) FROM web_db.DATABASECHANGELOGLOCK 
2020:03:27 21:10:36.739 [main] INFO  liquibase.executor.jvm.JdbcExecutor.info(42) - SELECT COUNT(*) FROM web_db.DATABASECHANGELOGLOCK 
2020:03:27 21:10:36.742 [main] INFO  liquibase.executor.jvm.JdbcExecutor.info(42) - CREATE TABLE web_db.DATABASECHANGELOGLOCK (ID INT NOT NULL, `LOCKED` BIT(1) NOT NULL, LOCKGRANTED datetime NULL, LOCKEDBY VARCHAR(255) NULL, CONSTRAINT PK_DATABASECHANGELOGLOCK PRIMARY KEY (ID)) 
2020:03:27 21:10:36.773 [main] INFO  liquibase.executor.jvm.JdbcExecutor.info(42) - SELECT COUNT(*) FROM web_db.DATABASECHANGELOGLOCK 
2020:03:27 21:10:36.779 [main] INFO  liquibase.executor.jvm.JdbcExecutor.info(42) - DELETE FROM web_db.DATABASECHANGELOGLOCK 
2020:03:27 21:10:36.784 [main] INFO  liquibase.executor.jvm.JdbcExecutor.info(42) - INSERT INTO web_db.DATABASECHANGELOGLOCK (ID, `LOCKED`) VALUES (1, 0) 
2020:03:27 21:10:36.792 [main] INFO  liquibase.executor.jvm.JdbcExecutor.info(42) - SELECT `LOCKED` FROM web_db.DATABASECHANGELOGLOCK WHERE ID=1 
2020:03:27 21:10:36.800 [main] INFO  l.lockservice.StandardLockService.info(42) - Successfully acquired change log lock 
2020:03:27 21:10:37.085 [main] INFO  l.c.StandardChangeLogHistoryService.info(42) - Creating database history table with name: web_db.DATABASECHANGELOG 
2020:03:27 21:10:37.087 [main] INFO  liquibase.executor.jvm.JdbcExecutor.info(42) - CREATE TABLE web_db.DATABASECHANGELOG (ID VARCHAR(255) NOT NULL, AUTHOR VARCHAR(255) NOT NULL, FILENAME VARCHAR(255) NOT NULL, DATEEXECUTED datetime NOT NULL, ORDEREXECUTED INT NOT NULL, EXECTYPE VARCHAR(10) NOT NULL, MD5SUM VARCHAR(35) NULL, `DESCRIPTION` VARCHAR(255) NULL, COMMENTS VARCHAR(255) NULL, TAG VARCHAR(255) NULL, LIQUIBASE VARCHAR(20) NULL, CONTEXTS VARCHAR(255) NULL, LABELS VARCHAR(255) NULL, DEPLOYMENT_ID VARCHAR(10) NULL) 
2020:03:27 21:10:37.130 [main] INFO  liquibase.executor.jvm.JdbcExecutor.info(42) - SELECT COUNT(*) FROM web_db.DATABASECHANGELOG 
2020:03:27 21:10:37.133 [main] INFO  l.c.StandardChangeLogHistoryService.info(42) - Reading from web_db.DATABASECHANGELOG 
2020:03:27 21:10:37.134 [main] INFO  liquibase.executor.jvm.JdbcExecutor.info(42) - SELECT * FROM web_db.DATABASECHANGELOG ORDER BY DATEEXECUTED ASC, ORDEREXECUTED ASC 
2020:03:27 21:10:37.138 [main] INFO  liquibase.executor.jvm.JdbcExecutor.info(42) - SELECT COUNT(*) FROM web_db.DATABASECHANGELOGLOCK 
2020:03:27 21:10:37.222 [main] INFO  liquibase.executor.jvm.JdbcExecutor.info(42) - CREATE TABLE web_db.team (id INT AUTO_INCREMENT NOT NULL, name VARCHAR(500) NULL, position VARCHAR(500) NULL, detail TEXT NULL, image VARCHAR(500) NULL, created_time timestamp NULL, updated_time timestamp NULL, is_deleted BIT(1) NULL, CONSTRAINT PK_TEAM PRIMARY KEY (id))ENGINE=INNODB CHARSET=utf8mb4 COLLATE utf8mb4_unicode_520_ci 
2020:03:27 21:10:37.244 [main] INFO  liquibase.changelog.ChangeSet.info(42) - Table team created 
2020:03:27 21:10:37.245 [main] INFO  liquibase.changelog.ChangeSet.info(42) - ChangeSet liquibase/team/team.xml::create_table_team::ngocnd ran successfully in 26ms 
2020:03:27 21:10:37.247 [main] INFO  liquibase.executor.jvm.JdbcExecutor.info(42) - SELECT MAX(ORDEREXECUTED) FROM web_db.DATABASECHANGELOG 
2020:03:27 21:10:37.250 [main] INFO  liquibase.executor.jvm.JdbcExecutor.info(42) - INSERT INTO web_db.DATABASECHANGELOG (ID, AUTHOR, FILENAME, DATEEXECUTED, ORDEREXECUTED, MD5SUM, `DESCRIPTION`, COMMENTS, EXECTYPE, CONTEXTS, LABELS, LIQUIBASE, DEPLOYMENT_ID) VALUES ('create_table_team', 'ngocnd', 'liquibase/team/team.xml', NOW(), 1, '8:d99829560782fc7692a668bb4d4378ef', 'createTable tableName=team', '', 'EXECUTED', NULL, NULL, '3.8.5', '5318237141') 
2020:03:27 21:10:37.256 [main] INFO  liquibase.executor.jvm.JdbcExecutor.info(42) - CREATE TABLE web_db.news (id INT AUTO_INCREMENT NOT NULL, title VARCHAR(500) NULL, `description` TEXT NULL, image VARCHAR(500) NULL, created_time timestamp NULL, updated_time timestamp NULL, is_deleted BIT(1) NULL, CONSTRAINT PK_NEWS PRIMARY KEY (id))ENGINE=INNODB CHARSET=utf8mb4 COLLATE utf8mb4_unicode_520_ci 
2020:03:27 21:10:37.276 [main] INFO  liquibase.changelog.ChangeSet.info(42) - Table news created 
2020:03:27 21:10:37.278 [main] INFO  liquibase.changelog.ChangeSet.info(42) - ChangeSet liquibase/news/news.xml::create_table_news::ngocnd ran successfully in 24ms 
2020:03:27 21:10:37.281 [main] INFO  liquibase.executor.jvm.JdbcExecutor.info(42) - INSERT INTO web_db.DATABASECHANGELOG (ID, AUTHOR, FILENAME, DATEEXECUTED, ORDEREXECUTED, MD5SUM, `DESCRIPTION`, COMMENTS, EXECTYPE, CONTEXTS, LABELS, LIQUIBASE, DEPLOYMENT_ID) VALUES ('create_table_news', 'ngocnd', 'liquibase/news/news.xml', NOW(), 2, '8:1fe85673dcf4c37658da4d4415c5491d', 'createTable tableName=news', '', 'EXECUTED', NULL, NULL, '3.8.5', '5318237141') 
2020:03:27 21:10:37.298 [main] INFO  liquibase.executor.jvm.JdbcExecutor.info(42) - CREATE TABLE web_db.header (id INT AUTO_INCREMENT NOT NULL, title VARCHAR(500) NULL, phone VARCHAR(500) NULL, work_time VARCHAR(500) NULL, email VARCHAR(500) NULL, CONSTRAINT PK_HEADER PRIMARY KEY (id))ENGINE=INNODB CHARSET=utf8mb4 COLLATE utf8mb4_unicode_520_ci 
2020:03:27 21:10:37.324 [main] INFO  liquibase.changelog.ChangeSet.info(42) - Table header created 
2020:03:27 21:10:37.326 [main] INFO  liquibase.changelog.ChangeSet.info(42) - ChangeSet liquibase/header/header.xml::create_table_header::ngocnd ran successfully in 33ms 
2020:03:27 21:10:37.329 [main] INFO  liquibase.executor.jvm.JdbcExecutor.info(42) - INSERT INTO web_db.DATABASECHANGELOG (ID, AUTHOR, FILENAME, DATEEXECUTED, ORDEREXECUTED, MD5SUM, `DESCRIPTION`, COMMENTS, EXECTYPE, CONTEXTS, LABELS, LIQUIBASE, DEPLOYMENT_ID) VALUES ('create_table_header', 'ngocnd', 'liquibase/header/header.xml', NOW(), 3, '8:797b370788bb4210b8e9f91c1df4d4c3', 'createTable tableName=header', '', 'EXECUTED', NULL, NULL, '3.8.5', '5318237141') 
2020:03:27 21:10:37.344 [main] INFO  liquibase.executor.jvm.JdbcExecutor.info(42) - CREATE TABLE web_db.user (id INT AUTO_INCREMENT NOT NULL, username VARCHAR(500) NULL, password VARCHAR(500) NULL, `role` VARCHAR(500) NULL, name VARCHAR(500) NULL, created_time timestamp DEFAULT NOW() NULL, updated_time timestamp DEFAULT NOW() NULL, is_deleted BIT(1) DEFAULT 0 NULL, CONSTRAINT PK_USER PRIMARY KEY (id))ENGINE=INNODB CHARSET=utf8mb4 COLLATE utf8mb4_unicode_520_ci 
2020:03:27 21:10:37.374 [main] INFO  liquibase.changelog.ChangeSet.info(42) - Table user created 
2020:03:27 21:10:37.377 [main] INFO  liquibase.changelog.ChangeSet.info(42) - ChangeSet liquibase/user/user.xml::create_table_user::ngocnd ran successfully in 39ms 
2020:03:27 21:10:37.380 [main] INFO  liquibase.executor.jvm.JdbcExecutor.info(42) - INSERT INTO web_db.DATABASECHANGELOG (ID, AUTHOR, FILENAME, DATEEXECUTED, ORDEREXECUTED, MD5SUM, `DESCRIPTION`, COMMENTS, EXECTYPE, CONTEXTS, LABELS, LIQUIBASE, DEPLOYMENT_ID) VALUES ('create_table_user', 'ngocnd', 'liquibase/user/user.xml', NOW(), 4, '8:e805fd2db57fd6c3c55dbe002e590abc', 'createTable tableName=user', '', 'EXECUTED', NULL, NULL, '3.8.5', '5318237141') 
2020:03:27 21:10:37.391 [main] INFO  liquibase.executor.jvm.JdbcExecutor.info(42) - INSERT INTO web_db.user (username, password, name, `role`) VALUES ('admin', '$2a$10$CYelMTWANaYs.NSIbkH7v.eBNkvXbWzs1pgkX5er6r8DxeKy25x2e', 'Admin', 'ADMIN') 
2020:03:27 21:10:37.394 [main] INFO  liquibase.changelog.ChangeSet.info(42) - New row inserted into user 
2020:03:27 21:10:37.395 [main] INFO  liquibase.executor.jvm.JdbcExecutor.info(42) - INSERT INTO web_db.user (username, password, name, `role`) VALUES ('mod', '$2a$10$CYelMTWANaYs.NSIbkH7v.eBNkvXbWzs1pgkX5er6r8DxeKy25x2e', 'Mod', 'COMPANY_ADMIN') 
2020:03:27 21:10:37.397 [main] INFO  liquibase.changelog.ChangeSet.info(42) - New row inserted into user 
2020:03:27 21:10:37.400 [main] INFO  liquibase.changelog.ChangeSet.info(42) - ChangeSet liquibase/user/data.xml::insert_user::ngocnd ran successfully in 11ms 
2020:03:27 21:10:37.402 [main] INFO  liquibase.executor.jvm.JdbcExecutor.info(42) - INSERT INTO web_db.DATABASECHANGELOG (ID, AUTHOR, FILENAME, DATEEXECUTED, ORDEREXECUTED, MD5SUM, `DESCRIPTION`, COMMENTS, EXECTYPE, CONTEXTS, LABELS, LIQUIBASE, DEPLOYMENT_ID) VALUES ('insert_user', 'ngocnd', 'liquibase/user/data.xml', NOW(), 5, '8:f8d63380a448dc6c086e3c90e8fc5d18', 'insert tableName=user; insert tableName=user', '', 'EXECUTED', NULL, NULL, '3.8.5', '5318237141') 
2020:03:27 21:10:37.408 [main] INFO  liquibase.executor.jvm.JdbcExecutor.info(42) - CREATE TABLE web_db.about (id INT AUTO_INCREMENT NOT NULL, title VARCHAR(500) NULL, `description` TEXT NULL, created_time timestamp NULL, updated_time timestamp NULL, is_deleted BIT(1) NULL, CONSTRAINT PK_ABOUT PRIMARY KEY (id))ENGINE=INNODB CHARSET=utf8mb4 COLLATE utf8mb4_unicode_520_ci 
2020:03:27 21:10:37.423 [main] INFO  liquibase.changelog.ChangeSet.info(42) - Table about created 
2020:03:27 21:10:37.424 [main] INFO  liquibase.changelog.ChangeSet.info(42) - ChangeSet liquibase/about/about.xml::create_table_about::nthtra ran successfully in 18ms 
2020:03:27 21:10:37.425 [main] INFO  liquibase.executor.jvm.JdbcExecutor.info(42) - INSERT INTO web_db.DATABASECHANGELOG (ID, AUTHOR, FILENAME, DATEEXECUTED, ORDEREXECUTED, MD5SUM, `DESCRIPTION`, COMMENTS, EXECTYPE, CONTEXTS, LABELS, LIQUIBASE, DEPLOYMENT_ID) VALUES ('create_table_about', 'nthtra', 'liquibase/about/about.xml', NOW(), 6, '8:f7d7783de8bf004670a566e5c289aeac', 'createTable tableName=about', '', 'EXECUTED', NULL, NULL, '3.8.5', '5318237141') 
2020:03:27 21:10:37.432 [main] INFO  l.lockservice.StandardLockService.info(42) - Successfully released change log lock 
2020:03:27 21:10:37.588 [main] INFO  o.h.jpa.internal.util.LogHelper.logPersistenceUnitInformation(31) - HHH000204: Processing PersistenceUnitInfo [name: default] 
2020:03:27 21:10:37.695 [main] INFO  org.hibernate.Version.logVersion(46) - HHH000412: Hibernate Core {5.4.10.Final} 
2020:03:27 21:10:37.884 [main] INFO  o.h.annotations.common.Version.<clinit>(49) - HCANN000001: Hibernate Commons Annotations {5.1.0.Final} 
2020:03:27 21:10:38.029 [main] INFO  org.hibernate.dialect.Dialect.<init>(172) - HHH000400: Using dialect: org.hibernate.dialect.MySQL57Dialect 
2020:03:27 21:10:38.875 [main] INFO  o.h.e.t.j.p.i.JtaPlatformInitiator.initiateService(52) - HHH000490: Using JtaPlatform implementation: [org.hibernate.engine.transaction.jta.platform.internal.NoJtaPlatform] 
2020:03:27 21:10:38.892 [main] INFO  o.s.o.j.LocalContainerEntityManagerFactoryBean.buildNativeEntityManagerFactory(416) - Initialized JPA EntityManagerFactory for persistence unit 'default' 
2020:03:27 21:10:39.361 [main] WARN  o.s.b.a.o.j.JpaBaseConfiguration$JpaWebConfiguration.openEntityManagerInViewInterceptor(220) - spring.jpa.open-in-view is enabled by default. Therefore, database queries may be performed during view rendering. Explicitly configure spring.jpa.open-in-view to disable this warning 
2020:03:27 21:10:40.340 [main] INFO  c.p.web.security.SecurityConfig.configure(41) - Enable application security. 
2020:03:27 21:10:40.357 [main] INFO  o.s.s.web.DefaultSecurityFilterChain.<init>(43) - Creating filter chain: Ant [pattern='/libs/**'], [] 
2020:03:27 21:10:40.357 [main] INFO  o.s.s.web.DefaultSecurityFilterChain.<init>(43) - Creating filter chain: Ant [pattern='/custom/**'], [] 
2020:03:27 21:10:40.357 [main] INFO  o.s.s.web.DefaultSecurityFilterChain.<init>(43) - Creating filter chain: Ant [pattern='/js/**'], [] 
2020:03:27 21:10:40.357 [main] INFO  o.s.s.web.DefaultSecurityFilterChain.<init>(43) - Creating filter chain: Ant [pattern='/icon/**'], [] 
2020:03:27 21:10:40.358 [main] INFO  o.s.s.web.DefaultSecurityFilterChain.<init>(43) - Creating filter chain: Ant [pattern='/images/**'], [] 
2020:03:27 21:10:40.358 [main] INFO  o.s.s.web.DefaultSecurityFilterChain.<init>(43) - Creating filter chain: Ant [pattern='/favicon.ico/**'], [] 
2020:03:27 21:10:40.358 [main] INFO  o.s.s.web.DefaultSecurityFilterChain.<init>(43) - Creating filter chain: Ant [pattern='/webjars/springfox-swagger-ui/**'], [] 
2020:03:27 21:10:40.358 [main] INFO  o.s.s.web.DefaultSecurityFilterChain.<init>(43) - Creating filter chain: Ant [pattern='/swagger-ui.html/**'], [] 
2020:03:27 21:10:40.358 [main] INFO  o.s.s.web.DefaultSecurityFilterChain.<init>(43) - Creating filter chain: Ant [pattern='/swagger-resources/**'], [] 
2020:03:27 21:10:40.358 [main] INFO  o.s.s.web.DefaultSecurityFilterChain.<init>(43) - Creating filter chain: Ant [pattern='/v1/api-docs'], [] 
2020:03:27 21:10:40.406 [main] INFO  o.s.s.web.DefaultSecurityFilterChain.<init>(43) - Creating filter chain: any request, [org.springframework.security.web.context.request.async.WebAsyncManagerIntegrationFilter@6fb1dd9d, org.springframework.security.web.context.SecurityContextPersistenceFilter@6b869242, org.springframework.security.web.header.HeaderWriterFilter@60d5c16, org.springframework.security.web.authentication.logout.LogoutFilter@79f3d15f, org.springframework.security.web.authentication.UsernamePasswordAuthenticationFilter@6a3b205, org.springframework.security.web.savedrequest.RequestCacheAwareFilter@25daa0a0, org.springframework.security.web.servletapi.SecurityContextHolderAwareRequestFilter@1f0eabb8, org.springframework.security.web.authentication.AnonymousAuthenticationFilter@749979f4, org.springframework.security.web.session.SessionManagementFilter@21d297a, org.springframework.security.web.access.ExceptionTranslationFilter@495590a7, org.springframework.security.web.access.intercept.FilterSecurityInterceptor@7a203af7] 
2020:03:27 21:10:40.559 [main] INFO  o.s.s.c.ThreadPoolTaskExecutor.initialize(171) - Initializing ExecutorService 'applicationTaskExecutor' 
2020:03:27 21:10:41.107 [main] INFO  s.d.s.w.p.DocumentationPluginsBootstrapper.start(120) - Context refreshed 
2020:03:27 21:10:41.131 [main] INFO  s.d.s.w.p.DocumentationPluginsBootstrapper.start(123) - Found 1 custom documentation plugin(s) 
2020:03:27 21:10:41.144 [main] INFO  s.d.s.w.s.ApiListingReferenceScanner.scan(41) - Scanning for api listing references 
2020:03:27 21:10:41.475 [main] INFO  s.d.s.w.r.o.CachingOperationNameGenerator.startingWith(40) - Generating unique operation named: getUsingGET_1 
2020:03:27 21:10:41.496 [main] INFO  s.d.s.w.r.o.CachingOperationNameGenerator.startingWith(40) - Generating unique operation named: saveUsingPOST_1 
2020:03:27 21:10:41.506 [main] INFO  s.d.s.w.r.o.CachingOperationNameGenerator.startingWith(40) - Generating unique operation named: getUsingGET_2 
2020:03:27 21:10:41.514 [main] INFO  s.d.s.w.r.o.CachingOperationNameGenerator.startingWith(40) - Generating unique operation named: getListUsingGET_1 
2020:03:27 21:10:41.519 [main] INFO  s.d.s.w.r.o.CachingOperationNameGenerator.startingWith(40) - Generating unique operation named: saveUsingPOST_2 
2020:03:27 21:10:41.534 [main] INFO  s.d.s.w.r.o.CachingOperationNameGenerator.startingWith(40) - Generating unique operation named: getUsingGET_3 
2020:03:27 21:10:41.570 [main] INFO  o.a.coyote.http11.Http11NioProtocol.log(173) - Starting ProtocolHandler ["http-nio-8081"] 
2020:03:27 21:10:41.596 [main] INFO  o.s.b.w.e.tomcat.TomcatWebServer.start(204) - Tomcat started on port(s): 8081 (http) with context path '' 
2020:03:27 21:10:41.600 [main] INFO  com.project.web.WebApplication.logStarted(61) - Started WebApplication in 11.424 seconds (JVM running for 14.539) 
2020:03:27 21:10:50.659 [http-nio-8081-exec-1] INFO  o.a.c.c.C.[Tomcat].[localhost].[/].log(173) - Initializing Spring DispatcherServlet 'dispatcherServlet' 
2020:03:27 21:10:50.660 [http-nio-8081-exec-1] INFO  o.s.web.servlet.DispatcherServlet.initServletBean(525) - Initializing Servlet 'dispatcherServlet' 
2020:03:27 21:10:50.668 [http-nio-8081-exec-1] INFO  o.s.web.servlet.DispatcherServlet.initServletBean(547) - Completed initialization in 8 ms 
2020:03:27 21:11:00.171 [http-nio-8081-exec-9] WARN  n.n.u.t.fragments.FragmentProcessor.invoke0(-2) - You don't need to put the layout:fragment/data-layout-fragment attribute into the <head> section - the decoration process will automatically copy the <head> section of your content templates into your layout page. 
2020:03:27 21:11:16.188 [http-nio-8081-exec-1] INFO  c.project.web.web.api.UploadFileAPI.uploadFile(26) - Call api upload image 
2020:03:27 21:26:23.975 [http-nio-8081-exec-5] INFO  o.s.d.r.c.RepositoryConfigurationDelegate.registerRepositoriesIn(127) - Bootstrapping Spring Data JPA repositories in DEFAULT mode. 
2020:03:27 21:26:24.026 [http-nio-8081-exec-5] INFO  o.s.d.r.c.RepositoryConfigurationDelegate.registerRepositoriesIn(187) - Finished Spring Data repository scanning in 50ms. Found 1 JPA repository interfaces. 
2020:03:27 21:28:50.049 [http-nio-8081-exec-10] INFO  o.s.d.r.c.RepositoryConfigurationDelegate.registerRepositoriesIn(127) - Bootstrapping Spring Data JPA repositories in DEFAULT mode. 
2020:03:27 21:28:50.060 [http-nio-8081-exec-10] INFO  o.s.d.r.c.RepositoryConfigurationDelegate.registerRepositoriesIn(187) - Finished Spring Data repository scanning in 10ms. Found 0 JPA repository interfaces. 
2020:03:27 22:15:21.824 [http-nio-8081-exec-9] INFO  c.project.web.web.api.UploadFileAPI.uploadFile(26) - Call api upload image 
2020:03:27 22:16:10.310 [http-nio-8081-exec-7] INFO  c.project.web.web.api.UploadFileAPI.uploadFile(26) - Call api upload image 
2020:03:27 22:16:45.574 [http-nio-8081-exec-3] INFO  c.project.web.web.api.UploadFileAPI.uploadFile(26) - Call api upload image 
2020:03:27 22:20:28.111 [http-nio-8081-exec-8] INFO  c.project.web.web.api.UploadFileAPI.uploadFile(26) - Call api upload image 
2020:03:27 22:38:42.826 [http-nio-8081-exec-5] INFO  c.project.web.web.api.UploadFileAPI.uploadFile(26) - Call api upload image 
2020:03:27 22:39:08.204 [SpringContextShutdownHook] INFO  o.s.s.c.ThreadPoolTaskExecutor.shutdown(208) - Shutting down ExecutorService 'applicationTaskExecutor' 
2020:03:27 22:39:08.210 [SpringContextShutdownHook] INFO  o.s.o.j.LocalContainerEntityManagerFactoryBean.destroy(598) - Closing JPA EntityManagerFactory for persistence unit 'default' 
2020:03:27 22:39:08.215 [SpringContextShutdownHook] INFO  com.zaxxer.hikari.HikariDataSource.close(350) - HikariPool-1 - Shutdown initiated... 
2020:03:27 22:39:08.224 [SpringContextShutdownHook] INFO  com.zaxxer.hikari.HikariDataSource.close(352) - HikariPool-1 - Shutdown completed. 
