2020:04:28 09:59:24.283 [main] INFO  o.s.b.d.r.RestartApplicationListener.onApplicationStartingEvent(72) - Restart disabled due to an agent-based reloader being active 
2020:04:28 09:59:26.136 [main] INFO  com.project.web.WebApplication.logStarting(55) - Starting WebApplication on ngocnd with PID 13655 (/home/ngocnd/rabiloo/aydia-PJ/web/target/classes started by ngocnd in /home/ngocnd/rabiloo/aydia-PJ/web) 
2020:04:28 09:59:26.137 [main] INFO  com.project.web.WebApplication.logStartupProfileInfo(651) - No active profile set, falling back to default profiles: default 
2020:04:28 09:59:26.873 [main] INFO  o.s.b.d.restart.ChangeableUrls.logTo(225) - The Class-Path manifest attribute in /home/ngocnd/.m2/repository/org/glassfish/jaxb/jaxb-runtime/2.3.2/jaxb-runtime-2.3.2.jar referenced one or more files that do not exist: file:/home/ngocnd/.m2/repository/org/glassfish/jaxb/jaxb-runtime/2.3.2/jakarta.xml.bind-api-2.3.2.jar,file:/home/ngocnd/.m2/repository/org/glassfish/jaxb/jaxb-runtime/2.3.2/txw2-2.3.2.jar,file:/home/ngocnd/.m2/repository/org/glassfish/jaxb/jaxb-runtime/2.3.2/istack-commons-runtime-3.0.8.jar,file:/home/ngocnd/.m2/repository/org/glassfish/jaxb/jaxb-runtime/2.3.2/stax-ex-1.8.1.jar,file:/home/ngocnd/.m2/repository/org/glassfish/jaxb/jaxb-runtime/2.3.2/FastInfoset-1.2.16.jar,file:/home/ngocnd/.m2/repository/org/glassfish/jaxb/jaxb-runtime/2.3.2/jakarta.activation-api-1.2.1.jar 
2020:04:28 09:59:26.874 [main] INFO  o.s.b.d.e.DevToolsPropertyDefaultsPostProcessor.logTo(225) - Devtools property defaults active! Set 'spring.devtools.add-properties' to 'false' to disable 
2020:04:28 09:59:26.874 [main] INFO  o.s.b.d.e.DevToolsPropertyDefaultsPostProcessor.logTo(225) - For additional web related logging consider setting the 'logging.level.web' property to 'DEBUG' 
2020:04:28 09:59:29.725 [main] INFO  o.s.d.r.c.RepositoryConfigurationDelegate.registerRepositoriesIn(127) - Bootstrapping Spring Data JPA repositories in DEFAULT mode. 
2020:04:28 09:59:29.939 [main] INFO  o.s.d.r.c.RepositoryConfigurationDelegate.registerRepositoriesIn(187) - Finished Spring Data repository scanning in 182ms. Found 7 JPA repository interfaces. 
2020:04:28 09:59:30.725 [main] INFO  o.s.c.s.PostProcessorRegistrationDelegate$BeanPostProcessorChecker.postProcessAfterInitialization(330) - Bean 'org.springframework.transaction.annotation.ProxyTransactionManagementConfiguration' of type [org.springframework.transaction.annotation.ProxyTransactionManagementConfiguration] is not eligible for getting processed by all BeanPostProcessors (for example: not eligible for auto-proxying) 
2020:04:28 09:59:31.708 [main] INFO  o.s.b.w.e.tomcat.TomcatWebServer.initialize(92) - Tomcat initialized with port(s): 8081 (http) 
2020:04:28 09:59:31.756 [main] INFO  o.a.coyote.http11.Http11NioProtocol.log(173) - Initializing ProtocolHandler ["http-nio-8081"] 
2020:04:28 09:59:31.756 [main] INFO  o.a.catalina.core.StandardService.log(173) - Starting service [Tomcat] 
2020:04:28 09:59:31.757 [main] INFO  o.a.catalina.core.StandardEngine.log(173) - Starting Servlet engine: [Apache Tomcat/9.0.30] 
2020:04:28 09:59:31.957 [main] INFO  o.a.c.c.C.[Tomcat].[localhost].[/].log(173) - Initializing Spring embedded WebApplicationContext 
2020:04:28 09:59:31.958 [main] INFO  o.s.web.context.ContextLoader.prepareWebApplicationContext(284) - Root WebApplicationContext: initialization completed in 5083 ms 
2020:04:28 09:59:32.271 [main] INFO  c.p.w.f.GlobalExceptionHandlerFilter.init(49) - Init Catching exception filter. 
2020:04:28 09:59:32.398 [main] INFO  com.zaxxer.hikari.HikariDataSource.getConnection(110) - HikariPool-1 - Starting... 
2020:04:28 09:59:32.404 [main] WARN  c.z.hikari.util.DriverDataSource.<init>(70) - Registered driver with driverClassName=com.mysql.jdbc.Driver was not found, trying direct instantiation. 
2020:04:28 09:59:33.107 [main] INFO  com.zaxxer.hikari.HikariDataSource.getConnection(123) - HikariPool-1 - Start completed. 
2020:04:28 09:59:35.146 [main] INFO  liquibase.executor.jvm.JdbcExecutor.info(42) - SELECT COUNT(*) FROM web_db.DATABASECHANGELOGLOCK 
2020:04:28 09:59:35.186 [main] INFO  liquibase.executor.jvm.JdbcExecutor.info(42) - SELECT COUNT(*) FROM web_db.DATABASECHANGELOGLOCK 
2020:04:28 09:59:35.189 [main] INFO  liquibase.executor.jvm.JdbcExecutor.info(42) - SELECT `LOCKED` FROM web_db.DATABASECHANGELOGLOCK WHERE ID=1 
2020:04:28 09:59:35.231 [main] INFO  l.lockservice.StandardLockService.info(42) - Successfully acquired change log lock 
2020:04:28 09:59:37.691 [main] INFO  liquibase.executor.jvm.JdbcExecutor.info(42) - SELECT MD5SUM FROM web_db.DATABASECHANGELOG WHERE MD5SUM IS NOT NULL LIMIT 1 
2020:04:28 09:59:37.695 [main] INFO  liquibase.executor.jvm.JdbcExecutor.info(42) - SELECT COUNT(*) FROM web_db.DATABASECHANGELOG 
2020:04:28 09:59:37.696 [main] INFO  l.c.StandardChangeLogHistoryService.info(42) - Reading from web_db.DATABASECHANGELOG 
2020:04:28 09:59:37.697 [main] INFO  liquibase.executor.jvm.JdbcExecutor.info(42) - SELECT * FROM web_db.DATABASECHANGELOG ORDER BY DATEEXECUTED ASC, ORDEREXECUTED ASC 
2020:04:28 09:59:37.761 [main] INFO  l.lockservice.StandardLockService.info(42) - Successfully released change log lock 
2020:04:28 09:59:38.020 [main] INFO  o.h.jpa.internal.util.LogHelper.logPersistenceUnitInformation(31) - HHH000204: Processing PersistenceUnitInfo [name: default] 
2020:04:28 09:59:38.237 [main] INFO  org.hibernate.Version.logVersion(46) - HHH000412: Hibernate Core {5.4.10.Final} 
2020:04:28 09:59:38.689 [main] INFO  o.h.annotations.common.Version.<clinit>(49) - HCANN000001: Hibernate Commons Annotations {5.1.0.Final} 
2020:04:28 09:59:39.013 [main] INFO  org.hibernate.dialect.Dialect.<init>(172) - HHH000400: Using dialect: org.hibernate.dialect.MySQL57Dialect 
2020:04:28 09:59:40.774 [main] INFO  o.h.e.t.j.p.i.JtaPlatformInitiator.initiateService(52) - HHH000490: Using JtaPlatform implementation: [org.hibernate.engine.transaction.jta.platform.internal.NoJtaPlatform] 
2020:04:28 09:59:40.797 [main] INFO  o.s.o.j.LocalContainerEntityManagerFactoryBean.buildNativeEntityManagerFactory(416) - Initialized JPA EntityManagerFactory for persistence unit 'default' 
2020:04:28 09:59:41.758 [main] WARN  o.s.b.a.o.j.JpaBaseConfiguration$JpaWebConfiguration.openEntityManagerInViewInterceptor(220) - spring.jpa.open-in-view is enabled by default. Therefore, database queries may be performed during view rendering. Explicitly configure spring.jpa.open-in-view to disable this warning 
2020:04:28 09:59:42.866 [main] INFO  c.p.web.security.SecurityConfig.configure(41) - Enable application security. 
2020:04:28 09:59:42.890 [main] INFO  o.s.s.web.DefaultSecurityFilterChain.<init>(43) - Creating filter chain: Ant [pattern='/libs/**'], [] 
2020:04:28 09:59:42.890 [main] INFO  o.s.s.web.DefaultSecurityFilterChain.<init>(43) - Creating filter chain: Ant [pattern='/custom/**'], [] 
2020:04:28 09:59:42.890 [main] INFO  o.s.s.web.DefaultSecurityFilterChain.<init>(43) - Creating filter chain: Ant [pattern='/js/**'], [] 
2020:04:28 09:59:42.890 [main] INFO  o.s.s.web.DefaultSecurityFilterChain.<init>(43) - Creating filter chain: Ant [pattern='/icon/**'], [] 
2020:04:28 09:59:42.890 [main] INFO  o.s.s.web.DefaultSecurityFilterChain.<init>(43) - Creating filter chain: Ant [pattern='/images/**'], [] 
2020:04:28 09:59:42.891 [main] INFO  o.s.s.web.DefaultSecurityFilterChain.<init>(43) - Creating filter chain: Ant [pattern='/favicon.ico/**'], [] 
2020:04:28 09:59:42.891 [main] INFO  o.s.s.web.DefaultSecurityFilterChain.<init>(43) - Creating filter chain: Ant [pattern='/webjars/springfox-swagger-ui/**'], [] 
2020:04:28 09:59:42.891 [main] INFO  o.s.s.web.DefaultSecurityFilterChain.<init>(43) - Creating filter chain: Ant [pattern='/swagger-ui.html/**'], [] 
2020:04:28 09:59:42.891 [main] INFO  o.s.s.web.DefaultSecurityFilterChain.<init>(43) - Creating filter chain: Ant [pattern='/swagger-resources/**'], [] 
2020:04:28 09:59:42.891 [main] INFO  o.s.s.web.DefaultSecurityFilterChain.<init>(43) - Creating filter chain: Ant [pattern='/v1/api-docs'], [] 
2020:04:28 09:59:42.958 [main] INFO  o.s.s.web.DefaultSecurityFilterChain.<init>(43) - Creating filter chain: any request, [org.springframework.security.web.context.request.async.WebAsyncManagerIntegrationFilter@66ebcedc, org.springframework.security.web.context.SecurityContextPersistenceFilter@17986461, org.springframework.security.web.header.HeaderWriterFilter@197b3405, org.springframework.security.web.authentication.logout.LogoutFilter@a7a86e4, org.springframework.security.web.authentication.UsernamePasswordAuthenticationFilter@264c8bfe, org.springframework.security.web.savedrequest.RequestCacheAwareFilter@1c50d00, org.springframework.security.web.servletapi.SecurityContextHolderAwareRequestFilter@1d8822cf, org.springframework.security.web.authentication.AnonymousAuthenticationFilter@739a77fc, org.springframework.security.web.session.SessionManagementFilter@5b529549, org.springframework.security.web.access.ExceptionTranslationFilter@2346229d, org.springframework.security.web.access.intercept.FilterSecurityInterceptor@31aba80a] 
2020:04:28 09:59:43.137 [main] INFO  o.s.s.c.ThreadPoolTaskExecutor.initialize(171) - Initializing ExecutorService 'applicationTaskExecutor' 
2020:04:28 09:59:43.253 [main] INFO  o.s.b.d.a.OptionalLiveReloadServer.startServer(58) - LiveReload server is running on port 35729 
2020:04:28 09:59:44.185 [main] INFO  s.d.s.w.p.DocumentationPluginsBootstrapper.start(120) - Context refreshed 
2020:04:28 09:59:44.219 [main] INFO  s.d.s.w.p.DocumentationPluginsBootstrapper.start(123) - Found 1 custom documentation plugin(s) 
2020:04:28 09:59:44.239 [main] INFO  s.d.s.w.s.ApiListingReferenceScanner.scan(41) - Scanning for api listing references 
2020:04:28 09:59:44.604 [main] INFO  s.d.s.w.r.o.CachingOperationNameGenerator.startingWith(40) - Generating unique operation named: getAllUsingGET_1 
2020:04:28 09:59:44.614 [main] INFO  s.d.s.w.r.o.CachingOperationNameGenerator.startingWith(40) - Generating unique operation named: saveUsingPOST_1 
2020:04:28 09:59:44.664 [main] INFO  s.d.s.w.r.o.CachingOperationNameGenerator.startingWith(40) - Generating unique operation named: saveUsingPOST_2 
2020:04:28 09:59:44.700 [main] INFO  s.d.s.w.r.o.CachingOperationNameGenerator.startingWith(40) - Generating unique operation named: getUsingGET_1 
2020:04:28 09:59:44.705 [main] INFO  s.d.s.w.r.o.CachingOperationNameGenerator.startingWith(40) - Generating unique operation named: getListUsingGET_1 
2020:04:28 09:59:44.714 [main] INFO  s.d.s.w.r.o.CachingOperationNameGenerator.startingWith(40) - Generating unique operation named: getListUsingGET_2 
2020:04:28 09:59:44.722 [main] INFO  s.d.s.w.r.o.CachingOperationNameGenerator.startingWith(40) - Generating unique operation named: saveUsingPOST_3 
2020:04:28 09:59:44.732 [main] INFO  s.d.s.w.r.o.CachingOperationNameGenerator.startingWith(40) - Generating unique operation named: getUsingGET_2 
2020:04:28 09:59:44.735 [main] INFO  s.d.s.w.r.o.CachingOperationNameGenerator.startingWith(40) - Generating unique operation named: getListUsingGET_3 
2020:04:28 09:59:44.743 [main] INFO  s.d.s.w.r.o.CachingOperationNameGenerator.startingWith(40) - Generating unique operation named: getListUsingGET_4 
2020:04:28 09:59:44.747 [main] INFO  s.d.s.w.r.o.CachingOperationNameGenerator.startingWith(40) - Generating unique operation named: saveUsingPOST_4 
2020:04:28 09:59:44.761 [main] INFO  s.d.s.w.r.o.CachingOperationNameGenerator.startingWith(40) - Generating unique operation named: getUsingGET_3 
2020:04:28 09:59:44.822 [main] INFO  o.a.coyote.http11.Http11NioProtocol.log(173) - Starting ProtocolHandler ["http-nio-8081"] 
2020:04:28 09:59:44.862 [main] INFO  o.s.b.w.e.tomcat.TomcatWebServer.start(204) - Tomcat started on port(s): 8081 (http) with context path '' 
2020:04:28 09:59:44.867 [main] INFO  com.project.web.WebApplication.logStarted(61) - Started WebApplication in 20.615 seconds (JVM running for 25.203) 
2020:04:28 11:06:42.928 [SpringContextShutdownHook] INFO  o.s.s.c.ThreadPoolTaskExecutor.shutdown(208) - Shutting down ExecutorService 'applicationTaskExecutor' 
2020:04:28 11:06:42.936 [SpringContextShutdownHook] INFO  o.s.o.j.LocalContainerEntityManagerFactoryBean.destroy(598) - Closing JPA EntityManagerFactory for persistence unit 'default' 
2020:04:28 11:06:42.945 [SpringContextShutdownHook] INFO  com.zaxxer.hikari.HikariDataSource.close(350) - HikariPool-1 - Shutdown initiated... 
2020:04:28 11:06:42.951 [SpringContextShutdownHook] INFO  com.zaxxer.hikari.HikariDataSource.close(352) - HikariPool-1 - Shutdown completed. 
2020:04:28 11:35:05.500 [main] INFO  o.s.b.d.r.RestartApplicationListener.onApplicationStartingEvent(72) - Restart disabled due to an agent-based reloader being active 
2020:04:28 11:35:06.365 [main] INFO  com.project.web.WebApplication.logStarting(55) - Starting WebApplication on ngocnd with PID 21067 (/home/ngocnd/rabiloo/aydia-PJ/web/target/classes started by ngocnd in /home/ngocnd/rabiloo/aydia-PJ/web) 
2020:04:28 11:35:06.366 [main] INFO  com.project.web.WebApplication.logStartupProfileInfo(651) - No active profile set, falling back to default profiles: default 
2020:04:28 11:35:06.670 [main] INFO  o.s.b.d.restart.ChangeableUrls.logTo(225) - The Class-Path manifest attribute in /home/ngocnd/.m2/repository/org/glassfish/jaxb/jaxb-runtime/2.3.2/jaxb-runtime-2.3.2.jar referenced one or more files that do not exist: file:/home/ngocnd/.m2/repository/org/glassfish/jaxb/jaxb-runtime/2.3.2/jakarta.xml.bind-api-2.3.2.jar,file:/home/ngocnd/.m2/repository/org/glassfish/jaxb/jaxb-runtime/2.3.2/txw2-2.3.2.jar,file:/home/ngocnd/.m2/repository/org/glassfish/jaxb/jaxb-runtime/2.3.2/istack-commons-runtime-3.0.8.jar,file:/home/ngocnd/.m2/repository/org/glassfish/jaxb/jaxb-runtime/2.3.2/stax-ex-1.8.1.jar,file:/home/ngocnd/.m2/repository/org/glassfish/jaxb/jaxb-runtime/2.3.2/FastInfoset-1.2.16.jar,file:/home/ngocnd/.m2/repository/org/glassfish/jaxb/jaxb-runtime/2.3.2/jakarta.activation-api-1.2.1.jar 
2020:04:28 11:35:06.671 [main] INFO  o.s.b.d.e.DevToolsPropertyDefaultsPostProcessor.logTo(225) - Devtools property defaults active! Set 'spring.devtools.add-properties' to 'false' to disable 
2020:04:28 11:35:06.671 [main] INFO  o.s.b.d.e.DevToolsPropertyDefaultsPostProcessor.logTo(225) - For additional web related logging consider setting the 'logging.level.web' property to 'DEBUG' 
2020:04:28 11:35:07.955 [main] INFO  o.s.d.r.c.RepositoryConfigurationDelegate.registerRepositoriesIn(127) - Bootstrapping Spring Data JPA repositories in DEFAULT mode. 
2020:04:28 11:35:08.079 [main] INFO  o.s.d.r.c.RepositoryConfigurationDelegate.registerRepositoriesIn(187) - Finished Spring Data repository scanning in 110ms. Found 7 JPA repository interfaces. 
2020:04:28 11:35:08.623 [main] INFO  o.s.c.s.PostProcessorRegistrationDelegate$BeanPostProcessorChecker.postProcessAfterInitialization(330) - Bean 'org.springframework.transaction.annotation.ProxyTransactionManagementConfiguration' of type [org.springframework.transaction.annotation.ProxyTransactionManagementConfiguration] is not eligible for getting processed by all BeanPostProcessors (for example: not eligible for auto-proxying) 
2020:04:28 11:35:09.273 [main] INFO  o.s.b.w.e.tomcat.TomcatWebServer.initialize(92) - Tomcat initialized with port(s): 8081 (http) 
2020:04:28 11:35:09.286 [main] INFO  o.a.coyote.http11.Http11NioProtocol.log(173) - Initializing ProtocolHandler ["http-nio-8081"] 
2020:04:28 11:35:09.287 [main] INFO  o.a.catalina.core.StandardService.log(173) - Starting service [Tomcat] 
2020:04:28 11:35:09.287 [main] INFO  o.a.catalina.core.StandardEngine.log(173) - Starting Servlet engine: [Apache Tomcat/9.0.30] 
2020:04:28 11:35:09.396 [main] INFO  o.a.c.c.C.[Tomcat].[localhost].[/].log(173) - Initializing Spring embedded WebApplicationContext 
2020:04:28 11:35:09.397 [main] INFO  o.s.web.context.ContextLoader.prepareWebApplicationContext(284) - Root WebApplicationContext: initialization completed in 2726 ms 
2020:04:28 11:35:09.446 [main] INFO  c.p.w.f.GlobalExceptionHandlerFilter.init(49) - Init Catching exception filter. 
2020:04:28 11:35:09.540 [main] INFO  com.zaxxer.hikari.HikariDataSource.getConnection(110) - HikariPool-1 - Starting... 
2020:04:28 11:35:09.543 [main] WARN  c.z.hikari.util.DriverDataSource.<init>(70) - Registered driver with driverClassName=com.mysql.jdbc.Driver was not found, trying direct instantiation. 
2020:04:28 11:35:09.882 [main] INFO  com.zaxxer.hikari.HikariDataSource.getConnection(123) - HikariPool-1 - Start completed. 
2020:04:28 11:35:11.016 [main] INFO  liquibase.executor.jvm.JdbcExecutor.info(42) - SELECT COUNT(*) FROM web_db.DATABASECHANGELOGLOCK 
2020:04:28 11:35:11.038 [main] INFO  liquibase.executor.jvm.JdbcExecutor.info(42) - SELECT COUNT(*) FROM web_db.DATABASECHANGELOGLOCK 
2020:04:28 11:35:11.041 [main] INFO  liquibase.executor.jvm.JdbcExecutor.info(42) - SELECT `LOCKED` FROM web_db.DATABASECHANGELOGLOCK WHERE ID=1 
2020:04:28 11:35:11.084 [main] INFO  l.lockservice.StandardLockService.info(42) - Successfully acquired change log lock 
2020:04:28 11:35:13.141 [main] INFO  liquibase.executor.jvm.JdbcExecutor.info(42) - SELECT MD5SUM FROM web_db.DATABASECHANGELOG WHERE MD5SUM IS NOT NULL LIMIT 1 
2020:04:28 11:35:13.147 [main] INFO  liquibase.executor.jvm.JdbcExecutor.info(42) - SELECT COUNT(*) FROM web_db.DATABASECHANGELOG 
2020:04:28 11:35:13.148 [main] INFO  l.c.StandardChangeLogHistoryService.info(42) - Reading from web_db.DATABASECHANGELOG 
2020:04:28 11:35:13.148 [main] INFO  liquibase.executor.jvm.JdbcExecutor.info(42) - SELECT * FROM web_db.DATABASECHANGELOG ORDER BY DATEEXECUTED ASC, ORDEREXECUTED ASC 
2020:04:28 11:35:13.189 [main] INFO  l.lockservice.StandardLockService.info(42) - Successfully released change log lock 
2020:04:28 11:35:13.339 [main] INFO  o.h.jpa.internal.util.LogHelper.logPersistenceUnitInformation(31) - HHH000204: Processing PersistenceUnitInfo [name: default] 
2020:04:28 11:35:13.451 [main] INFO  org.hibernate.Version.logVersion(46) - HHH000412: Hibernate Core {5.4.10.Final} 
2020:04:28 11:35:13.628 [main] INFO  o.h.annotations.common.Version.<clinit>(49) - HCANN000001: Hibernate Commons Annotations {5.1.0.Final} 
2020:04:28 11:35:13.760 [main] INFO  org.hibernate.dialect.Dialect.<init>(172) - HHH000400: Using dialect: org.hibernate.dialect.MySQL57Dialect 
2020:04:28 11:35:14.639 [main] INFO  o.h.e.t.j.p.i.JtaPlatformInitiator.initiateService(52) - HHH000490: Using JtaPlatform implementation: [org.hibernate.engine.transaction.jta.platform.internal.NoJtaPlatform] 
2020:04:28 11:35:14.654 [main] INFO  o.s.o.j.LocalContainerEntityManagerFactoryBean.buildNativeEntityManagerFactory(416) - Initialized JPA EntityManagerFactory for persistence unit 'default' 
2020:04:28 11:35:15.136 [main] WARN  o.s.b.a.o.j.JpaBaseConfiguration$JpaWebConfiguration.openEntityManagerInViewInterceptor(220) - spring.jpa.open-in-view is enabled by default. Therefore, database queries may be performed during view rendering. Explicitly configure spring.jpa.open-in-view to disable this warning 
2020:04:28 11:35:16.029 [main] INFO  c.p.web.security.SecurityConfig.configure(41) - Enable application security. 
2020:04:28 11:35:16.044 [main] INFO  o.s.s.web.DefaultSecurityFilterChain.<init>(43) - Creating filter chain: Ant [pattern='/libs/**'], [] 
2020:04:28 11:35:16.044 [main] INFO  o.s.s.web.DefaultSecurityFilterChain.<init>(43) - Creating filter chain: Ant [pattern='/custom/**'], [] 
2020:04:28 11:35:16.045 [main] INFO  o.s.s.web.DefaultSecurityFilterChain.<init>(43) - Creating filter chain: Ant [pattern='/js/**'], [] 
2020:04:28 11:35:16.045 [main] INFO  o.s.s.web.DefaultSecurityFilterChain.<init>(43) - Creating filter chain: Ant [pattern='/icon/**'], [] 
2020:04:28 11:35:16.045 [main] INFO  o.s.s.web.DefaultSecurityFilterChain.<init>(43) - Creating filter chain: Ant [pattern='/images/**'], [] 
2020:04:28 11:35:16.045 [main] INFO  o.s.s.web.DefaultSecurityFilterChain.<init>(43) - Creating filter chain: Ant [pattern='/favicon.ico/**'], [] 
2020:04:28 11:35:16.045 [main] INFO  o.s.s.web.DefaultSecurityFilterChain.<init>(43) - Creating filter chain: Ant [pattern='/webjars/springfox-swagger-ui/**'], [] 
2020:04:28 11:35:16.046 [main] INFO  o.s.s.web.DefaultSecurityFilterChain.<init>(43) - Creating filter chain: Ant [pattern='/swagger-ui.html/**'], [] 
2020:04:28 11:35:16.046 [main] INFO  o.s.s.web.DefaultSecurityFilterChain.<init>(43) - Creating filter chain: Ant [pattern='/swagger-resources/**'], [] 
2020:04:28 11:35:16.046 [main] INFO  o.s.s.web.DefaultSecurityFilterChain.<init>(43) - Creating filter chain: Ant [pattern='/v1/api-docs'], [] 
2020:04:28 11:35:16.089 [main] INFO  o.s.s.web.DefaultSecurityFilterChain.<init>(43) - Creating filter chain: any request, [org.springframework.security.web.context.request.async.WebAsyncManagerIntegrationFilter@182d1967, org.springframework.security.web.context.SecurityContextPersistenceFilter@258be1c6, org.springframework.security.web.header.HeaderWriterFilter@426ba1d5, org.springframework.security.web.authentication.logout.LogoutFilter@22aca9c1, org.springframework.security.web.authentication.UsernamePasswordAuthenticationFilter@683721ce, org.springframework.security.web.savedrequest.RequestCacheAwareFilter@71faeb31, org.springframework.security.web.servletapi.SecurityContextHolderAwareRequestFilter@393751a0, org.springframework.security.web.authentication.AnonymousAuthenticationFilter@494572fd, org.springframework.security.web.session.SessionManagementFilter@4e9f4264, org.springframework.security.web.access.ExceptionTranslationFilter@13a7aec7, org.springframework.security.web.access.intercept.FilterSecurityInterceptor@65a90c60] 
2020:04:28 11:35:16.229 [main] INFO  o.s.s.c.ThreadPoolTaskExecutor.initialize(171) - Initializing ExecutorService 'applicationTaskExecutor' 
2020:04:28 11:35:16.315 [main] INFO  o.s.b.d.a.OptionalLiveReloadServer.startServer(58) - LiveReload server is running on port 35729 
2020:04:28 11:35:16.921 [main] INFO  s.d.s.w.p.DocumentationPluginsBootstrapper.start(120) - Context refreshed 
2020:04:28 11:35:16.957 [main] INFO  s.d.s.w.p.DocumentationPluginsBootstrapper.start(123) - Found 1 custom documentation plugin(s) 
2020:04:28 11:35:16.973 [main] INFO  s.d.s.w.s.ApiListingReferenceScanner.scan(41) - Scanning for api listing references 
2020:04:28 11:35:17.247 [main] INFO  s.d.s.w.r.o.CachingOperationNameGenerator.startingWith(40) - Generating unique operation named: getAllUsingGET_1 
2020:04:28 11:35:17.256 [main] INFO  s.d.s.w.r.o.CachingOperationNameGenerator.startingWith(40) - Generating unique operation named: saveUsingPOST_1 
2020:04:28 11:35:17.301 [main] INFO  s.d.s.w.r.o.CachingOperationNameGenerator.startingWith(40) - Generating unique operation named: saveUsingPOST_2 
2020:04:28 11:35:17.330 [main] INFO  s.d.s.w.r.o.CachingOperationNameGenerator.startingWith(40) - Generating unique operation named: getUsingGET_1 
2020:04:28 11:35:17.335 [main] INFO  s.d.s.w.r.o.CachingOperationNameGenerator.startingWith(40) - Generating unique operation named: getListUsingGET_1 
2020:04:28 11:35:17.343 [main] INFO  s.d.s.w.r.o.CachingOperationNameGenerator.startingWith(40) - Generating unique operation named: getListUsingGET_2 
2020:04:28 11:35:17.352 [main] INFO  s.d.s.w.r.o.CachingOperationNameGenerator.startingWith(40) - Generating unique operation named: saveUsingPOST_3 
2020:04:28 11:35:17.361 [main] INFO  s.d.s.w.r.o.CachingOperationNameGenerator.startingWith(40) - Generating unique operation named: getUsingGET_2 
2020:04:28 11:35:17.366 [main] INFO  s.d.s.w.r.o.CachingOperationNameGenerator.startingWith(40) - Generating unique operation named: getListUsingGET_3 
2020:04:28 11:35:17.376 [main] INFO  s.d.s.w.r.o.CachingOperationNameGenerator.startingWith(40) - Generating unique operation named: getListUsingGET_4 
2020:04:28 11:35:17.383 [main] INFO  s.d.s.w.r.o.CachingOperationNameGenerator.startingWith(40) - Generating unique operation named: saveUsingPOST_4 
2020:04:28 11:35:17.396 [main] INFO  s.d.s.w.r.o.CachingOperationNameGenerator.startingWith(40) - Generating unique operation named: getUsingGET_3 
2020:04:28 11:35:17.444 [main] INFO  o.a.coyote.http11.Http11NioProtocol.log(173) - Starting ProtocolHandler ["http-nio-8081"] 
2020:04:28 11:35:17.472 [main] INFO  o.s.b.w.e.tomcat.TomcatWebServer.start(204) - Tomcat started on port(s): 8081 (http) with context path '' 
2020:04:28 11:35:17.477 [main] INFO  com.project.web.WebApplication.logStarted(61) - Started WebApplication in 11.998 seconds (JVM running for 15.893) 
2020:04:28 11:36:14.866 [http-nio-8081-exec-1] INFO  o.a.c.c.C.[Tomcat].[localhost].[/].log(173) - Initializing Spring DispatcherServlet 'dispatcherServlet' 
2020:04:28 11:36:14.866 [http-nio-8081-exec-1] INFO  o.s.web.servlet.DispatcherServlet.initServletBean(525) - Initializing Servlet 'dispatcherServlet' 
2020:04:28 11:36:14.880 [http-nio-8081-exec-1] INFO  o.s.web.servlet.DispatcherServlet.initServletBean(547) - Completed initialization in 13 ms 
2020:04:28 11:38:20.199 [http-nio-8081-exec-7] WARN  n.n.u.t.fragments.FragmentProcessor.invoke0(-2) - You don't need to put the layout:fragment/data-layout-fragment attribute into the <head> section - the decoration process will automatically copy the <head> section of your content templates into your layout page. 
