2020:05:11 11:17:37.141 [main] INFO  o.s.b.d.r.RestartApplicationListener.onApplicationStartingEvent(72) - Restart disabled due to an agent-based reloader being active 
2020:05:11 11:17:39.211 [main] INFO  com.project.web.WebApplication.logStarting(55) - Starting WebApplication on ngocnd with PID 16202 (/home/ngocnd/rabiloo/aydia-PJ/web/target/classes started by ngocnd in /home/ngocnd/rabiloo/aydia-PJ/web) 
2020:05:11 11:17:39.213 [main] INFO  com.project.web.WebApplication.logStartupProfileInfo(651) - No active profile set, falling back to default profiles: default 
2020:05:11 11:17:39.984 [main] INFO  o.s.b.d.restart.ChangeableUrls.logTo(225) - The Class-Path manifest attribute in /home/ngocnd/.m2/repository/org/glassfish/jaxb/jaxb-runtime/2.3.2/jaxb-runtime-2.3.2.jar referenced one or more files that do not exist: file:/home/ngocnd/.m2/repository/org/glassfish/jaxb/jaxb-runtime/2.3.2/jakarta.xml.bind-api-2.3.2.jar,file:/home/ngocnd/.m2/repository/org/glassfish/jaxb/jaxb-runtime/2.3.2/txw2-2.3.2.jar,file:/home/ngocnd/.m2/repository/org/glassfish/jaxb/jaxb-runtime/2.3.2/istack-commons-runtime-3.0.8.jar,file:/home/ngocnd/.m2/repository/org/glassfish/jaxb/jaxb-runtime/2.3.2/stax-ex-1.8.1.jar,file:/home/ngocnd/.m2/repository/org/glassfish/jaxb/jaxb-runtime/2.3.2/FastInfoset-1.2.16.jar,file:/home/ngocnd/.m2/repository/org/glassfish/jaxb/jaxb-runtime/2.3.2/jakarta.activation-api-1.2.1.jar 
2020:05:11 11:17:39.984 [main] INFO  o.s.b.d.e.DevToolsPropertyDefaultsPostProcessor.logTo(225) - Devtools property defaults active! Set 'spring.devtools.add-properties' to 'false' to disable 
2020:05:11 11:17:39.984 [main] INFO  o.s.b.d.e.DevToolsPropertyDefaultsPostProcessor.logTo(225) - For additional web related logging consider setting the 'logging.level.web' property to 'DEBUG' 
2020:05:11 11:17:42.714 [main] INFO  o.s.d.r.c.RepositoryConfigurationDelegate.registerRepositoriesIn(127) - Bootstrapping Spring Data JPA repositories in DEFAULT mode. 
2020:05:11 11:17:43.170 [main] INFO  o.s.d.r.c.RepositoryConfigurationDelegate.registerRepositoriesIn(187) - Finished Spring Data repository scanning in 355ms. Found 10 JPA repository interfaces. 
2020:05:11 11:17:44.393 [main] INFO  o.s.c.s.PostProcessorRegistrationDelegate$BeanPostProcessorChecker.postProcessAfterInitialization(330) - Bean 'org.springframework.transaction.annotation.ProxyTransactionManagementConfiguration' of type [org.springframework.transaction.annotation.ProxyTransactionManagementConfiguration] is not eligible for getting processed by all BeanPostProcessors (for example: not eligible for auto-proxying) 
2020:05:11 11:17:45.513 [main] INFO  o.s.b.w.e.tomcat.TomcatWebServer.initialize(92) - Tomcat initialized with port(s): 8081 (http) 
2020:05:11 11:17:45.560 [main] INFO  o.a.coyote.http11.Http11NioProtocol.log(173) - Initializing ProtocolHandler ["http-nio-8081"] 
2020:05:11 11:17:45.561 [main] INFO  o.a.catalina.core.StandardService.log(173) - Starting service [Tomcat] 
2020:05:11 11:17:45.561 [main] INFO  o.a.catalina.core.StandardEngine.log(173) - Starting Servlet engine: [Apache Tomcat/9.0.30] 
2020:05:11 11:17:45.813 [main] INFO  o.a.c.c.C.[Tomcat].[localhost].[/].log(173) - Initializing Spring embedded WebApplicationContext 
2020:05:11 11:17:45.814 [main] INFO  o.s.web.context.ContextLoader.prepareWebApplicationContext(284) - Root WebApplicationContext: initialization completed in 5829 ms 
2020:05:11 11:17:46.098 [main] INFO  c.p.w.f.GlobalExceptionHandlerFilter.init(49) - Init Catching exception filter. 
2020:05:11 11:17:46.241 [main] INFO  com.zaxxer.hikari.HikariDataSource.getConnection(110) - HikariPool-1 - Starting... 
2020:05:11 11:17:46.246 [main] WARN  c.z.hikari.util.DriverDataSource.<init>(70) - Registered driver with driverClassName=com.mysql.jdbc.Driver was not found, trying direct instantiation. 
2020:05:11 11:17:47.283 [main] INFO  com.zaxxer.hikari.HikariDataSource.getConnection(123) - HikariPool-1 - Start completed. 
2020:05:11 11:17:49.450 [main] INFO  liquibase.executor.jvm.JdbcExecutor.info(42) - SELECT COUNT(*) FROM web_db.DATABASECHANGELOGLOCK 
2020:05:11 11:17:49.533 [main] INFO  liquibase.executor.jvm.JdbcExecutor.info(42) - SELECT COUNT(*) FROM web_db.DATABASECHANGELOGLOCK 
2020:05:11 11:17:49.536 [main] INFO  liquibase.executor.jvm.JdbcExecutor.info(42) - SELECT `LOCKED` FROM web_db.DATABASECHANGELOGLOCK WHERE ID=1 
2020:05:11 11:17:49.576 [main] INFO  l.lockservice.StandardLockService.info(42) - Successfully acquired change log lock 
2020:05:11 11:17:53.628 [main] INFO  liquibase.executor.jvm.JdbcExecutor.info(42) - SELECT MD5SUM FROM web_db.DATABASECHANGELOG WHERE MD5SUM IS NOT NULL LIMIT 1 
2020:05:11 11:17:53.638 [main] INFO  liquibase.executor.jvm.JdbcExecutor.info(42) - SELECT COUNT(*) FROM web_db.DATABASECHANGELOG 
2020:05:11 11:17:53.640 [main] INFO  l.c.StandardChangeLogHistoryService.info(42) - Reading from web_db.DATABASECHANGELOG 
2020:05:11 11:17:53.642 [main] INFO  liquibase.executor.jvm.JdbcExecutor.info(42) - SELECT * FROM web_db.DATABASECHANGELOG ORDER BY DATEEXECUTED ASC, ORDEREXECUTED ASC 
2020:05:11 11:17:53.746 [main] INFO  l.lockservice.StandardLockService.info(42) - Successfully released change log lock 
2020:05:11 11:17:54.134 [main] INFO  o.h.jpa.internal.util.LogHelper.logPersistenceUnitInformation(31) - HHH000204: Processing PersistenceUnitInfo [name: default] 
2020:05:11 11:17:54.453 [main] INFO  org.hibernate.Version.logVersion(46) - HHH000412: Hibernate Core {5.4.10.Final} 
2020:05:11 11:17:55.207 [main] INFO  o.h.annotations.common.Version.<clinit>(49) - HCANN000001: Hibernate Commons Annotations {5.1.0.Final} 
2020:05:11 11:17:55.447 [main] INFO  org.hibernate.dialect.Dialect.<init>(172) - HHH000400: Using dialect: org.hibernate.dialect.MySQL57Dialect 
2020:05:11 11:17:57.685 [main] INFO  o.h.e.t.j.p.i.JtaPlatformInitiator.initiateService(52) - HHH000490: Using JtaPlatform implementation: [org.hibernate.engine.transaction.jta.platform.internal.NoJtaPlatform] 
2020:05:11 11:17:57.731 [main] INFO  o.s.o.j.LocalContainerEntityManagerFactoryBean.buildNativeEntityManagerFactory(416) - Initialized JPA EntityManagerFactory for persistence unit 'default' 
2020:05:11 11:17:58.714 [main] WARN  o.s.b.a.o.j.JpaBaseConfiguration$JpaWebConfiguration.openEntityManagerInViewInterceptor(220) - spring.jpa.open-in-view is enabled by default. Therefore, database queries may be performed during view rendering. Explicitly configure spring.jpa.open-in-view to disable this warning 
2020:05:11 11:17:59.100 [main] WARN  o.s.b.w.s.c.AnnotationConfigServletWebServerApplicationContext.__refresh(558) - Exception encountered during context initialization - cancelling refresh attempt: org.springframework.beans.factory.UnsatisfiedDependencyException: Error creating bean with name 'newsService': Unsatisfied dependency expressed through field 'repository'; nested exception is org.springframework.beans.factory.BeanCreationException: Error creating bean with name 'newsRepository': Invocation of init method failed; nested exception is java.lang.IllegalArgumentException: Failed to create query for method public abstract java.util.List com.project.web.repository.NewsRepository.findTop3OrderByCreatedTimeDesc()! No property desc found for type Date! Traversed path: NewsEntity.createdTime. 
2020:05:11 11:17:59.104 [main] INFO  o.s.o.j.LocalContainerEntityManagerFactoryBean.destroy(598) - Closing JPA EntityManagerFactory for persistence unit 'default' 
2020:05:11 11:17:59.110 [main] INFO  com.zaxxer.hikari.HikariDataSource.close(350) - HikariPool-1 - Shutdown initiated... 
2020:05:11 11:17:59.124 [main] INFO  com.zaxxer.hikari.HikariDataSource.close(352) - HikariPool-1 - Shutdown completed. 
2020:05:11 11:17:59.145 [main] INFO  o.a.catalina.core.StandardService.log(173) - Stopping service [Tomcat] 
2020:05:11 11:17:59.159 [main] INFO  o.s.b.a.l.ConditionEvaluationReportLoggingListener.logMessage(136) - 

Error starting ApplicationContext. To display the conditions report re-run your application with 'debug' enabled. 
2020:05:11 11:17:59.179 [main] ERROR o.s.boot.SpringApplication.reportFailure(826) - Application run failed 
org.springframework.beans.factory.UnsatisfiedDependencyException: Error creating bean with name 'newsService': Unsatisfied dependency expressed through field 'repository'; nested exception is org.springframework.beans.factory.BeanCreationException: Error creating bean with name 'newsRepository': Invocation of init method failed; nested exception is java.lang.IllegalArgumentException: Failed to create query for method public abstract java.util.List com.project.web.repository.NewsRepository.findTop3OrderByCreatedTimeDesc()! No property desc found for type Date! Traversed path: NewsEntity.createdTime.
	at org.springframework.beans.factory.annotation.AutowiredAnnotationBeanPostProcessor$AutowiredFieldElement.inject(AutowiredAnnotationBeanPostProcessor.java:643)
	at org.springframework.beans.factory.annotation.InjectionMetadata.inject(InjectionMetadata.java:116)
	at org.springframework.beans.factory.annotation.AutowiredAnnotationBeanPostProcessor.postProcessProperties(AutowiredAnnotationBeanPostProcessor.java:399)
	at org.springframework.beans.factory.support.AbstractAutowireCapableBeanFactory.populateBean(AbstractAutowireCapableBeanFactory.java:1422)
	at org.springframework.beans.factory.support.AbstractAutowireCapableBeanFactory.doCreateBean(AbstractAutowireCapableBeanFactory.java:594)
	at org.springframework.beans.factory.support.AbstractAutowireCapableBeanFactory.createBean(AbstractAutowireCapableBeanFactory.java:517)
	at org.springframework.beans.factory.support.AbstractBeanFactory.lambda$doGetBean$0(AbstractBeanFactory.java:323)
	at org.springframework.beans.factory.support.DefaultSingletonBeanRegistry.getSingleton(DefaultSingletonBeanRegistry.java:222)
	at org.springframework.beans.factory.support.AbstractBeanFactory.doGetBean(AbstractBeanFactory.java:321)
	at org.springframework.beans.factory.support.AbstractBeanFactory.getBean(AbstractBeanFactory.java:202)
	at org.springframework.beans.factory.support.DefaultListableBeanFactory.preInstantiateSingletons(DefaultListableBeanFactory.java:879)
	at org.springframework.context.support.AbstractApplicationContext.finishBeanFactoryInitialization(AbstractApplicationContext.java:878)
	at org.springframework.context.support.AbstractApplicationContext.__refresh(AbstractApplicationContext.java:550)
	at org.springframework.context.support.AbstractApplicationContext.jrLockAndRefresh(AbstractApplicationContext.java:40002)
	at org.springframework.context.support.AbstractApplicationContext.refresh(AbstractApplicationContext.java:41008)
	at org.springframework.boot.web.servlet.context.ServletWebServerApplicationContext.refresh(ServletWebServerApplicationContext.java:141)
	at org.springframework.boot.SpringApplication.refresh(SpringApplication.java:747)
	at org.springframework.boot.SpringApplication.refreshContext(SpringApplication.java:397)
	at org.springframework.boot.SpringApplication.run(SpringApplication.java:315)
	at org.springframework.boot.SpringApplication.run(SpringApplication.java:1226)
	at org.springframework.boot.SpringApplication.run(SpringApplication.java:1215)
	at com.project.web.WebApplication.main(WebApplication.java:10)
Caused by: org.springframework.beans.factory.BeanCreationException: Error creating bean with name 'newsRepository': Invocation of init method failed; nested exception is java.lang.IllegalArgumentException: Failed to create query for method public abstract java.util.List com.project.web.repository.NewsRepository.findTop3OrderByCreatedTimeDesc()! No property desc found for type Date! Traversed path: NewsEntity.createdTime.
	at org.springframework.beans.factory.support.AbstractAutowireCapableBeanFactory.initializeBean(AbstractAutowireCapableBeanFactory.java:1796)
	at org.springframework.beans.factory.support.AbstractAutowireCapableBeanFactory.doCreateBean(AbstractAutowireCapableBeanFactory.java:595)
	at org.springframework.beans.factory.support.AbstractAutowireCapableBeanFactory.createBean(AbstractAutowireCapableBeanFactory.java:517)
	at org.springframework.beans.factory.support.AbstractBeanFactory.lambda$doGetBean$0(AbstractBeanFactory.java:323)
	at org.springframework.beans.factory.support.DefaultSingletonBeanRegistry.getSingleton(DefaultSingletonBeanRegistry.java:222)
	at org.springframework.beans.factory.support.AbstractBeanFactory.doGetBean(AbstractBeanFactory.java:321)
	at org.springframework.beans.factory.support.AbstractBeanFactory.getBean(AbstractBeanFactory.java:202)
	at org.springframework.beans.factory.config.DependencyDescriptor.resolveCandidate(DependencyDescriptor.java:276)
	at org.springframework.beans.factory.support.DefaultListableBeanFactory.doResolveDependency(DefaultListableBeanFactory.java:1287)
	at org.springframework.beans.factory.support.DefaultListableBeanFactory.resolveDependency(DefaultListableBeanFactory.java:1207)
	at org.springframework.beans.factory.annotation.AutowiredAnnotationBeanPostProcessor$AutowiredFieldElement.inject(AutowiredAnnotationBeanPostProcessor.java:640)
	... 21 common frames omitted
Caused by: java.lang.IllegalArgumentException: Failed to create query for method public abstract java.util.List com.project.web.repository.NewsRepository.findTop3OrderByCreatedTimeDesc()! No property desc found for type Date! Traversed path: NewsEntity.createdTime.
	at org.springframework.data.jpa.repository.query.PartTreeJpaQuery.<init>(PartTreeJpaQuery.java:96)
	at org.springframework.data.jpa.repository.query.JpaQueryLookupStrategy$CreateQueryLookupStrategy.resolveQuery(JpaQueryLookupStrategy.java:103)
	at org.springframework.data.jpa.repository.query.JpaQueryLookupStrategy$CreateIfNotFoundQueryLookupStrategy.resolveQuery(JpaQueryLookupStrategy.java:209)
	at org.springframework.data.jpa.repository.query.JpaQueryLookupStrategy$AbstractQueryLookupStrategy.resolveQuery(JpaQueryLookupStrategy.java:78)
	at org.springframework.data.repository.core.support.RepositoryFactorySupport$QueryExecutorMethodInterceptor.lookupQuery(RepositoryFactorySupport.java:574)
	at org.springframework.data.repository.core.support.RepositoryFactorySupport$QueryExecutorMethodInterceptor.lambda$mapMethodsToQuery$1(RepositoryFactorySupport.java:567)
	at java.base/java.util.stream.ReferencePipeline$3$1.accept(ReferencePipeline.java:195)
	at java.base/java.util.Iterator.forEachRemaining(Iterator.java:133)
	at java.base/java.util.Collections$UnmodifiableCollection$1.forEachRemaining(Collections.java:1054)
	at java.base/java.util.Spliterators$IteratorSpliterator.forEachRemaining(Spliterators.java:1801)
	at java.base/java.util.stream.AbstractPipeline.copyInto(AbstractPipeline.java:484)
	at java.base/java.util.stream.AbstractPipeline.wrapAndCopyInto(AbstractPipeline.java:474)
	at java.base/java.util.stream.ReduceOps$ReduceOp.evaluateSequential(ReduceOps.java:913)
	at java.base/java.util.stream.AbstractPipeline.evaluate(AbstractPipeline.java:234)
	at java.base/java.util.stream.ReferencePipeline.collect(ReferencePipeline.java:578)
	at org.springframework.data.repository.core.support.RepositoryFactorySupport$QueryExecutorMethodInterceptor.mapMethodsToQuery(RepositoryFactorySupport.java:569)
	at org.springframework.data.repository.core.support.RepositoryFactorySupport$QueryExecutorMethodInterceptor.lambda$new$0(RepositoryFactorySupport.java:559)
	at java.base/java.util.Optional.map(Optional.java:265)
	at org.springframework.data.repository.core.support.RepositoryFactorySupport$QueryExecutorMethodInterceptor.<init>(RepositoryFactorySupport.java:559)
	at org.springframework.data.repository.core.support.RepositoryFactorySupport.getRepository(RepositoryFactorySupport.java:332)
	at org.springframework.data.repository.core.support.RepositoryFactoryBeanSupport.lambda$afterPropertiesSet$5(RepositoryFactoryBeanSupport.java:297)
	at org.springframework.data.util.Lazy.getNullable(Lazy.java:212)
	at org.springframework.data.util.Lazy.get(Lazy.java:94)
	at org.springframework.data.repository.core.support.RepositoryFactoryBeanSupport.afterPropertiesSet(RepositoryFactoryBeanSupport.java:300)
	at org.springframework.data.jpa.repository.support.JpaRepositoryFactoryBean.afterPropertiesSet(JpaRepositoryFactoryBean.java:121)
	at org.springframework.beans.factory.support.AbstractAutowireCapableBeanFactory.invokeInitMethods(AbstractAutowireCapableBeanFactory.java:1855)
	at org.springframework.beans.factory.support.AbstractAutowireCapableBeanFactory.initializeBean(AbstractAutowireCapableBeanFactory.java:1792)
	... 31 common frames omitted
Caused by: org.springframework.data.mapping.PropertyReferenceException: No property desc found for type Date! Traversed path: NewsEntity.createdTime.
	at org.springframework.data.mapping.PropertyPath.<init>(PropertyPath.java:94)
	at org.springframework.data.mapping.PropertyPath.create(PropertyPath.java:382)
	at org.springframework.data.mapping.PropertyPath.create(PropertyPath.java:358)
	at org.springframework.data.mapping.PropertyPath.create(PropertyPath.java:392)
	at org.springframework.data.mapping.PropertyPath.create(PropertyPath.java:416)
	at org.springframework.data.mapping.PropertyPath.create(PropertyPath.java:358)
	at org.springframework.data.mapping.PropertyPath.lambda$from$0(PropertyPath.java:311)
	at java.base/java.util.concurrent.ConcurrentMap.computeIfAbsent(ConcurrentMap.java:330)
	at org.springframework.data.mapping.PropertyPath.from(PropertyPath.java:293)
	at org.springframework.data.mapping.PropertyPath.from(PropertyPath.java:276)
	at org.springframework.data.repository.query.parser.Part.<init>(Part.java:82)
	at org.springframework.data.repository.query.parser.PartTree$OrPart.lambda$new$0(PartTree.java:250)
	at java.base/java.util.stream.ReferencePipeline$3$1.accept(ReferencePipeline.java:195)
	at java.base/java.util.stream.ReferencePipeline$2$1.accept(ReferencePipeline.java:177)
	at java.base/java.util.Spliterators$ArraySpliterator.forEachRemaining(Spliterators.java:948)
	at java.base/java.util.stream.AbstractPipeline.copyInto(AbstractPipeline.java:484)
	at java.base/java.util.stream.AbstractPipeline.wrapAndCopyInto(AbstractPipeline.java:474)
	at java.base/java.util.stream.ReduceOps$ReduceOp.evaluateSequential(ReduceOps.java:913)
	at java.base/java.util.stream.AbstractPipeline.evaluate(AbstractPipeline.java:234)
	at java.base/java.util.stream.ReferencePipeline.collect(ReferencePipeline.java:578)
	at org.springframework.data.repository.query.parser.PartTree$OrPart.<init>(PartTree.java:251)
	at org.springframework.data.repository.query.parser.PartTree$Predicate.lambda$new$0(PartTree.java:380)
	at java.base/java.util.stream.ReferencePipeline$3$1.accept(ReferencePipeline.java:195)
	at java.base/java.util.stream.ReferencePipeline$2$1.accept(ReferencePipeline.java:177)
	at java.base/java.util.Spliterators$ArraySpliterator.forEachRemaining(Spliterators.java:948)
	at java.base/java.util.stream.AbstractPipeline.copyInto(AbstractPipeline.java:484)
	at java.base/java.util.stream.AbstractPipeline.wrapAndCopyInto(AbstractPipeline.java:474)
	at java.base/java.util.stream.ReduceOps$ReduceOp.evaluateSequential(ReduceOps.java:913)
	at java.base/java.util.stream.AbstractPipeline.evaluate(AbstractPipeline.java:234)
	at java.base/java.util.stream.ReferencePipeline.collect(ReferencePipeline.java:578)
	at org.springframework.data.repository.query.parser.PartTree$Predicate.<init>(PartTree.java:381)
	at org.springframework.data.repository.query.parser.PartTree.<init>(PartTree.java:96)
	at org.springframework.data.jpa.repository.query.PartTreeJpaQuery.<init>(PartTreeJpaQuery.java:89)
	... 57 common frames omitted
2020:05:11 22:04:49.810 [main] INFO  o.s.b.d.r.RestartApplicationListener.onApplicationStartingEvent(72) - Restart disabled due to an agent-based reloader being active 
2020:05:11 22:04:52.850 [main] INFO  com.project.web.WebApplication.logStarting(55) - Starting WebApplication on ngocnd with PID 9477 (/home/ngocnd/rabiloo/aydia-PJ/web/target/classes started by ngocnd in /home/ngocnd/rabiloo/aydia-PJ/web) 
2020:05:11 22:04:52.851 [main] INFO  com.project.web.WebApplication.logStartupProfileInfo(651) - No active profile set, falling back to default profiles: default 
2020:05:11 22:04:53.566 [main] INFO  o.s.b.d.restart.ChangeableUrls.logTo(225) - The Class-Path manifest attribute in /home/ngocnd/.m2/repository/org/glassfish/jaxb/jaxb-runtime/2.3.2/jaxb-runtime-2.3.2.jar referenced one or more files that do not exist: file:/home/ngocnd/.m2/repository/org/glassfish/jaxb/jaxb-runtime/2.3.2/jakarta.xml.bind-api-2.3.2.jar,file:/home/ngocnd/.m2/repository/org/glassfish/jaxb/jaxb-runtime/2.3.2/txw2-2.3.2.jar,file:/home/ngocnd/.m2/repository/org/glassfish/jaxb/jaxb-runtime/2.3.2/istack-commons-runtime-3.0.8.jar,file:/home/ngocnd/.m2/repository/org/glassfish/jaxb/jaxb-runtime/2.3.2/stax-ex-1.8.1.jar,file:/home/ngocnd/.m2/repository/org/glassfish/jaxb/jaxb-runtime/2.3.2/FastInfoset-1.2.16.jar,file:/home/ngocnd/.m2/repository/org/glassfish/jaxb/jaxb-runtime/2.3.2/jakarta.activation-api-1.2.1.jar 
2020:05:11 22:04:53.566 [main] INFO  o.s.b.d.e.DevToolsPropertyDefaultsPostProcessor.logTo(225) - Devtools property defaults active! Set 'spring.devtools.add-properties' to 'false' to disable 
2020:05:11 22:04:53.567 [main] INFO  o.s.b.d.e.DevToolsPropertyDefaultsPostProcessor.logTo(225) - For additional web related logging consider setting the 'logging.level.web' property to 'DEBUG' 
2020:05:11 22:04:56.611 [main] INFO  o.s.d.r.c.RepositoryConfigurationDelegate.registerRepositoriesIn(127) - Bootstrapping Spring Data JPA repositories in DEFAULT mode. 
2020:05:11 22:04:56.855 [main] INFO  o.s.d.r.c.RepositoryConfigurationDelegate.registerRepositoriesIn(187) - Finished Spring Data repository scanning in 222ms. Found 10 JPA repository interfaces. 
2020:05:11 22:04:58.052 [main] INFO  o.s.c.s.PostProcessorRegistrationDelegate$BeanPostProcessorChecker.postProcessAfterInitialization(330) - Bean 'org.springframework.transaction.annotation.ProxyTransactionManagementConfiguration' of type [org.springframework.transaction.annotation.ProxyTransactionManagementConfiguration] is not eligible for getting processed by all BeanPostProcessors (for example: not eligible for auto-proxying) 
2020:05:11 22:04:59.333 [main] INFO  o.s.b.w.e.tomcat.TomcatWebServer.initialize(92) - Tomcat initialized with port(s): 8081 (http) 
2020:05:11 22:04:59.384 [main] INFO  o.a.coyote.http11.Http11NioProtocol.log(173) - Initializing ProtocolHandler ["http-nio-8081"] 
2020:05:11 22:04:59.385 [main] INFO  o.a.catalina.core.StandardService.log(173) - Starting service [Tomcat] 
2020:05:11 22:04:59.385 [main] INFO  o.a.catalina.core.StandardEngine.log(173) - Starting Servlet engine: [Apache Tomcat/9.0.30] 
2020:05:11 22:04:59.594 [main] INFO  o.a.c.c.C.[Tomcat].[localhost].[/].log(173) - Initializing Spring embedded WebApplicationContext 
2020:05:11 22:04:59.594 [main] INFO  o.s.web.context.ContextLoader.prepareWebApplicationContext(284) - Root WebApplicationContext: initialization completed in 6027 ms 
2020:05:11 22:04:59.804 [main] INFO  c.p.w.f.GlobalExceptionHandlerFilter.init(49) - Init Catching exception filter. 
2020:05:11 22:04:59.936 [main] INFO  com.zaxxer.hikari.HikariDataSource.getConnection(110) - HikariPool-1 - Starting... 
2020:05:11 22:04:59.941 [main] WARN  c.z.hikari.util.DriverDataSource.<init>(70) - Registered driver with driverClassName=com.mysql.jdbc.Driver was not found, trying direct instantiation. 
2020:05:11 22:05:00.500 [main] INFO  com.zaxxer.hikari.HikariDataSource.getConnection(123) - HikariPool-1 - Start completed. 
2020:05:11 22:05:02.587 [main] INFO  liquibase.executor.jvm.JdbcExecutor.info(42) - SELECT COUNT(*) FROM web_db.DATABASECHANGELOGLOCK 
2020:05:11 22:05:02.644 [main] INFO  liquibase.executor.jvm.JdbcExecutor.info(42) - SELECT COUNT(*) FROM web_db.DATABASECHANGELOGLOCK 
2020:05:11 22:05:02.648 [main] INFO  liquibase.executor.jvm.JdbcExecutor.info(42) - SELECT `LOCKED` FROM web_db.DATABASECHANGELOGLOCK WHERE ID=1 
2020:05:11 22:05:02.691 [main] INFO  l.lockservice.StandardLockService.info(42) - Successfully acquired change log lock 
2020:05:11 22:05:05.305 [main] INFO  liquibase.executor.jvm.JdbcExecutor.info(42) - SELECT MD5SUM FROM web_db.DATABASECHANGELOG WHERE MD5SUM IS NOT NULL LIMIT 1 
2020:05:11 22:05:05.311 [main] INFO  liquibase.executor.jvm.JdbcExecutor.info(42) - SELECT COUNT(*) FROM web_db.DATABASECHANGELOG 
2020:05:11 22:05:05.313 [main] INFO  l.c.StandardChangeLogHistoryService.info(42) - Reading from web_db.DATABASECHANGELOG 
2020:05:11 22:05:05.313 [main] INFO  liquibase.executor.jvm.JdbcExecutor.info(42) - SELECT * FROM web_db.DATABASECHANGELOG ORDER BY DATEEXECUTED ASC, ORDEREXECUTED ASC 
2020:05:11 22:05:05.411 [main] INFO  l.lockservice.StandardLockService.info(42) - Successfully released change log lock 
2020:05:11 22:05:05.745 [main] INFO  o.h.jpa.internal.util.LogHelper.logPersistenceUnitInformation(31) - HHH000204: Processing PersistenceUnitInfo [name: default] 
2020:05:11 22:05:05.916 [main] INFO  org.hibernate.Version.logVersion(46) - HHH000412: Hibernate Core {5.4.10.Final} 
2020:05:11 22:05:06.315 [main] INFO  o.h.annotations.common.Version.<clinit>(49) - HCANN000001: Hibernate Commons Annotations {5.1.0.Final} 
2020:05:11 22:05:06.719 [main] INFO  org.hibernate.dialect.Dialect.<init>(172) - HHH000400: Using dialect: org.hibernate.dialect.MySQL57Dialect 
2020:05:11 22:05:09.245 [main] INFO  o.h.e.t.j.p.i.JtaPlatformInitiator.initiateService(52) - HHH000490: Using JtaPlatform implementation: [org.hibernate.engine.transaction.jta.platform.internal.NoJtaPlatform] 
2020:05:11 22:05:09.277 [main] INFO  o.s.o.j.LocalContainerEntityManagerFactoryBean.buildNativeEntityManagerFactory(416) - Initialized JPA EntityManagerFactory for persistence unit 'default' 
2020:05:11 22:05:10.054 [main] WARN  o.s.b.a.o.j.JpaBaseConfiguration$JpaWebConfiguration.openEntityManagerInViewInterceptor(220) - spring.jpa.open-in-view is enabled by default. Therefore, database queries may be performed during view rendering. Explicitly configure spring.jpa.open-in-view to disable this warning 
2020:05:11 22:05:10.471 [main] WARN  o.s.b.w.s.c.AnnotationConfigServletWebServerApplicationContext.__refresh(558) - Exception encountered during context initialization - cancelling refresh attempt: org.springframework.beans.factory.UnsatisfiedDependencyException: Error creating bean with name 'newsService': Unsatisfied dependency expressed through field 'repository'; nested exception is org.springframework.beans.factory.BeanCreationException: Error creating bean with name 'newsRepository': Invocation of init method failed; nested exception is java.lang.IllegalArgumentException: Failed to create query for method public abstract java.util.List com.project.web.repository.NewsRepository.findTop3OrderByCreatedTimeDesc()! No property desc found for type Date! Traversed path: NewsEntity.createdTime. 
2020:05:11 22:05:10.474 [main] INFO  o.s.o.j.LocalContainerEntityManagerFactoryBean.destroy(598) - Closing JPA EntityManagerFactory for persistence unit 'default' 
2020:05:11 22:05:10.479 [main] INFO  com.zaxxer.hikari.HikariDataSource.close(350) - HikariPool-1 - Shutdown initiated... 
2020:05:11 22:05:10.490 [main] INFO  com.zaxxer.hikari.HikariDataSource.close(352) - HikariPool-1 - Shutdown completed. 
2020:05:11 22:05:10.515 [main] INFO  o.a.catalina.core.StandardService.log(173) - Stopping service [Tomcat] 
2020:05:11 22:05:10.560 [main] INFO  o.s.b.a.l.ConditionEvaluationReportLoggingListener.logMessage(136) - 

Error starting ApplicationContext. To display the conditions report re-run your application with 'debug' enabled. 
2020:05:11 22:05:10.666 [main] ERROR o.s.boot.SpringApplication.reportFailure(826) - Application run failed 
org.springframework.beans.factory.UnsatisfiedDependencyException: Error creating bean with name 'newsService': Unsatisfied dependency expressed through field 'repository'; nested exception is org.springframework.beans.factory.BeanCreationException: Error creating bean with name 'newsRepository': Invocation of init method failed; nested exception is java.lang.IllegalArgumentException: Failed to create query for method public abstract java.util.List com.project.web.repository.NewsRepository.findTop3OrderByCreatedTimeDesc()! No property desc found for type Date! Traversed path: NewsEntity.createdTime.
	at org.springframework.beans.factory.annotation.AutowiredAnnotationBeanPostProcessor$AutowiredFieldElement.inject(AutowiredAnnotationBeanPostProcessor.java:643)
	at org.springframework.beans.factory.annotation.InjectionMetadata.inject(InjectionMetadata.java:116)
	at org.springframework.beans.factory.annotation.AutowiredAnnotationBeanPostProcessor.postProcessProperties(AutowiredAnnotationBeanPostProcessor.java:399)
	at org.springframework.beans.factory.support.AbstractAutowireCapableBeanFactory.populateBean(AbstractAutowireCapableBeanFactory.java:1422)
	at org.springframework.beans.factory.support.AbstractAutowireCapableBeanFactory.doCreateBean(AbstractAutowireCapableBeanFactory.java:594)
	at org.springframework.beans.factory.support.AbstractAutowireCapableBeanFactory.createBean(AbstractAutowireCapableBeanFactory.java:517)
	at org.springframework.beans.factory.support.AbstractBeanFactory.lambda$doGetBean$0(AbstractBeanFactory.java:323)
	at org.springframework.beans.factory.support.DefaultSingletonBeanRegistry.getSingleton(DefaultSingletonBeanRegistry.java:222)
	at org.springframework.beans.factory.support.AbstractBeanFactory.doGetBean(AbstractBeanFactory.java:321)
	at org.springframework.beans.factory.support.AbstractBeanFactory.getBean(AbstractBeanFactory.java:202)
	at org.springframework.beans.factory.support.DefaultListableBeanFactory.preInstantiateSingletons(DefaultListableBeanFactory.java:879)
	at org.springframework.context.support.AbstractApplicationContext.finishBeanFactoryInitialization(AbstractApplicationContext.java:878)
	at org.springframework.context.support.AbstractApplicationContext.__refresh(AbstractApplicationContext.java:550)
	at org.springframework.context.support.AbstractApplicationContext.jrLockAndRefresh(AbstractApplicationContext.java:40002)
	at org.springframework.context.support.AbstractApplicationContext.refresh(AbstractApplicationContext.java:41008)
	at org.springframework.boot.web.servlet.context.ServletWebServerApplicationContext.refresh(ServletWebServerApplicationContext.java:141)
	at org.springframework.boot.SpringApplication.refresh(SpringApplication.java:747)
	at org.springframework.boot.SpringApplication.refreshContext(SpringApplication.java:397)
	at org.springframework.boot.SpringApplication.run(SpringApplication.java:315)
	at org.springframework.boot.SpringApplication.run(SpringApplication.java:1226)
	at org.springframework.boot.SpringApplication.run(SpringApplication.java:1215)
	at com.project.web.WebApplication.main(WebApplication.java:10)
Caused by: org.springframework.beans.factory.BeanCreationException: Error creating bean with name 'newsRepository': Invocation of init method failed; nested exception is java.lang.IllegalArgumentException: Failed to create query for method public abstract java.util.List com.project.web.repository.NewsRepository.findTop3OrderByCreatedTimeDesc()! No property desc found for type Date! Traversed path: NewsEntity.createdTime.
	at org.springframework.beans.factory.support.AbstractAutowireCapableBeanFactory.initializeBean(AbstractAutowireCapableBeanFactory.java:1796)
	at org.springframework.beans.factory.support.AbstractAutowireCapableBeanFactory.doCreateBean(AbstractAutowireCapableBeanFactory.java:595)
	at org.springframework.beans.factory.support.AbstractAutowireCapableBeanFactory.createBean(AbstractAutowireCapableBeanFactory.java:517)
	at org.springframework.beans.factory.support.AbstractBeanFactory.lambda$doGetBean$0(AbstractBeanFactory.java:323)
	at org.springframework.beans.factory.support.DefaultSingletonBeanRegistry.getSingleton(DefaultSingletonBeanRegistry.java:222)
	at org.springframework.beans.factory.support.AbstractBeanFactory.doGetBean(AbstractBeanFactory.java:321)
	at org.springframework.beans.factory.support.AbstractBeanFactory.getBean(AbstractBeanFactory.java:202)
	at org.springframework.beans.factory.config.DependencyDescriptor.resolveCandidate(DependencyDescriptor.java:276)
	at org.springframework.beans.factory.support.DefaultListableBeanFactory.doResolveDependency(DefaultListableBeanFactory.java:1287)
	at org.springframework.beans.factory.support.DefaultListableBeanFactory.resolveDependency(DefaultListableBeanFactory.java:1207)
	at org.springframework.beans.factory.annotation.AutowiredAnnotationBeanPostProcessor$AutowiredFieldElement.inject(AutowiredAnnotationBeanPostProcessor.java:640)
	... 21 common frames omitted
Caused by: java.lang.IllegalArgumentException: Failed to create query for method public abstract java.util.List com.project.web.repository.NewsRepository.findTop3OrderByCreatedTimeDesc()! No property desc found for type Date! Traversed path: NewsEntity.createdTime.
	at org.springframework.data.jpa.repository.query.PartTreeJpaQuery.<init>(PartTreeJpaQuery.java:96)
	at org.springframework.data.jpa.repository.query.JpaQueryLookupStrategy$CreateQueryLookupStrategy.resolveQuery(JpaQueryLookupStrategy.java:103)
	at org.springframework.data.jpa.repository.query.JpaQueryLookupStrategy$CreateIfNotFoundQueryLookupStrategy.resolveQuery(JpaQueryLookupStrategy.java:209)
	at org.springframework.data.jpa.repository.query.JpaQueryLookupStrategy$AbstractQueryLookupStrategy.resolveQuery(JpaQueryLookupStrategy.java:78)
	at org.springframework.data.repository.core.support.RepositoryFactorySupport$QueryExecutorMethodInterceptor.lookupQuery(RepositoryFactorySupport.java:574)
	at org.springframework.data.repository.core.support.RepositoryFactorySupport$QueryExecutorMethodInterceptor.lambda$mapMethodsToQuery$1(RepositoryFactorySupport.java:567)
	at java.base/java.util.stream.ReferencePipeline$3$1.accept(ReferencePipeline.java:195)
	at java.base/java.util.Iterator.forEachRemaining(Iterator.java:133)
	at java.base/java.util.Collections$UnmodifiableCollection$1.forEachRemaining(Collections.java:1054)
	at java.base/java.util.Spliterators$IteratorSpliterator.forEachRemaining(Spliterators.java:1801)
	at java.base/java.util.stream.AbstractPipeline.copyInto(AbstractPipeline.java:484)
	at java.base/java.util.stream.AbstractPipeline.wrapAndCopyInto(AbstractPipeline.java:474)
	at java.base/java.util.stream.ReduceOps$ReduceOp.evaluateSequential(ReduceOps.java:913)
	at java.base/java.util.stream.AbstractPipeline.evaluate(AbstractPipeline.java:234)
	at java.base/java.util.stream.ReferencePipeline.collect(ReferencePipeline.java:578)
	at org.springframework.data.repository.core.support.RepositoryFactorySupport$QueryExecutorMethodInterceptor.mapMethodsToQuery(RepositoryFactorySupport.java:569)
	at org.springframework.data.repository.core.support.RepositoryFactorySupport$QueryExecutorMethodInterceptor.lambda$new$0(RepositoryFactorySupport.java:559)
	at java.base/java.util.Optional.map(Optional.java:265)
	at org.springframework.data.repository.core.support.RepositoryFactorySupport$QueryExecutorMethodInterceptor.<init>(RepositoryFactorySupport.java:559)
	at org.springframework.data.repository.core.support.RepositoryFactorySupport.getRepository(RepositoryFactorySupport.java:332)
	at org.springframework.data.repository.core.support.RepositoryFactoryBeanSupport.lambda$afterPropertiesSet$5(RepositoryFactoryBeanSupport.java:297)
	at org.springframework.data.util.Lazy.getNullable(Lazy.java:212)
	at org.springframework.data.util.Lazy.get(Lazy.java:94)
	at org.springframework.data.repository.core.support.RepositoryFactoryBeanSupport.afterPropertiesSet(RepositoryFactoryBeanSupport.java:300)
	at org.springframework.data.jpa.repository.support.JpaRepositoryFactoryBean.afterPropertiesSet(JpaRepositoryFactoryBean.java:121)
	at org.springframework.beans.factory.support.AbstractAutowireCapableBeanFactory.invokeInitMethods(AbstractAutowireCapableBeanFactory.java:1855)
	at org.springframework.beans.factory.support.AbstractAutowireCapableBeanFactory.initializeBean(AbstractAutowireCapableBeanFactory.java:1792)
	... 31 common frames omitted
Caused by: org.springframework.data.mapping.PropertyReferenceException: No property desc found for type Date! Traversed path: NewsEntity.createdTime.
	at org.springframework.data.mapping.PropertyPath.<init>(PropertyPath.java:94)
	at org.springframework.data.mapping.PropertyPath.create(PropertyPath.java:382)
	at org.springframework.data.mapping.PropertyPath.create(PropertyPath.java:358)
	at org.springframework.data.mapping.PropertyPath.create(PropertyPath.java:392)
	at org.springframework.data.mapping.PropertyPath.create(PropertyPath.java:416)
	at org.springframework.data.mapping.PropertyPath.create(PropertyPath.java:358)
	at org.springframework.data.mapping.PropertyPath.lambda$from$0(PropertyPath.java:311)
	at java.base/java.util.concurrent.ConcurrentMap.computeIfAbsent(ConcurrentMap.java:330)
	at org.springframework.data.mapping.PropertyPath.from(PropertyPath.java:293)
	at org.springframework.data.mapping.PropertyPath.from(PropertyPath.java:276)
	at org.springframework.data.repository.query.parser.Part.<init>(Part.java:82)
	at org.springframework.data.repository.query.parser.PartTree$OrPart.lambda$new$0(PartTree.java:250)
	at java.base/java.util.stream.ReferencePipeline$3$1.accept(ReferencePipeline.java:195)
	at java.base/java.util.stream.ReferencePipeline$2$1.accept(ReferencePipeline.java:177)
	at java.base/java.util.Spliterators$ArraySpliterator.forEachRemaining(Spliterators.java:948)
	at java.base/java.util.stream.AbstractPipeline.copyInto(AbstractPipeline.java:484)
	at java.base/java.util.stream.AbstractPipeline.wrapAndCopyInto(AbstractPipeline.java:474)
	at java.base/java.util.stream.ReduceOps$ReduceOp.evaluateSequential(ReduceOps.java:913)
	at java.base/java.util.stream.AbstractPipeline.evaluate(AbstractPipeline.java:234)
	at java.base/java.util.stream.ReferencePipeline.collect(ReferencePipeline.java:578)
	at org.springframework.data.repository.query.parser.PartTree$OrPart.<init>(PartTree.java:251)
	at org.springframework.data.repository.query.parser.PartTree$Predicate.lambda$new$0(PartTree.java:380)
	at java.base/java.util.stream.ReferencePipeline$3$1.accept(ReferencePipeline.java:195)
	at java.base/java.util.stream.ReferencePipeline$2$1.accept(ReferencePipeline.java:177)
	at java.base/java.util.Spliterators$ArraySpliterator.forEachRemaining(Spliterators.java:948)
	at java.base/java.util.stream.AbstractPipeline.copyInto(AbstractPipeline.java:484)
	at java.base/java.util.stream.AbstractPipeline.wrapAndCopyInto(AbstractPipeline.java:474)
	at java.base/java.util.stream.ReduceOps$ReduceOp.evaluateSequential(ReduceOps.java:913)
	at java.base/java.util.stream.AbstractPipeline.evaluate(AbstractPipeline.java:234)
	at java.base/java.util.stream.ReferencePipeline.collect(ReferencePipeline.java:578)
	at org.springframework.data.repository.query.parser.PartTree$Predicate.<init>(PartTree.java:381)
	at org.springframework.data.repository.query.parser.PartTree.<init>(PartTree.java:96)
	at org.springframework.data.jpa.repository.query.PartTreeJpaQuery.<init>(PartTreeJpaQuery.java:89)
	... 57 common frames omitted
2020:05:11 22:06:10.562 [main] INFO  o.s.b.d.r.RestartApplicationListener.onApplicationStartingEvent(72) - Restart disabled due to an agent-based reloader being active 
2020:05:11 22:06:11.399 [main] INFO  com.project.web.WebApplication.logStarting(55) - Starting WebApplication on ngocnd with PID 9716 (/home/ngocnd/rabiloo/aydia-PJ/web/target/classes started by ngocnd in /home/ngocnd/rabiloo/aydia-PJ/web) 
2020:05:11 22:06:11.400 [main] INFO  com.project.web.WebApplication.logStartupProfileInfo(651) - No active profile set, falling back to default profiles: default 
2020:05:11 22:06:11.850 [main] INFO  o.s.b.d.restart.ChangeableUrls.logTo(225) - The Class-Path manifest attribute in /home/ngocnd/.m2/repository/org/glassfish/jaxb/jaxb-runtime/2.3.2/jaxb-runtime-2.3.2.jar referenced one or more files that do not exist: file:/home/ngocnd/.m2/repository/org/glassfish/jaxb/jaxb-runtime/2.3.2/jakarta.xml.bind-api-2.3.2.jar,file:/home/ngocnd/.m2/repository/org/glassfish/jaxb/jaxb-runtime/2.3.2/txw2-2.3.2.jar,file:/home/ngocnd/.m2/repository/org/glassfish/jaxb/jaxb-runtime/2.3.2/istack-commons-runtime-3.0.8.jar,file:/home/ngocnd/.m2/repository/org/glassfish/jaxb/jaxb-runtime/2.3.2/stax-ex-1.8.1.jar,file:/home/ngocnd/.m2/repository/org/glassfish/jaxb/jaxb-runtime/2.3.2/FastInfoset-1.2.16.jar,file:/home/ngocnd/.m2/repository/org/glassfish/jaxb/jaxb-runtime/2.3.2/jakarta.activation-api-1.2.1.jar 
2020:05:11 22:06:11.851 [main] INFO  o.s.b.d.e.DevToolsPropertyDefaultsPostProcessor.logTo(225) - Devtools property defaults active! Set 'spring.devtools.add-properties' to 'false' to disable 
2020:05:11 22:06:11.851 [main] INFO  o.s.b.d.e.DevToolsPropertyDefaultsPostProcessor.logTo(225) - For additional web related logging consider setting the 'logging.level.web' property to 'DEBUG' 
2020:05:11 22:06:13.305 [main] INFO  o.s.d.r.c.RepositoryConfigurationDelegate.registerRepositoriesIn(127) - Bootstrapping Spring Data JPA repositories in DEFAULT mode. 
2020:05:11 22:06:13.499 [main] INFO  o.s.d.r.c.RepositoryConfigurationDelegate.registerRepositoriesIn(187) - Finished Spring Data repository scanning in 182ms. Found 10 JPA repository interfaces. 
2020:05:11 22:06:14.134 [main] INFO  o.s.c.s.PostProcessorRegistrationDelegate$BeanPostProcessorChecker.postProcessAfterInitialization(330) - Bean 'org.springframework.transaction.annotation.ProxyTransactionManagementConfiguration' of type [org.springframework.transaction.annotation.ProxyTransactionManagementConfiguration] is not eligible for getting processed by all BeanPostProcessors (for example: not eligible for auto-proxying) 
2020:05:11 22:06:14.905 [main] INFO  o.s.b.w.e.tomcat.TomcatWebServer.initialize(92) - Tomcat initialized with port(s): 8081 (http) 
2020:05:11 22:06:14.920 [main] INFO  o.a.coyote.http11.Http11NioProtocol.log(173) - Initializing ProtocolHandler ["http-nio-8081"] 
2020:05:11 22:06:14.921 [main] INFO  o.a.catalina.core.StandardService.log(173) - Starting service [Tomcat] 
2020:05:11 22:06:14.922 [main] INFO  o.a.catalina.core.StandardEngine.log(173) - Starting Servlet engine: [Apache Tomcat/9.0.30] 
2020:05:11 22:06:15.338 [main] INFO  o.a.c.c.C.[Tomcat].[localhost].[/].log(173) - Initializing Spring embedded WebApplicationContext 
2020:05:11 22:06:15.339 [main] INFO  o.s.web.context.ContextLoader.prepareWebApplicationContext(284) - Root WebApplicationContext: initialization completed in 3488 ms 
2020:05:11 22:06:15.405 [main] INFO  c.p.w.f.GlobalExceptionHandlerFilter.init(49) - Init Catching exception filter. 
2020:05:11 22:06:15.539 [main] INFO  com.zaxxer.hikari.HikariDataSource.getConnection(110) - HikariPool-1 - Starting... 
2020:05:11 22:06:15.544 [main] WARN  c.z.hikari.util.DriverDataSource.<init>(70) - Registered driver with driverClassName=com.mysql.jdbc.Driver was not found, trying direct instantiation. 
2020:05:11 22:06:16.149 [main] INFO  com.zaxxer.hikari.HikariDataSource.getConnection(123) - HikariPool-1 - Start completed. 
2020:05:11 22:06:17.365 [main] INFO  liquibase.executor.jvm.JdbcExecutor.info(42) - SELECT COUNT(*) FROM web_db.DATABASECHANGELOGLOCK 
2020:05:11 22:06:17.371 [main] INFO  liquibase.executor.jvm.JdbcExecutor.info(42) - SELECT COUNT(*) FROM web_db.DATABASECHANGELOGLOCK 
2020:05:11 22:06:17.373 [main] INFO  liquibase.executor.jvm.JdbcExecutor.info(42) - SELECT `LOCKED` FROM web_db.DATABASECHANGELOGLOCK WHERE ID=1 
2020:05:11 22:06:17.396 [main] INFO  l.lockservice.StandardLockService.info(42) - Successfully acquired change log lock 
2020:05:11 22:06:19.972 [main] INFO  liquibase.executor.jvm.JdbcExecutor.info(42) - SELECT MD5SUM FROM web_db.DATABASECHANGELOG WHERE MD5SUM IS NOT NULL LIMIT 1 
2020:05:11 22:06:19.975 [main] INFO  liquibase.executor.jvm.JdbcExecutor.info(42) - SELECT COUNT(*) FROM web_db.DATABASECHANGELOG 
2020:05:11 22:06:19.976 [main] INFO  l.c.StandardChangeLogHistoryService.info(42) - Reading from web_db.DATABASECHANGELOG 
2020:05:11 22:06:19.976 [main] INFO  liquibase.executor.jvm.JdbcExecutor.info(42) - SELECT * FROM web_db.DATABASECHANGELOG ORDER BY DATEEXECUTED ASC, ORDEREXECUTED ASC 
2020:05:11 22:06:20.014 [main] INFO  l.lockservice.StandardLockService.info(42) - Successfully released change log lock 
2020:05:11 22:06:20.154 [main] INFO  o.h.jpa.internal.util.LogHelper.logPersistenceUnitInformation(31) - HHH000204: Processing PersistenceUnitInfo [name: default] 
2020:05:11 22:06:20.235 [main] INFO  org.hibernate.Version.logVersion(46) - HHH000412: Hibernate Core {5.4.10.Final} 
2020:05:11 22:06:20.416 [main] INFO  o.h.annotations.common.Version.<clinit>(49) - HCANN000001: Hibernate Commons Annotations {5.1.0.Final} 
2020:05:11 22:06:20.566 [main] INFO  org.hibernate.dialect.Dialect.<init>(172) - HHH000400: Using dialect: org.hibernate.dialect.MySQL57Dialect 
2020:05:11 22:06:21.899 [main] INFO  o.h.e.t.j.p.i.JtaPlatformInitiator.initiateService(52) - HHH000490: Using JtaPlatform implementation: [org.hibernate.engine.transaction.jta.platform.internal.NoJtaPlatform] 
2020:05:11 22:06:21.922 [main] INFO  o.s.o.j.LocalContainerEntityManagerFactoryBean.buildNativeEntityManagerFactory(416) - Initialized JPA EntityManagerFactory for persistence unit 'default' 
2020:05:11 22:06:22.636 [main] WARN  o.s.b.a.o.j.JpaBaseConfiguration$JpaWebConfiguration.openEntityManagerInViewInterceptor(220) - spring.jpa.open-in-view is enabled by default. Therefore, database queries may be performed during view rendering. Explicitly configure spring.jpa.open-in-view to disable this warning 
2020:05:11 22:06:24.450 [main] INFO  c.p.web.security.SecurityConfig.configure(41) - Enable application security. 
2020:05:11 22:06:24.485 [main] INFO  o.s.s.web.DefaultSecurityFilterChain.<init>(43) - Creating filter chain: Ant [pattern='/libs/**'], [] 
2020:05:11 22:06:24.486 [main] INFO  o.s.s.web.DefaultSecurityFilterChain.<init>(43) - Creating filter chain: Ant [pattern='/custom/**'], [] 
2020:05:11 22:06:24.486 [main] INFO  o.s.s.web.DefaultSecurityFilterChain.<init>(43) - Creating filter chain: Ant [pattern='/js/**'], [] 
2020:05:11 22:06:24.486 [main] INFO  o.s.s.web.DefaultSecurityFilterChain.<init>(43) - Creating filter chain: Ant [pattern='/icon/**'], [] 
2020:05:11 22:06:24.486 [main] INFO  o.s.s.web.DefaultSecurityFilterChain.<init>(43) - Creating filter chain: Ant [pattern='/images/**'], [] 
2020:05:11 22:06:24.487 [main] INFO  o.s.s.web.DefaultSecurityFilterChain.<init>(43) - Creating filter chain: Ant [pattern='/favicon.ico/**'], [] 
2020:05:11 22:06:24.487 [main] INFO  o.s.s.web.DefaultSecurityFilterChain.<init>(43) - Creating filter chain: Ant [pattern='/webjars/springfox-swagger-ui/**'], [] 
2020:05:11 22:06:24.487 [main] INFO  o.s.s.web.DefaultSecurityFilterChain.<init>(43) - Creating filter chain: Ant [pattern='/swagger-ui.html/**'], [] 
2020:05:11 22:06:24.487 [main] INFO  o.s.s.web.DefaultSecurityFilterChain.<init>(43) - Creating filter chain: Ant [pattern='/swagger-resources/**'], [] 
2020:05:11 22:06:24.487 [main] INFO  o.s.s.web.DefaultSecurityFilterChain.<init>(43) - Creating filter chain: Ant [pattern='/v1/api-docs'], [] 
2020:05:11 22:06:24.558 [main] INFO  o.s.s.web.DefaultSecurityFilterChain.<init>(43) - Creating filter chain: any request, [org.springframework.security.web.context.request.async.WebAsyncManagerIntegrationFilter@1120bcc1, org.springframework.security.web.context.SecurityContextPersistenceFilter@67ab93c4, org.springframework.security.web.header.HeaderWriterFilter@3d75e976, org.springframework.security.web.authentication.logout.LogoutFilter@7201a392, org.springframework.security.web.authentication.UsernamePasswordAuthenticationFilter@639c66cd, org.springframework.security.web.savedrequest.RequestCacheAwareFilter@50f53c99, org.springframework.security.web.servletapi.SecurityContextHolderAwareRequestFilter@6c1c7ebc, org.springframework.security.web.authentication.AnonymousAuthenticationFilter@60d31a5e, org.springframework.security.web.session.SessionManagementFilter@75c6032f, org.springframework.security.web.access.ExceptionTranslationFilter@6191721a, org.springframework.security.web.access.intercept.FilterSecurityInterceptor@36a99435] 
2020:05:11 22:06:24.773 [main] INFO  o.s.s.c.ThreadPoolTaskExecutor.initialize(171) - Initializing ExecutorService 'applicationTaskExecutor' 
2020:05:11 22:06:25.053 [main] INFO  o.s.b.d.a.OptionalLiveReloadServer.startServer(58) - LiveReload server is running on port 35729 
2020:05:11 22:06:26.421 [main] INFO  s.d.s.w.p.DocumentationPluginsBootstrapper.start(120) - Context refreshed 
2020:05:11 22:06:26.457 [main] INFO  s.d.s.w.p.DocumentationPluginsBootstrapper.start(123) - Found 1 custom documentation plugin(s) 
2020:05:11 22:06:26.478 [main] INFO  s.d.s.w.s.ApiListingReferenceScanner.scan(41) - Scanning for api listing references 
2020:05:11 22:06:26.930 [main] INFO  s.d.s.w.r.o.CachingOperationNameGenerator.startingWith(40) - Generating unique operation named: getAllUsingGET_1 
2020:05:11 22:06:26.940 [main] INFO  s.d.s.w.r.o.CachingOperationNameGenerator.startingWith(40) - Generating unique operation named: saveUsingPOST_1 
2020:05:11 22:06:26.991 [main] INFO  s.d.s.w.r.o.CachingOperationNameGenerator.startingWith(40) - Generating unique operation named: saveUsingPOST_2 
2020:05:11 22:06:26.999 [main] INFO  s.d.s.w.r.o.CachingOperationNameGenerator.startingWith(40) - Generating unique operation named: saveOrUpdateUsingPOST_1 
2020:05:11 22:06:27.010 [main] INFO  s.d.s.w.r.o.CachingOperationNameGenerator.startingWith(40) - Generating unique operation named: getUsingGET_1 
2020:05:11 22:06:27.015 [main] INFO  s.d.s.w.r.o.CachingOperationNameGenerator.startingWith(40) - Generating unique operation named: saveOrUpdateUsingPOST_2 
2020:05:11 22:06:27.030 [main] INFO  s.d.s.w.r.o.CachingOperationNameGenerator.startingWith(40) - Generating unique operation named: getUsingGET_2 
2020:05:11 22:06:27.041 [main] INFO  s.d.s.w.r.o.CachingOperationNameGenerator.startingWith(40) - Generating unique operation named: getListUsingGET_1 
2020:05:11 22:06:27.053 [main] INFO  s.d.s.w.r.o.CachingOperationNameGenerator.startingWith(40) - Generating unique operation named: saveUsingPOST_3 
2020:05:11 22:06:27.071 [main] INFO  s.d.s.w.r.o.CachingOperationNameGenerator.startingWith(40) - Generating unique operation named: getUsingGET_3 
2020:05:11 22:06:27.077 [main] INFO  s.d.s.w.r.o.CachingOperationNameGenerator.startingWith(40) - Generating unique operation named: getListUsingGET_2 
2020:05:11 22:06:27.088 [main] INFO  s.d.s.w.r.o.CachingOperationNameGenerator.startingWith(40) - Generating unique operation named: getListUsingGET_3 
2020:05:11 22:06:27.100 [main] INFO  s.d.s.w.r.o.CachingOperationNameGenerator.startingWith(40) - Generating unique operation named: saveUsingPOST_4 
2020:05:11 22:06:27.115 [main] INFO  s.d.s.w.r.o.CachingOperationNameGenerator.startingWith(40) - Generating unique operation named: getUsingGET_4 
2020:05:11 22:06:27.119 [main] INFO  s.d.s.w.r.o.CachingOperationNameGenerator.startingWith(40) - Generating unique operation named: getListUsingGET_4 
2020:05:11 22:06:27.130 [main] INFO  s.d.s.w.r.o.CachingOperationNameGenerator.startingWith(40) - Generating unique operation named: getListUsingGET_5 
2020:05:11 22:06:27.137 [main] INFO  s.d.s.w.r.o.CachingOperationNameGenerator.startingWith(40) - Generating unique operation named: saveUsingPOST_5 
2020:05:11 22:06:27.153 [main] INFO  s.d.s.w.r.o.CachingOperationNameGenerator.startingWith(40) - Generating unique operation named: changePasswordUsingGET_1 
2020:05:11 22:06:27.161 [main] INFO  s.d.s.w.r.o.CachingOperationNameGenerator.startingWith(40) - Generating unique operation named: getUsingGET_5 
2020:05:11 22:06:27.237 [main] INFO  o.a.coyote.http11.Http11NioProtocol.log(173) - Starting ProtocolHandler ["http-nio-8081"] 
2020:05:11 22:06:27.316 [main] INFO  o.s.b.w.e.tomcat.TomcatWebServer.start(204) - Tomcat started on port(s): 8081 (http) with context path '' 
2020:05:11 22:06:27.321 [main] INFO  com.project.web.WebApplication.logStarted(61) - Started WebApplication in 16.783 seconds (JVM running for 20.397) 
2020:05:11 22:08:34.763 [http-nio-8081-exec-1] INFO  o.a.c.c.C.[Tomcat].[localhost].[/].log(173) - Initializing Spring DispatcherServlet 'dispatcherServlet' 
2020:05:11 22:08:34.764 [http-nio-8081-exec-1] INFO  o.s.web.servlet.DispatcherServlet.initServletBean(525) - Initializing Servlet 'dispatcherServlet' 
2020:05:11 22:08:34.779 [http-nio-8081-exec-1] INFO  o.s.web.servlet.DispatcherServlet.initServletBean(547) - Completed initialization in 15 ms 
2020:05:11 22:29:59.607 [restartedMain] INFO  com.project.web.WebApplication.logStarting(55) - Starting WebApplication on DESKTOP-OPKI8IN with PID 17668 (E:\Work\HARADA\web\aydia-PJ\web\target\classes started by admin in E:\Work\HARADA\web\aydia-PJ\web) 
2020:05:11 22:29:59.640 [restartedMain] INFO  com.project.web.WebApplication.logStartupProfileInfo(651) - No active profile set, falling back to default profiles: default 
2020:05:11 22:30:00.476 [restartedMain] INFO  o.s.b.d.restart.ChangeableUrls.logTo(225) - The Class-Path manifest attribute in C:\Users\admin\.m2\repository\org\glassfish\jaxb\jaxb-runtime\2.3.2\jaxb-runtime-2.3.2.jar referenced one or more files that do not exist: file:/C:/Users/admin/.m2/repository/org/glassfish/jaxb/jaxb-runtime/2.3.2/jakarta.xml.bind-api-2.3.2.jar,file:/C:/Users/admin/.m2/repository/org/glassfish/jaxb/jaxb-runtime/2.3.2/txw2-2.3.2.jar,file:/C:/Users/admin/.m2/repository/org/glassfish/jaxb/jaxb-runtime/2.3.2/istack-commons-runtime-3.0.8.jar,file:/C:/Users/admin/.m2/repository/org/glassfish/jaxb/jaxb-runtime/2.3.2/stax-ex-1.8.1.jar,file:/C:/Users/admin/.m2/repository/org/glassfish/jaxb/jaxb-runtime/2.3.2/FastInfoset-1.2.16.jar,file:/C:/Users/admin/.m2/repository/org/glassfish/jaxb/jaxb-runtime/2.3.2/jakarta.activation-api-1.2.1.jar 
2020:05:11 22:30:00.477 [restartedMain] INFO  o.s.b.d.e.DevToolsPropertyDefaultsPostProcessor.logTo(225) - Devtools property defaults active! Set 'spring.devtools.add-properties' to 'false' to disable 
2020:05:11 22:30:00.478 [restartedMain] INFO  o.s.b.d.e.DevToolsPropertyDefaultsPostProcessor.logTo(225) - For additional web related logging consider setting the 'logging.level.web' property to 'DEBUG' 
2020:05:11 22:30:04.374 [restartedMain] INFO  o.s.d.r.c.RepositoryConfigurationDelegate.registerRepositoriesIn(127) - Bootstrapping Spring Data JPA repositories in DEFAULT mode. 
2020:05:11 22:30:04.634 [restartedMain] INFO  o.s.d.r.c.RepositoryConfigurationDelegate.registerRepositoriesIn(187) - Finished Spring Data repository scanning in 234ms. Found 10 JPA repository interfaces. 
2020:05:11 22:30:05.749 [restartedMain] INFO  o.s.c.s.PostProcessorRegistrationDelegate$BeanPostProcessorChecker.postProcessAfterInitialization(330) - Bean 'org.springframework.transaction.annotation.ProxyTransactionManagementConfiguration' of type [org.springframework.transaction.annotation.ProxyTransactionManagementConfiguration] is not eligible for getting processed by all BeanPostProcessors (for example: not eligible for auto-proxying) 
2020:05:11 22:30:06.661 [restartedMain] INFO  o.s.b.w.e.tomcat.TomcatWebServer.initialize(92) - Tomcat initialized with port(s): 8081 (http) 
2020:05:11 22:30:06.705 [restartedMain] INFO  o.a.coyote.http11.Http11NioProtocol.log(173) - Initializing ProtocolHandler ["http-nio-8081"] 
2020:05:11 22:30:06.707 [restartedMain] INFO  o.a.catalina.core.StandardService.log(173) - Starting service [Tomcat] 
2020:05:11 22:30:06.708 [restartedMain] INFO  o.a.catalina.core.StandardEngine.log(173) - Starting Servlet engine: [Apache Tomcat/9.0.30] 
2020:05:11 22:30:06.908 [restartedMain] INFO  o.a.c.c.C.[Tomcat].[localhost].[/].log(173) - Initializing Spring embedded WebApplicationContext 
2020:05:11 22:30:06.908 [restartedMain] INFO  o.s.web.context.ContextLoader.prepareWebApplicationContext(284) - Root WebApplicationContext: initialization completed in 6430 ms 
2020:05:11 22:30:06.985 [restartedMain] INFO  c.p.w.f.GlobalExceptionHandlerFilter.init(49) - Init Catching exception filter. 
2020:05:11 22:30:07.108 [restartedMain] INFO  com.zaxxer.hikari.HikariDataSource.getConnection(110) - HikariPool-1 - Starting... 
2020:05:11 22:30:07.117 [restartedMain] WARN  c.z.hikari.util.DriverDataSource.<init>(70) - Registered driver with driverClassName=com.mysql.jdbc.Driver was not found, trying direct instantiation. 
2020:05:11 22:30:07.497 [restartedMain] INFO  com.zaxxer.hikari.HikariDataSource.getConnection(123) - HikariPool-1 - Start completed. 
2020:05:11 22:30:10.845 [restartedMain] INFO  liquibase.executor.jvm.JdbcExecutor.info(42) - SELECT COUNT(*) FROM web_db.DATABASECHANGELOGLOCK 
2020:05:11 22:30:10.868 [restartedMain] INFO  liquibase.executor.jvm.JdbcExecutor.info(42) - SELECT COUNT(*) FROM web_db.DATABASECHANGELOGLOCK 
2020:05:11 22:30:10.873 [restartedMain] INFO  liquibase.executor.jvm.JdbcExecutor.info(42) - SELECT `LOCKED` FROM web_db.DATABASECHANGELOGLOCK WHERE ID=1 
2020:05:11 22:30:10.931 [restartedMain] INFO  l.lockservice.StandardLockService.info(42) - Successfully acquired change log lock 
2020:05:11 22:30:14.510 [restartedMain] INFO  liquibase.executor.jvm.JdbcExecutor.info(42) - SELECT MD5SUM FROM web_db.DATABASECHANGELOG WHERE MD5SUM IS NOT NULL LIMIT 1 
2020:05:11 22:30:14.514 [restartedMain] INFO  liquibase.executor.jvm.JdbcExecutor.info(42) - SELECT COUNT(*) FROM web_db.DATABASECHANGELOG 
2020:05:11 22:30:14.516 [restartedMain] INFO  l.c.StandardChangeLogHistoryService.info(42) - Reading from web_db.DATABASECHANGELOG 
2020:05:11 22:30:14.516 [restartedMain] INFO  liquibase.executor.jvm.JdbcExecutor.info(42) - SELECT * FROM web_db.DATABASECHANGELOG ORDER BY DATEEXECUTED ASC, ORDEREXECUTED ASC 
2020:05:11 22:30:14.604 [restartedMain] INFO  l.lockservice.StandardLockService.info(42) - Successfully released change log lock 
2020:05:11 22:30:14.881 [restartedMain] INFO  o.h.jpa.internal.util.LogHelper.logPersistenceUnitInformation(31) - HHH000204: Processing PersistenceUnitInfo [name: default] 
2020:05:11 22:30:15.125 [restartedMain] INFO  org.hibernate.Version.logVersion(46) - HHH000412: Hibernate Core {5.4.10.Final} 
2020:05:11 22:30:15.406 [restartedMain] INFO  o.h.annotations.common.Version.<clinit>(49) - HCANN000001: Hibernate Commons Annotations {5.1.0.Final} 
2020:05:11 22:30:15.635 [restartedMain] INFO  org.hibernate.dialect.Dialect.<init>(172) - HHH000400: Using dialect: org.hibernate.dialect.MySQL55Dialect 
2020:05:11 22:30:16.768 [restartedMain] INFO  o.h.e.t.j.p.i.JtaPlatformInitiator.initiateService(52) - HHH000490: Using JtaPlatform implementation: [org.hibernate.engine.transaction.jta.platform.internal.NoJtaPlatform] 
2020:05:11 22:30:16.776 [restartedMain] INFO  o.s.o.j.LocalContainerEntityManagerFactoryBean.buildNativeEntityManagerFactory(416) - Initialized JPA EntityManagerFactory for persistence unit 'default' 
2020:05:11 22:30:17.386 [restartedMain] WARN  o.s.b.a.o.j.JpaBaseConfiguration$JpaWebConfiguration.openEntityManagerInViewInterceptor(220) - spring.jpa.open-in-view is enabled by default. Therefore, database queries may be performed during view rendering. Explicitly configure spring.jpa.open-in-view to disable this warning 
2020:05:11 22:30:18.507 [restartedMain] INFO  c.p.web.security.SecurityConfig.configure(41) - Enable application security. 
2020:05:11 22:30:18.520 [restartedMain] INFO  o.s.s.web.DefaultSecurityFilterChain.<init>(43) - Creating filter chain: Ant [pattern='/libs/**'], [] 
2020:05:11 22:30:18.521 [restartedMain] INFO  o.s.s.web.DefaultSecurityFilterChain.<init>(43) - Creating filter chain: Ant [pattern='/custom/**'], [] 
2020:05:11 22:30:18.521 [restartedMain] INFO  o.s.s.web.DefaultSecurityFilterChain.<init>(43) - Creating filter chain: Ant [pattern='/js/**'], [] 
2020:05:11 22:30:18.522 [restartedMain] INFO  o.s.s.web.DefaultSecurityFilterChain.<init>(43) - Creating filter chain: Ant [pattern='/icon/**'], [] 
2020:05:11 22:30:18.522 [restartedMain] INFO  o.s.s.web.DefaultSecurityFilterChain.<init>(43) - Creating filter chain: Ant [pattern='/images/**'], [] 
2020:05:11 22:30:18.522 [restartedMain] INFO  o.s.s.web.DefaultSecurityFilterChain.<init>(43) - Creating filter chain: Ant [pattern='/favicon.ico/**'], [] 
2020:05:11 22:30:18.523 [restartedMain] INFO  o.s.s.web.DefaultSecurityFilterChain.<init>(43) - Creating filter chain: Ant [pattern='/webjars/springfox-swagger-ui/**'], [] 
2020:05:11 22:30:18.523 [restartedMain] INFO  o.s.s.web.DefaultSecurityFilterChain.<init>(43) - Creating filter chain: Ant [pattern='/swagger-ui.html/**'], [] 
2020:05:11 22:30:18.524 [restartedMain] INFO  o.s.s.web.DefaultSecurityFilterChain.<init>(43) - Creating filter chain: Ant [pattern='/swagger-resources/**'], [] 
2020:05:11 22:30:18.524 [restartedMain] INFO  o.s.s.web.DefaultSecurityFilterChain.<init>(43) - Creating filter chain: Ant [pattern='/v1/api-docs'], [] 
2020:05:11 22:30:18.582 [restartedMain] INFO  o.s.s.web.DefaultSecurityFilterChain.<init>(43) - Creating filter chain: any request, [org.springframework.security.web.context.request.async.WebAsyncManagerIntegrationFilter@37f7a2a5, org.springframework.security.web.context.SecurityContextPersistenceFilter@6f6747f6, org.springframework.security.web.header.HeaderWriterFilter@1fafe51a, org.springframework.security.web.authentication.logout.LogoutFilter@6635bc45, org.springframework.security.web.authentication.UsernamePasswordAuthenticationFilter@1c574184, org.springframework.security.web.savedrequest.RequestCacheAwareFilter@65db6133, org.springframework.security.web.servletapi.SecurityContextHolderAwareRequestFilter@29c3b018, org.springframework.security.web.authentication.AnonymousAuthenticationFilter@118a8ebe, org.springframework.security.web.session.SessionManagementFilter@3ddbcb5d, org.springframework.security.web.access.ExceptionTranslationFilter@4a51014a, org.springframework.security.web.access.intercept.FilterSecurityInterceptor@4dbf3daf] 
2020:05:11 22:30:18.818 [restartedMain] INFO  o.s.s.c.ThreadPoolTaskExecutor.initialize(171) - Initializing ExecutorService 'applicationTaskExecutor' 
2020:05:11 22:30:18.856 [restartedMain] INFO  o.s.b.d.a.OptionalLiveReloadServer.startServer(58) - LiveReload server is running on port 35729 
2020:05:11 22:30:21.388 [restartedMain] INFO  s.d.s.w.p.DocumentationPluginsBootstrapper.start(120) - Context refreshed 
2020:05:11 22:30:21.426 [restartedMain] INFO  s.d.s.w.p.DocumentationPluginsBootstrapper.start(123) - Found 1 custom documentation plugin(s) 
2020:05:11 22:30:21.444 [restartedMain] INFO  s.d.s.w.s.ApiListingReferenceScanner.scan(41) - Scanning for api listing references 
2020:05:11 22:30:21.874 [restartedMain] INFO  s.d.s.w.r.o.CachingOperationNameGenerator.startingWith(40) - Generating unique operation named: getAllUsingGET_1 
2020:05:11 22:30:21.882 [restartedMain] INFO  s.d.s.w.r.o.CachingOperationNameGenerator.startingWith(40) - Generating unique operation named: saveUsingPOST_1 
2020:05:11 22:30:21.948 [restartedMain] INFO  s.d.s.w.r.o.CachingOperationNameGenerator.startingWith(40) - Generating unique operation named: saveUsingPOST_2 
2020:05:11 22:30:21.960 [restartedMain] INFO  s.d.s.w.r.o.CachingOperationNameGenerator.startingWith(40) - Generating unique operation named: saveOrUpdateUsingPOST_1 
2020:05:11 22:30:21.980 [restartedMain] INFO  s.d.s.w.r.o.CachingOperationNameGenerator.startingWith(40) - Generating unique operation named: getUsingGET_1 
2020:05:11 22:30:21.985 [restartedMain] INFO  s.d.s.w.r.o.CachingOperationNameGenerator.startingWith(40) - Generating unique operation named: saveOrUpdateUsingPOST_2 
2020:05:11 22:30:22.009 [restartedMain] INFO  s.d.s.w.r.o.CachingOperationNameGenerator.startingWith(40) - Generating unique operation named: getUsingGET_2 
2020:05:11 22:30:22.021 [restartedMain] INFO  s.d.s.w.r.o.CachingOperationNameGenerator.startingWith(40) - Generating unique operation named: getListUsingGET_1 
2020:05:11 22:30:22.033 [restartedMain] INFO  s.d.s.w.r.o.CachingOperationNameGenerator.startingWith(40) - Generating unique operation named: saveUsingPOST_3 
2020:05:11 22:30:22.055 [restartedMain] INFO  s.d.s.w.r.o.CachingOperationNameGenerator.startingWith(40) - Generating unique operation named: getUsingGET_3 
2020:05:11 22:30:22.075 [restartedMain] INFO  s.d.s.w.r.o.CachingOperationNameGenerator.startingWith(40) - Generating unique operation named: getListUsingGET_2 
2020:05:11 22:30:22.270 [restartedMain] INFO  s.d.s.w.r.o.CachingOperationNameGenerator.startingWith(40) - Generating unique operation named: getListUsingGET_3 
2020:05:11 22:30:22.290 [restartedMain] INFO  s.d.s.w.r.o.CachingOperationNameGenerator.startingWith(40) - Generating unique operation named: saveUsingPOST_4 
2020:05:11 22:30:22.313 [restartedMain] INFO  s.d.s.w.r.o.CachingOperationNameGenerator.startingWith(40) - Generating unique operation named: getUsingGET_4 
2020:05:11 22:30:22.317 [restartedMain] INFO  s.d.s.w.r.o.CachingOperationNameGenerator.startingWith(40) - Generating unique operation named: getListUsingGET_4 
2020:05:11 22:30:22.331 [restartedMain] INFO  s.d.s.w.r.o.CachingOperationNameGenerator.startingWith(40) - Generating unique operation named: getListUsingGET_5 
2020:05:11 22:30:22.339 [restartedMain] INFO  s.d.s.w.r.o.CachingOperationNameGenerator.startingWith(40) - Generating unique operation named: saveUsingPOST_5 
2020:05:11 22:30:22.357 [restartedMain] INFO  s.d.s.w.r.o.CachingOperationNameGenerator.startingWith(40) - Generating unique operation named: changePasswordUsingGET_1 
2020:05:11 22:30:22.366 [restartedMain] INFO  s.d.s.w.r.o.CachingOperationNameGenerator.startingWith(40) - Generating unique operation named: getUsingGET_5 
2020:05:11 22:30:22.436 [restartedMain] INFO  o.a.coyote.http11.Http11NioProtocol.log(173) - Starting ProtocolHandler ["http-nio-8081"] 
2020:05:11 22:30:22.616 [restartedMain] INFO  o.s.b.w.e.tomcat.TomcatWebServer.start(204) - Tomcat started on port(s): 8081 (http) with context path '' 
2020:05:11 22:30:22.623 [restartedMain] INFO  com.project.web.WebApplication.logStarted(61) - Started WebApplication in 25.795 seconds (JVM running for 27.848) 
2020:05:11 22:30:30.476 [http-nio-8081-exec-7] INFO  o.a.c.c.C.[Tomcat].[localhost].[/].log(173) - Initializing Spring DispatcherServlet 'dispatcherServlet' 
2020:05:11 22:30:30.478 [http-nio-8081-exec-7] INFO  o.s.web.servlet.DispatcherServlet.initServletBean(525) - Initializing Servlet 'dispatcherServlet' 
2020:05:11 22:30:30.497 [http-nio-8081-exec-7] INFO  o.s.web.servlet.DispatcherServlet.initServletBean(547) - Completed initialization in 18 ms 
2020:05:11 22:30:31.067 [http-nio-8081-exec-7] WARN  o.a.c.util.SessionIdGeneratorBase.log(173) - Creation of SecureRandom instance for session ID generation using [SHA1PRNG] took [490] milliseconds. 
