2020:03:17 17:15:44.752 [main] INFO  com.project.web.WebApplication.logStarting(55) - Starting WebApplication on ngocnd with PID 3956 (/home/ngocnd/rabiloo/aydia-PJ/web/target/classes started by ngocnd in /home/ngocnd/rabiloo/aydia-PJ/web) 
2020:03:17 17:15:44.758 [main] INFO  com.project.web.WebApplication.logStartupProfileInfo(651) - No active profile set, falling back to default profiles: default 
2020:03:17 17:15:47.502 [main] INFO  o.s.d.r.c.RepositoryConfigurationDelegate.registerRepositoriesIn(127) - Bootstrapping Spring Data JPA repositories in DEFAULT mode. 
2020:03:17 17:15:47.679 [main] INFO  o.s.d.r.c.RepositoryConfigurationDelegate.registerRepositoriesIn(187) - Finished Spring Data repository scanning in 154ms. Found 4 JPA repository interfaces. 
2020:03:17 17:15:48.468 [main] INFO  o.s.c.s.PostProcessorRegistrationDelegate$BeanPostProcessorChecker.postProcessAfterInitialization(330) - Bean 'org.springframework.transaction.annotation.ProxyTransactionManagementConfiguration' of type [org.springframework.transaction.annotation.ProxyTransactionManagementConfiguration] is not eligible for getting processed by all BeanPostProcessors (for example: not eligible for auto-proxying) 
2020:03:17 17:15:49.311 [main] INFO  o.s.b.w.e.tomcat.TomcatWebServer.initialize(92) - Tomcat initialized with port(s): 8081 (http) 
2020:03:17 17:15:49.360 [main] INFO  o.a.coyote.http11.Http11NioProtocol.log(173) - Initializing ProtocolHandler ["http-nio-8081"] 
2020:03:17 17:15:49.361 [main] INFO  o.a.catalina.core.StandardService.log(173) - Starting service [Tomcat] 
2020:03:17 17:15:49.361 [main] INFO  o.a.catalina.core.StandardEngine.log(173) - Starting Servlet engine: [Apache Tomcat/9.0.30] 
2020:03:17 17:15:49.643 [main] INFO  o.a.c.c.C.[Tomcat].[localhost].[/].log(173) - Initializing Spring embedded WebApplicationContext 
2020:03:17 17:15:49.644 [main] INFO  o.s.web.context.ContextLoader.prepareWebApplicationContext(284) - Root WebApplicationContext: initialization completed in 4316 ms 
2020:03:17 17:15:49.865 [main] INFO  c.p.w.f.GlobalExceptionHandlerFilter.init(63) - Init Catching exception filter. 
2020:03:17 17:15:50.016 [main] INFO  com.zaxxer.hikari.HikariDataSource.getConnection(110) - HikariPool-1 - Starting... 
2020:03:17 17:15:50.020 [main] WARN  c.z.hikari.util.DriverDataSource.<init>(70) - Registered driver with driverClassName=com.mysql.jdbc.Driver was not found, trying direct instantiation. 
2020:03:17 17:15:50.628 [main] INFO  com.zaxxer.hikari.HikariDataSource.getConnection(123) - HikariPool-1 - Start completed. 
2020:03:17 17:15:52.599 [main] INFO  liquibase.executor.jvm.JdbcExecutor.info(42) - SELECT COUNT(*) FROM web_db.DATABASECHANGELOGLOCK 
2020:03:17 17:15:52.630 [main] INFO  liquibase.executor.jvm.JdbcExecutor.info(42) - SELECT COUNT(*) FROM web_db.DATABASECHANGELOGLOCK 
2020:03:17 17:15:52.634 [main] INFO  liquibase.executor.jvm.JdbcExecutor.info(42) - SELECT `LOCKED` FROM web_db.DATABASECHANGELOGLOCK WHERE ID=1 
2020:03:17 17:15:52.679 [main] INFO  l.lockservice.StandardLockService.info(42) - Successfully acquired change log lock 
2020:03:17 17:15:52.681 [main] INFO  l.command.core.DropAllCommand.info(42) - Dropping Database Objects in schema: web_db.web_db 
2020:03:17 17:15:52.778 [main] INFO  liquibase.executor.jvm.JdbcExecutor.info(42) - SELECT MD5SUM FROM web_db.DATABASECHANGELOG WHERE MD5SUM IS NOT NULL LIMIT 1 
2020:03:17 17:15:54.559 [main] INFO  liquibase.executor.jvm.JdbcExecutor.info(42) - SELECT @@FOREIGN_KEY_CHECKS 
2020:03:17 17:15:54.560 [main] INFO  liquibase.executor.jvm.JdbcExecutor.info(42) - SET FOREIGN_KEY_CHECKS=0 
2020:03:17 17:15:54.562 [main] INFO  liquibase.executor.jvm.JdbcExecutor.info(42) - DROP TABLE `web_db`.`header` 
2020:03:17 17:15:54.632 [main] INFO  liquibase.executor.jvm.JdbcExecutor.info(42) - DROP TABLE `web_db`.`news` 
2020:03:17 17:15:54.668 [main] INFO  liquibase.executor.jvm.JdbcExecutor.info(42) - DROP TABLE `web_db`.`team` 
2020:03:17 17:15:54.707 [main] INFO  liquibase.executor.jvm.JdbcExecutor.info(42) - DROP TABLE `web_db`.`user` 
2020:03:17 17:15:54.740 [main] INFO  liquibase.executor.jvm.JdbcExecutor.info(42) - SET FOREIGN_KEY_CHECKS=1 
2020:03:17 17:15:54.741 [main] INFO  liquibase.executor.jvm.JdbcExecutor.info(42) - SELECT COUNT(*) FROM `web_db`.`DATABASECHANGELOG` 
2020:03:17 17:15:54.855 [main] INFO  liquibase.executor.jvm.JdbcExecutor.info(42) - DROP TABLE `web_db`.`DATABASECHANGELOG` 
2020:03:17 17:15:54.896 [main] INFO  liquibase.executor.jvm.JdbcExecutor.info(42) - SELECT COUNT(*) FROM `web_db`.`DATABASECHANGELOGLOCK` 
2020:03:17 17:15:54.922 [main] INFO  liquibase.executor.jvm.JdbcExecutor.info(42) - DROP TABLE `web_db`.`DATABASECHANGELOGLOCK` 
2020:03:17 17:15:54.948 [main] INFO  l.database.core.MySQLDatabase.info(42) - Successfully deleted all supported object types in schema web_db.web_db. 
2020:03:17 17:15:54.949 [main] INFO  liquibase.executor.jvm.JdbcExecutor.info(42) - SELECT COUNT(*) FROM web_db.DATABASECHANGELOGLOCK 
2020:03:17 17:15:54.974 [main] INFO  l.lockservice.StandardLockService.info(42) - Successfully released change log lock 
2020:03:17 17:15:54.975 [main] INFO  liquibase.executor.jvm.JdbcExecutor.info(42) - SELECT COUNT(*) FROM web_db.DATABASECHANGELOGLOCK 
2020:03:17 17:15:54.977 [main] INFO  liquibase.executor.jvm.JdbcExecutor.info(42) - SELECT COUNT(*) FROM web_db.DATABASECHANGELOGLOCK 
2020:03:17 17:15:54.981 [main] INFO  liquibase.executor.jvm.JdbcExecutor.info(42) - CREATE TABLE web_db.DATABASECHANGELOGLOCK (ID INT NOT NULL, `LOCKED` BIT(1) NOT NULL, LOCKGRANTED datetime NULL, LOCKEDBY VARCHAR(255) NULL, CONSTRAINT PK_DATABASECHANGELOGLOCK PRIMARY KEY (ID)) 
2020:03:17 17:15:55.017 [main] INFO  liquibase.executor.jvm.JdbcExecutor.info(42) - SELECT COUNT(*) FROM web_db.DATABASECHANGELOGLOCK 
2020:03:17 17:15:55.026 [main] INFO  liquibase.executor.jvm.JdbcExecutor.info(42) - DELETE FROM web_db.DATABASECHANGELOGLOCK 
2020:03:17 17:15:55.032 [main] INFO  liquibase.executor.jvm.JdbcExecutor.info(42) - INSERT INTO web_db.DATABASECHANGELOGLOCK (ID, `LOCKED`) VALUES (1, 0) 
2020:03:17 17:15:55.051 [main] INFO  liquibase.executor.jvm.JdbcExecutor.info(42) - SELECT `LOCKED` FROM web_db.DATABASECHANGELOGLOCK WHERE ID=1 
2020:03:17 17:15:55.076 [main] INFO  l.lockservice.StandardLockService.info(42) - Successfully acquired change log lock 
2020:03:17 17:15:55.671 [main] INFO  l.c.StandardChangeLogHistoryService.info(42) - Creating database history table with name: web_db.DATABASECHANGELOG 
2020:03:17 17:15:55.672 [main] INFO  liquibase.executor.jvm.JdbcExecutor.info(42) - CREATE TABLE web_db.DATABASECHANGELOG (ID VARCHAR(255) NOT NULL, AUTHOR VARCHAR(255) NOT NULL, FILENAME VARCHAR(255) NOT NULL, DATEEXECUTED datetime NOT NULL, ORDEREXECUTED INT NOT NULL, EXECTYPE VARCHAR(10) NOT NULL, MD5SUM VARCHAR(35) NULL, `DESCRIPTION` VARCHAR(255) NULL, COMMENTS VARCHAR(255) NULL, TAG VARCHAR(255) NULL, LIQUIBASE VARCHAR(20) NULL, CONTEXTS VARCHAR(255) NULL, LABELS VARCHAR(255) NULL, DEPLOYMENT_ID VARCHAR(10) NULL) 
2020:03:17 17:15:55.691 [main] INFO  liquibase.executor.jvm.JdbcExecutor.info(42) - SELECT COUNT(*) FROM web_db.DATABASECHANGELOG 
2020:03:17 17:15:55.693 [main] INFO  l.c.StandardChangeLogHistoryService.info(42) - Reading from web_db.DATABASECHANGELOG 
2020:03:17 17:15:55.694 [main] INFO  liquibase.executor.jvm.JdbcExecutor.info(42) - SELECT * FROM web_db.DATABASECHANGELOG ORDER BY DATEEXECUTED ASC, ORDEREXECUTED ASC 
2020:03:17 17:15:55.696 [main] INFO  liquibase.executor.jvm.JdbcExecutor.info(42) - SELECT COUNT(*) FROM web_db.DATABASECHANGELOGLOCK 
2020:03:17 17:15:55.738 [main] INFO  liquibase.executor.jvm.JdbcExecutor.info(42) - CREATE TABLE web_db.team (id INT AUTO_INCREMENT NOT NULL, name VARCHAR(500) NULL, position VARCHAR(500) NULL, detail TEXT NULL, image VARCHAR(500) NULL, created_time timestamp NULL, updated_time timestamp NULL, is_deleted BIT(1) NULL, CONSTRAINT PK_TEAM PRIMARY KEY (id))ENGINE=INNODB CHARSET=utf8mb4 COLLATE utf8mb4_unicode_520_ci 
2020:03:17 17:15:55.761 [main] INFO  liquibase.changelog.ChangeSet.info(42) - Table team created 
2020:03:17 17:15:55.762 [main] INFO  liquibase.changelog.ChangeSet.info(42) - ChangeSet liquibase/team/team.xml::create_table_team::ngocnd ran successfully in 27ms 
2020:03:17 17:15:55.763 [main] INFO  liquibase.executor.jvm.JdbcExecutor.info(42) - SELECT MAX(ORDEREXECUTED) FROM web_db.DATABASECHANGELOG 
2020:03:17 17:15:55.766 [main] INFO  liquibase.executor.jvm.JdbcExecutor.info(42) - INSERT INTO web_db.DATABASECHANGELOG (ID, AUTHOR, FILENAME, DATEEXECUTED, ORDEREXECUTED, MD5SUM, `DESCRIPTION`, COMMENTS, EXECTYPE, CONTEXTS, LABELS, LIQUIBASE, DEPLOYMENT_ID) VALUES ('create_table_team', 'ngocnd', 'liquibase/team/team.xml', NOW(), 1, '8:d99829560782fc7692a668bb4d4378ef', 'createTable tableName=team', '', 'EXECUTED', NULL, NULL, '3.8.5', '4440155697') 
2020:03:17 17:15:55.772 [main] INFO  liquibase.executor.jvm.JdbcExecutor.info(42) - CREATE TABLE web_db.news (id INT AUTO_INCREMENT NOT NULL, title VARCHAR(500) NULL, `description` TEXT NULL, created_time timestamp NULL, updated_time timestamp NULL, is_deleted BIT(1) NULL, CONSTRAINT PK_NEWS PRIMARY KEY (id))ENGINE=INNODB CHARSET=utf8mb4 COLLATE utf8mb4_unicode_520_ci 
2020:03:17 17:15:55.797 [main] INFO  liquibase.changelog.ChangeSet.info(42) - Table news created 
2020:03:17 17:15:55.799 [main] INFO  liquibase.changelog.ChangeSet.info(42) - ChangeSet liquibase/news/news.xml::create_table_news::ngocnd ran successfully in 29ms 
2020:03:17 17:15:55.802 [main] INFO  liquibase.executor.jvm.JdbcExecutor.info(42) - INSERT INTO web_db.DATABASECHANGELOG (ID, AUTHOR, FILENAME, DATEEXECUTED, ORDEREXECUTED, MD5SUM, `DESCRIPTION`, COMMENTS, EXECTYPE, CONTEXTS, LABELS, LIQUIBASE, DEPLOYMENT_ID) VALUES ('create_table_news', 'ngocnd', 'liquibase/news/news.xml', NOW(), 2, '8:59b3e8cc72171b0a86c56b604d8b4018', 'createTable tableName=news', '', 'EXECUTED', NULL, NULL, '3.8.5', '4440155697') 
2020:03:17 17:15:55.822 [main] INFO  liquibase.executor.jvm.JdbcExecutor.info(42) - CREATE TABLE web_db.header (id INT AUTO_INCREMENT NOT NULL, title VARCHAR(500) NULL, phone VARCHAR(500) NULL, work_time VARCHAR(500) NULL, email VARCHAR(500) NULL, CONSTRAINT PK_HEADER PRIMARY KEY (id))ENGINE=INNODB CHARSET=utf8mb4 COLLATE utf8mb4_unicode_520_ci 
2020:03:17 17:15:55.853 [main] INFO  liquibase.changelog.ChangeSet.info(42) - Table header created 
2020:03:17 17:15:55.860 [main] INFO  liquibase.changelog.ChangeSet.info(42) - ChangeSet liquibase/header/header.xml::create_table_header::ngocnd ran successfully in 43ms 
2020:03:17 17:15:55.864 [main] INFO  liquibase.executor.jvm.JdbcExecutor.info(42) - INSERT INTO web_db.DATABASECHANGELOG (ID, AUTHOR, FILENAME, DATEEXECUTED, ORDEREXECUTED, MD5SUM, `DESCRIPTION`, COMMENTS, EXECTYPE, CONTEXTS, LABELS, LIQUIBASE, DEPLOYMENT_ID) VALUES ('create_table_header', 'ngocnd', 'liquibase/header/header.xml', NOW(), 3, '8:797b370788bb4210b8e9f91c1df4d4c3', 'createTable tableName=header', '', 'EXECUTED', NULL, NULL, '3.8.5', '4440155697') 
2020:03:17 17:15:55.880 [main] INFO  liquibase.executor.jvm.JdbcExecutor.info(42) - CREATE TABLE web_db.user (id INT AUTO_INCREMENT NOT NULL, username VARCHAR(500) NULL, password VARCHAR(500) NULL, `role` VARCHAR(500) NULL, name VARCHAR(500) NULL, created_time timestamp DEFAULT NOW() NULL, updated_time timestamp DEFAULT NOW() NULL, is_deleted BIT(1) DEFAULT 0 NULL, CONSTRAINT PK_USER PRIMARY KEY (id))ENGINE=INNODB CHARSET=utf8mb4 COLLATE utf8mb4_unicode_520_ci 
2020:03:17 17:15:55.907 [main] INFO  liquibase.changelog.ChangeSet.info(42) - Table user created 
2020:03:17 17:15:55.910 [main] INFO  liquibase.changelog.ChangeSet.info(42) - ChangeSet liquibase/user/user.xml::create_table_user::ngocnd ran successfully in 38ms 
2020:03:17 17:15:55.912 [main] INFO  liquibase.executor.jvm.JdbcExecutor.info(42) - INSERT INTO web_db.DATABASECHANGELOG (ID, AUTHOR, FILENAME, DATEEXECUTED, ORDEREXECUTED, MD5SUM, `DESCRIPTION`, COMMENTS, EXECTYPE, CONTEXTS, LABELS, LIQUIBASE, DEPLOYMENT_ID) VALUES ('create_table_user', 'ngocnd', 'liquibase/user/user.xml', NOW(), 4, '8:e805fd2db57fd6c3c55dbe002e590abc', 'createTable tableName=user', '', 'EXECUTED', NULL, NULL, '3.8.5', '4440155697') 
2020:03:17 17:15:55.921 [main] INFO  liquibase.executor.jvm.JdbcExecutor.info(42) - INSERT INTO web_db.user (username, password, name, `role`) VALUES ('admin', '$2a$10$CYelMTWANaYs.NSIbkH7v.eBNkvXbWzs1pgkX5er6r8DxeKy25x2e', 'Admin', 'ADMIN') 
2020:03:17 17:15:55.925 [main] INFO  liquibase.changelog.ChangeSet.info(42) - New row inserted into user 
2020:03:17 17:15:55.926 [main] INFO  liquibase.executor.jvm.JdbcExecutor.info(42) - INSERT INTO web_db.user (username, password, name, `role`) VALUES ('mod', '$2a$10$CYelMTWANaYs.NSIbkH7v.eBNkvXbWzs1pgkX5er6r8DxeKy25x2e', 'Mod', 'COMPANY_ADMIN') 
2020:03:17 17:15:55.928 [main] INFO  liquibase.changelog.ChangeSet.info(42) - New row inserted into user 
2020:03:17 17:15:55.930 [main] INFO  liquibase.changelog.ChangeSet.info(42) - ChangeSet liquibase/user/data.xml::insert_user::ngocnd ran successfully in 11ms 
2020:03:17 17:15:55.932 [main] INFO  liquibase.executor.jvm.JdbcExecutor.info(42) - INSERT INTO web_db.DATABASECHANGELOG (ID, AUTHOR, FILENAME, DATEEXECUTED, ORDEREXECUTED, MD5SUM, `DESCRIPTION`, COMMENTS, EXECTYPE, CONTEXTS, LABELS, LIQUIBASE, DEPLOYMENT_ID) VALUES ('insert_user', 'ngocnd', 'liquibase/user/data.xml', NOW(), 5, '8:f8d63380a448dc6c086e3c90e8fc5d18', 'insert tableName=user; insert tableName=user', '', 'EXECUTED', NULL, NULL, '3.8.5', '4440155697') 
2020:03:17 17:15:55.941 [main] INFO  l.lockservice.StandardLockService.info(42) - Successfully released change log lock 
2020:03:17 17:15:56.166 [main] INFO  o.h.jpa.internal.util.LogHelper.logPersistenceUnitInformation(31) - HHH000204: Processing PersistenceUnitInfo [name: default] 
2020:03:17 17:15:56.359 [main] INFO  org.hibernate.Version.logVersion(46) - HHH000412: Hibernate Core {5.4.10.Final} 
2020:03:17 17:15:56.734 [main] INFO  o.h.annotations.common.Version.<clinit>(49) - HCANN000001: Hibernate Commons Annotations {5.1.0.Final} 
2020:03:17 17:15:56.997 [main] INFO  org.hibernate.dialect.Dialect.<init>(172) - HHH000400: Using dialect: org.hibernate.dialect.MySQL57Dialect 
2020:03:17 17:15:59.129 [main] INFO  o.h.e.t.j.p.i.JtaPlatformInitiator.initiateService(52) - HHH000490: Using JtaPlatform implementation: [org.hibernate.engine.transaction.jta.platform.internal.NoJtaPlatform] 
2020:03:17 17:15:59.154 [main] INFO  o.s.o.j.LocalContainerEntityManagerFactoryBean.buildNativeEntityManagerFactory(416) - Initialized JPA EntityManagerFactory for persistence unit 'default' 
2020:03:17 17:16:00.042 [main] WARN  o.s.b.a.o.j.JpaBaseConfiguration$JpaWebConfiguration.openEntityManagerInViewInterceptor(220) - spring.jpa.open-in-view is enabled by default. Therefore, database queries may be performed during view rendering. Explicitly configure spring.jpa.open-in-view to disable this warning 
2020:03:17 17:16:01.361 [main] INFO  c.p.web.security.SecurityConfig.configure(41) - Enable application security. 
2020:03:17 17:16:01.395 [main] INFO  o.s.s.web.DefaultSecurityFilterChain.<init>(43) - Creating filter chain: Ant [pattern='/libs/**'], [] 
2020:03:17 17:16:01.396 [main] INFO  o.s.s.web.DefaultSecurityFilterChain.<init>(43) - Creating filter chain: Ant [pattern='/custom/**'], [] 
2020:03:17 17:16:01.396 [main] INFO  o.s.s.web.DefaultSecurityFilterChain.<init>(43) - Creating filter chain: Ant [pattern='/js/**'], [] 
2020:03:17 17:16:01.397 [main] INFO  o.s.s.web.DefaultSecurityFilterChain.<init>(43) - Creating filter chain: Ant [pattern='/icon/**'], [] 
2020:03:17 17:16:01.398 [main] INFO  o.s.s.web.DefaultSecurityFilterChain.<init>(43) - Creating filter chain: Ant [pattern='/images/**'], [] 
2020:03:17 17:16:01.399 [main] INFO  o.s.s.web.DefaultSecurityFilterChain.<init>(43) - Creating filter chain: Ant [pattern='/favicon.ico/**'], [] 
2020:03:17 17:16:01.399 [main] INFO  o.s.s.web.DefaultSecurityFilterChain.<init>(43) - Creating filter chain: Ant [pattern='/webjars/springfox-swagger-ui/**'], [] 
2020:03:17 17:16:01.400 [main] INFO  o.s.s.web.DefaultSecurityFilterChain.<init>(43) - Creating filter chain: Ant [pattern='/swagger-ui.html/**'], [] 
2020:03:17 17:16:01.400 [main] INFO  o.s.s.web.DefaultSecurityFilterChain.<init>(43) - Creating filter chain: Ant [pattern='/swagger-resources/**'], [] 
2020:03:17 17:16:01.401 [main] INFO  o.s.s.web.DefaultSecurityFilterChain.<init>(43) - Creating filter chain: Ant [pattern='/v1/api-docs'], [] 
2020:03:17 17:16:01.484 [main] INFO  o.s.s.web.DefaultSecurityFilterChain.<init>(43) - Creating filter chain: any request, [org.springframework.security.web.context.request.async.WebAsyncManagerIntegrationFilter@78a91192, org.springframework.security.web.context.SecurityContextPersistenceFilter@3618ef21, org.springframework.security.web.header.HeaderWriterFilter@27859516, org.springframework.security.web.authentication.logout.LogoutFilter@7ffa2328, org.springframework.security.web.authentication.UsernamePasswordAuthenticationFilter@78ce4c3a, org.springframework.security.web.savedrequest.RequestCacheAwareFilter@670d3ef7, org.springframework.security.web.servletapi.SecurityContextHolderAwareRequestFilter@74a9b680, org.springframework.security.web.authentication.AnonymousAuthenticationFilter@1084f16a, org.springframework.security.web.session.SessionManagementFilter@7faac9d7, org.springframework.security.web.access.ExceptionTranslationFilter@3fcbffbf, org.springframework.security.web.access.intercept.FilterSecurityInterceptor@55517c4d] 
2020:03:17 17:16:01.691 [main] INFO  o.s.s.c.ThreadPoolTaskExecutor.initialize(171) - Initializing ExecutorService 'applicationTaskExecutor' 
2020:03:17 17:16:02.593 [main] INFO  s.d.s.w.p.DocumentationPluginsBootstrapper.start(120) - Context refreshed 
2020:03:17 17:16:02.628 [main] INFO  s.d.s.w.p.DocumentationPluginsBootstrapper.start(123) - Found 1 custom documentation plugin(s) 
2020:03:17 17:16:02.649 [main] INFO  s.d.s.w.s.ApiListingReferenceScanner.scan(41) - Scanning for api listing references 
2020:03:17 17:16:03.056 [main] INFO  s.d.s.w.r.o.CachingOperationNameGenerator.startingWith(40) - Generating unique operation named: saveOrUpdateUsingPOST_1 
2020:03:17 17:16:03.084 [main] INFO  s.d.s.w.r.o.CachingOperationNameGenerator.startingWith(40) - Generating unique operation named: getListUsingGET_1 
2020:03:17 17:16:03.110 [main] INFO  s.d.s.w.r.o.CachingOperationNameGenerator.startingWith(40) - Generating unique operation named: getUsingGET_1 
2020:03:17 17:16:03.188 [main] INFO  o.a.coyote.http11.Http11NioProtocol.log(173) - Starting ProtocolHandler ["http-nio-8081"] 
2020:03:17 17:16:03.237 [main] INFO  o.s.b.w.e.tomcat.TomcatWebServer.start(204) - Tomcat started on port(s): 8081 (http) with context path '' 
2020:03:17 17:16:03.242 [main] INFO  com.project.web.WebApplication.logStarted(61) - Started WebApplication in 20.268 seconds (JVM running for 25.667) 
2020:03:17 17:18:51.291 [http-nio-8081-exec-1] INFO  o.a.c.c.C.[Tomcat].[localhost].[/].log(173) - Initializing Spring DispatcherServlet 'dispatcherServlet' 
2020:03:17 17:18:51.306 [http-nio-8081-exec-1] INFO  o.s.web.servlet.DispatcherServlet.initServletBean(525) - Initializing Servlet 'dispatcherServlet' 
2020:03:17 17:18:51.409 [http-nio-8081-exec-1] INFO  o.s.web.servlet.DispatcherServlet.initServletBean(547) - Completed initialization in 102 ms 
2020:03:17 17:24:19.536 [main] INFO  com.project.web.WebApplication.logStarting(55) - Starting WebApplication on ngocnd with PID 5163 (/home/ngocnd/rabiloo/aydia-PJ/web/target/classes started by ngocnd in /home/ngocnd/rabiloo/aydia-PJ/web) 
2020:03:17 17:24:19.541 [main] INFO  com.project.web.WebApplication.logStartupProfileInfo(651) - No active profile set, falling back to default profiles: default 
2020:03:17 17:24:22.048 [main] INFO  o.s.d.r.c.RepositoryConfigurationDelegate.registerRepositoriesIn(127) - Bootstrapping Spring Data JPA repositories in DEFAULT mode. 
2020:03:17 17:24:22.237 [main] INFO  o.s.d.r.c.RepositoryConfigurationDelegate.registerRepositoriesIn(187) - Finished Spring Data repository scanning in 168ms. Found 4 JPA repository interfaces. 
2020:03:17 17:24:22.955 [main] INFO  o.s.c.s.PostProcessorRegistrationDelegate$BeanPostProcessorChecker.postProcessAfterInitialization(330) - Bean 'org.springframework.transaction.annotation.ProxyTransactionManagementConfiguration' of type [org.springframework.transaction.annotation.ProxyTransactionManagementConfiguration] is not eligible for getting processed by all BeanPostProcessors (for example: not eligible for auto-proxying) 
2020:03:17 17:24:23.724 [main] INFO  o.s.b.w.e.tomcat.TomcatWebServer.initialize(92) - Tomcat initialized with port(s): 8081 (http) 
2020:03:17 17:24:23.769 [main] INFO  o.a.coyote.http11.Http11NioProtocol.log(173) - Initializing ProtocolHandler ["http-nio-8081"] 
2020:03:17 17:24:23.770 [main] INFO  o.a.catalina.core.StandardService.log(173) - Starting service [Tomcat] 
2020:03:17 17:24:23.770 [main] INFO  o.a.catalina.core.StandardEngine.log(173) - Starting Servlet engine: [Apache Tomcat/9.0.30] 
2020:03:17 17:24:24.006 [main] INFO  o.a.c.c.C.[Tomcat].[localhost].[/].log(173) - Initializing Spring embedded WebApplicationContext 
2020:03:17 17:24:24.006 [main] INFO  o.s.web.context.ContextLoader.prepareWebApplicationContext(284) - Root WebApplicationContext: initialization completed in 3900 ms 
2020:03:17 17:24:24.227 [main] INFO  c.p.w.f.GlobalExceptionHandlerFilter.init(63) - Init Catching exception filter. 
2020:03:17 17:24:24.352 [main] INFO  com.zaxxer.hikari.HikariDataSource.getConnection(110) - HikariPool-1 - Starting... 
2020:03:17 17:24:24.357 [main] WARN  c.z.hikari.util.DriverDataSource.<init>(70) - Registered driver with driverClassName=com.mysql.jdbc.Driver was not found, trying direct instantiation. 
2020:03:17 17:24:24.968 [main] INFO  com.zaxxer.hikari.HikariDataSource.getConnection(123) - HikariPool-1 - Start completed. 
2020:03:17 17:24:26.794 [main] INFO  liquibase.executor.jvm.JdbcExecutor.info(42) - SELECT COUNT(*) FROM web_db.DATABASECHANGELOGLOCK 
2020:03:17 17:24:26.814 [main] INFO  liquibase.executor.jvm.JdbcExecutor.info(42) - SELECT COUNT(*) FROM web_db.DATABASECHANGELOGLOCK 
2020:03:17 17:24:26.817 [main] INFO  liquibase.executor.jvm.JdbcExecutor.info(42) - SELECT `LOCKED` FROM web_db.DATABASECHANGELOGLOCK WHERE ID=1 
2020:03:17 17:24:26.838 [main] INFO  l.lockservice.StandardLockService.info(42) - Successfully acquired change log lock 
2020:03:17 17:24:26.839 [main] INFO  l.command.core.DropAllCommand.info(42) - Dropping Database Objects in schema: web_db.web_db 
2020:03:17 17:24:26.916 [main] INFO  liquibase.executor.jvm.JdbcExecutor.info(42) - SELECT MD5SUM FROM web_db.DATABASECHANGELOG WHERE MD5SUM IS NOT NULL LIMIT 1 
2020:03:17 17:24:28.478 [main] INFO  liquibase.executor.jvm.JdbcExecutor.info(42) - SELECT @@FOREIGN_KEY_CHECKS 
2020:03:17 17:24:28.479 [main] INFO  liquibase.executor.jvm.JdbcExecutor.info(42) - SET FOREIGN_KEY_CHECKS=0 
2020:03:17 17:24:28.481 [main] INFO  liquibase.executor.jvm.JdbcExecutor.info(42) - DROP TABLE `web_db`.`header` 
2020:03:17 17:24:28.507 [main] INFO  liquibase.executor.jvm.JdbcExecutor.info(42) - DROP TABLE `web_db`.`news` 
2020:03:17 17:24:28.515 [main] INFO  liquibase.executor.jvm.JdbcExecutor.info(42) - DROP TABLE `web_db`.`team` 
2020:03:17 17:24:28.524 [main] INFO  liquibase.executor.jvm.JdbcExecutor.info(42) - DROP TABLE `web_db`.`user` 
2020:03:17 17:24:28.534 [main] INFO  liquibase.executor.jvm.JdbcExecutor.info(42) - SET FOREIGN_KEY_CHECKS=1 
2020:03:17 17:24:28.535 [main] INFO  liquibase.executor.jvm.JdbcExecutor.info(42) - SELECT COUNT(*) FROM `web_db`.`DATABASECHANGELOG` 
2020:03:17 17:24:28.591 [main] INFO  liquibase.executor.jvm.JdbcExecutor.info(42) - DROP TABLE `web_db`.`DATABASECHANGELOG` 
2020:03:17 17:24:28.600 [main] INFO  liquibase.executor.jvm.JdbcExecutor.info(42) - SELECT COUNT(*) FROM `web_db`.`DATABASECHANGELOGLOCK` 
2020:03:17 17:24:28.623 [main] INFO  liquibase.executor.jvm.JdbcExecutor.info(42) - DROP TABLE `web_db`.`DATABASECHANGELOGLOCK` 
2020:03:17 17:24:28.632 [main] INFO  l.database.core.MySQLDatabase.info(42) - Successfully deleted all supported object types in schema web_db.web_db. 
2020:03:17 17:24:28.633 [main] INFO  liquibase.executor.jvm.JdbcExecutor.info(42) - SELECT COUNT(*) FROM web_db.DATABASECHANGELOGLOCK 
2020:03:17 17:24:28.654 [main] INFO  l.lockservice.StandardLockService.info(42) - Successfully released change log lock 
2020:03:17 17:24:28.655 [main] INFO  liquibase.executor.jvm.JdbcExecutor.info(42) - SELECT COUNT(*) FROM web_db.DATABASECHANGELOGLOCK 
2020:03:17 17:24:28.657 [main] INFO  liquibase.executor.jvm.JdbcExecutor.info(42) - SELECT COUNT(*) FROM web_db.DATABASECHANGELOGLOCK 
2020:03:17 17:24:28.660 [main] INFO  liquibase.executor.jvm.JdbcExecutor.info(42) - CREATE TABLE web_db.DATABASECHANGELOGLOCK (ID INT NOT NULL, `LOCKED` BIT(1) NOT NULL, LOCKGRANTED datetime NULL, LOCKEDBY VARCHAR(255) NULL, CONSTRAINT PK_DATABASECHANGELOGLOCK PRIMARY KEY (ID)) 
2020:03:17 17:24:28.685 [main] INFO  liquibase.executor.jvm.JdbcExecutor.info(42) - SELECT COUNT(*) FROM web_db.DATABASECHANGELOGLOCK 
2020:03:17 17:24:28.691 [main] INFO  liquibase.executor.jvm.JdbcExecutor.info(42) - DELETE FROM web_db.DATABASECHANGELOGLOCK 
2020:03:17 17:24:28.694 [main] INFO  liquibase.executor.jvm.JdbcExecutor.info(42) - INSERT INTO web_db.DATABASECHANGELOGLOCK (ID, `LOCKED`) VALUES (1, 0) 
2020:03:17 17:24:28.699 [main] INFO  liquibase.executor.jvm.JdbcExecutor.info(42) - SELECT `LOCKED` FROM web_db.DATABASECHANGELOGLOCK WHERE ID=1 
2020:03:17 17:24:28.706 [main] INFO  l.lockservice.StandardLockService.info(42) - Successfully acquired change log lock 
2020:03:17 17:24:29.249 [main] INFO  l.c.StandardChangeLogHistoryService.info(42) - Creating database history table with name: web_db.DATABASECHANGELOG 
2020:03:17 17:24:29.250 [main] INFO  liquibase.executor.jvm.JdbcExecutor.info(42) - CREATE TABLE web_db.DATABASECHANGELOG (ID VARCHAR(255) NOT NULL, AUTHOR VARCHAR(255) NOT NULL, FILENAME VARCHAR(255) NOT NULL, DATEEXECUTED datetime NOT NULL, ORDEREXECUTED INT NOT NULL, EXECTYPE VARCHAR(10) NOT NULL, MD5SUM VARCHAR(35) NULL, `DESCRIPTION` VARCHAR(255) NULL, COMMENTS VARCHAR(255) NULL, TAG VARCHAR(255) NULL, LIQUIBASE VARCHAR(20) NULL, CONTEXTS VARCHAR(255) NULL, LABELS VARCHAR(255) NULL, DEPLOYMENT_ID VARCHAR(10) NULL) 
2020:03:17 17:24:29.284 [main] INFO  liquibase.executor.jvm.JdbcExecutor.info(42) - SELECT COUNT(*) FROM web_db.DATABASECHANGELOG 
2020:03:17 17:24:29.285 [main] INFO  l.c.StandardChangeLogHistoryService.info(42) - Reading from web_db.DATABASECHANGELOG 
2020:03:17 17:24:29.285 [main] INFO  liquibase.executor.jvm.JdbcExecutor.info(42) - SELECT * FROM web_db.DATABASECHANGELOG ORDER BY DATEEXECUTED ASC, ORDEREXECUTED ASC 
2020:03:17 17:24:29.286 [main] INFO  liquibase.executor.jvm.JdbcExecutor.info(42) - SELECT COUNT(*) FROM web_db.DATABASECHANGELOGLOCK 
2020:03:17 17:24:29.321 [main] INFO  liquibase.executor.jvm.JdbcExecutor.info(42) - CREATE TABLE web_db.team (id INT AUTO_INCREMENT NOT NULL, name VARCHAR(500) NULL, position VARCHAR(500) NULL, detail TEXT NULL, image VARCHAR(500) NULL, created_time timestamp NULL, updated_time timestamp NULL, is_deleted BIT(1) NULL, CONSTRAINT PK_TEAM PRIMARY KEY (id))ENGINE=INNODB CHARSET=utf8mb4 COLLATE utf8mb4_unicode_520_ci 
2020:03:17 17:24:29.340 [main] INFO  liquibase.changelog.ChangeSet.info(42) - Table team created 
2020:03:17 17:24:29.342 [main] INFO  liquibase.changelog.ChangeSet.info(42) - ChangeSet liquibase/team/team.xml::create_table_team::ngocnd ran successfully in 23ms 
2020:03:17 17:24:29.345 [main] INFO  liquibase.executor.jvm.JdbcExecutor.info(42) - SELECT MAX(ORDEREXECUTED) FROM web_db.DATABASECHANGELOG 
2020:03:17 17:24:29.349 [main] INFO  liquibase.executor.jvm.JdbcExecutor.info(42) - INSERT INTO web_db.DATABASECHANGELOG (ID, AUTHOR, FILENAME, DATEEXECUTED, ORDEREXECUTED, MD5SUM, `DESCRIPTION`, COMMENTS, EXECTYPE, CONTEXTS, LABELS, LIQUIBASE, DEPLOYMENT_ID) VALUES ('create_table_team', 'ngocnd', 'liquibase/team/team.xml', NOW(), 1, '8:d99829560782fc7692a668bb4d4378ef', 'createTable tableName=team', '', 'EXECUTED', NULL, NULL, '3.8.5', '4440669287') 
2020:03:17 17:24:29.361 [main] INFO  liquibase.executor.jvm.JdbcExecutor.info(42) - CREATE TABLE web_db.news (id INT AUTO_INCREMENT NOT NULL, title VARCHAR(500) NULL, `description` TEXT NULL, created_time timestamp NULL, updated_time timestamp NULL, is_deleted BIT(1) NULL, CONSTRAINT PK_NEWS PRIMARY KEY (id))ENGINE=INNODB CHARSET=utf8mb4 COLLATE utf8mb4_unicode_520_ci 
2020:03:17 17:24:29.384 [main] INFO  liquibase.changelog.ChangeSet.info(42) - Table news created 
2020:03:17 17:24:29.386 [main] INFO  liquibase.changelog.ChangeSet.info(42) - ChangeSet liquibase/news/news.xml::create_table_news::ngocnd ran successfully in 29ms 
2020:03:17 17:24:29.389 [main] INFO  liquibase.executor.jvm.JdbcExecutor.info(42) - INSERT INTO web_db.DATABASECHANGELOG (ID, AUTHOR, FILENAME, DATEEXECUTED, ORDEREXECUTED, MD5SUM, `DESCRIPTION`, COMMENTS, EXECTYPE, CONTEXTS, LABELS, LIQUIBASE, DEPLOYMENT_ID) VALUES ('create_table_news', 'ngocnd', 'liquibase/news/news.xml', NOW(), 2, '8:59b3e8cc72171b0a86c56b604d8b4018', 'createTable tableName=news', '', 'EXECUTED', NULL, NULL, '3.8.5', '4440669287') 
2020:03:17 17:24:29.403 [main] INFO  liquibase.executor.jvm.JdbcExecutor.info(42) - CREATE TABLE web_db.header (id INT AUTO_INCREMENT NOT NULL, title VARCHAR(500) NULL, phone VARCHAR(500) NULL, work_time VARCHAR(500) NULL, email VARCHAR(500) NULL, CONSTRAINT PK_HEADER PRIMARY KEY (id))ENGINE=INNODB CHARSET=utf8mb4 COLLATE utf8mb4_unicode_520_ci 
2020:03:17 17:24:29.424 [main] INFO  liquibase.changelog.ChangeSet.info(42) - Table header created 
2020:03:17 17:24:29.425 [main] INFO  liquibase.changelog.ChangeSet.info(42) - ChangeSet liquibase/header/header.xml::create_table_header::ngocnd ran successfully in 27ms 
2020:03:17 17:24:29.427 [main] INFO  liquibase.executor.jvm.JdbcExecutor.info(42) - INSERT INTO web_db.DATABASECHANGELOG (ID, AUTHOR, FILENAME, DATEEXECUTED, ORDEREXECUTED, MD5SUM, `DESCRIPTION`, COMMENTS, EXECTYPE, CONTEXTS, LABELS, LIQUIBASE, DEPLOYMENT_ID) VALUES ('create_table_header', 'ngocnd', 'liquibase/header/header.xml', NOW(), 3, '8:797b370788bb4210b8e9f91c1df4d4c3', 'createTable tableName=header', '', 'EXECUTED', NULL, NULL, '3.8.5', '4440669287') 
2020:03:17 17:24:29.434 [main] INFO  liquibase.executor.jvm.JdbcExecutor.info(42) - CREATE TABLE web_db.user (id INT AUTO_INCREMENT NOT NULL, username VARCHAR(500) NULL, password VARCHAR(500) NULL, `role` VARCHAR(500) NULL, name VARCHAR(500) NULL, created_time timestamp DEFAULT NOW() NULL, updated_time timestamp DEFAULT NOW() NULL, is_deleted BIT(1) DEFAULT 0 NULL, CONSTRAINT PK_USER PRIMARY KEY (id))ENGINE=INNODB CHARSET=utf8mb4 COLLATE utf8mb4_unicode_520_ci 
2020:03:17 17:24:29.488 [main] INFO  liquibase.changelog.ChangeSet.info(42) - Table user created 
2020:03:17 17:24:29.490 [main] INFO  liquibase.changelog.ChangeSet.info(42) - ChangeSet liquibase/user/user.xml::create_table_user::ngocnd ran successfully in 58ms 
2020:03:17 17:24:29.493 [main] INFO  liquibase.executor.jvm.JdbcExecutor.info(42) - INSERT INTO web_db.DATABASECHANGELOG (ID, AUTHOR, FILENAME, DATEEXECUTED, ORDEREXECUTED, MD5SUM, `DESCRIPTION`, COMMENTS, EXECTYPE, CONTEXTS, LABELS, LIQUIBASE, DEPLOYMENT_ID) VALUES ('create_table_user', 'ngocnd', 'liquibase/user/user.xml', NOW(), 4, '8:e805fd2db57fd6c3c55dbe002e590abc', 'createTable tableName=user', '', 'EXECUTED', NULL, NULL, '3.8.5', '4440669287') 
2020:03:17 17:24:29.503 [main] INFO  liquibase.executor.jvm.JdbcExecutor.info(42) - INSERT INTO web_db.user (username, password, name, `role`) VALUES ('admin', '$2a$10$CYelMTWANaYs.NSIbkH7v.eBNkvXbWzs1pgkX5er6r8DxeKy25x2e', 'Admin', 'ADMIN') 
2020:03:17 17:24:29.506 [main] INFO  liquibase.changelog.ChangeSet.info(42) - New row inserted into user 
2020:03:17 17:24:29.507 [main] INFO  liquibase.executor.jvm.JdbcExecutor.info(42) - INSERT INTO web_db.user (username, password, name, `role`) VALUES ('mod', '$2a$10$CYelMTWANaYs.NSIbkH7v.eBNkvXbWzs1pgkX5er6r8DxeKy25x2e', 'Mod', 'COMPANY_ADMIN') 
2020:03:17 17:24:29.512 [main] INFO  liquibase.changelog.ChangeSet.info(42) - New row inserted into user 
2020:03:17 17:24:29.516 [main] INFO  liquibase.changelog.ChangeSet.info(42) - ChangeSet liquibase/user/data.xml::insert_user::ngocnd ran successfully in 15ms 
2020:03:17 17:24:29.517 [main] INFO  liquibase.executor.jvm.JdbcExecutor.info(42) - INSERT INTO web_db.DATABASECHANGELOG (ID, AUTHOR, FILENAME, DATEEXECUTED, ORDEREXECUTED, MD5SUM, `DESCRIPTION`, COMMENTS, EXECTYPE, CONTEXTS, LABELS, LIQUIBASE, DEPLOYMENT_ID) VALUES ('insert_user', 'ngocnd', 'liquibase/user/data.xml', NOW(), 5, '8:f8d63380a448dc6c086e3c90e8fc5d18', 'insert tableName=user; insert tableName=user', '', 'EXECUTED', NULL, NULL, '3.8.5', '4440669287') 
2020:03:17 17:24:29.526 [main] INFO  l.lockservice.StandardLockService.info(42) - Successfully released change log lock 
2020:03:17 17:24:29.751 [main] INFO  o.h.jpa.internal.util.LogHelper.logPersistenceUnitInformation(31) - HHH000204: Processing PersistenceUnitInfo [name: default] 
2020:03:17 17:24:29.918 [main] INFO  org.hibernate.Version.logVersion(46) - HHH000412: Hibernate Core {5.4.10.Final} 
2020:03:17 17:24:30.229 [main] INFO  o.h.annotations.common.Version.<clinit>(49) - HCANN000001: Hibernate Commons Annotations {5.1.0.Final} 
2020:03:17 17:24:30.456 [main] INFO  org.hibernate.dialect.Dialect.<init>(172) - HHH000400: Using dialect: org.hibernate.dialect.MySQL57Dialect 
2020:03:17 17:24:31.946 [main] INFO  o.h.e.t.j.p.i.JtaPlatformInitiator.initiateService(52) - HHH000490: Using JtaPlatform implementation: [org.hibernate.engine.transaction.jta.platform.internal.NoJtaPlatform] 
2020:03:17 17:24:31.964 [main] INFO  o.s.o.j.LocalContainerEntityManagerFactoryBean.buildNativeEntityManagerFactory(416) - Initialized JPA EntityManagerFactory for persistence unit 'default' 
2020:03:17 17:24:32.611 [main] WARN  o.s.b.a.o.j.JpaBaseConfiguration$JpaWebConfiguration.openEntityManagerInViewInterceptor(220) - spring.jpa.open-in-view is enabled by default. Therefore, database queries may be performed during view rendering. Explicitly configure spring.jpa.open-in-view to disable this warning 
2020:03:17 17:24:33.723 [main] INFO  c.p.web.security.SecurityConfig.configure(41) - Enable application security. 
2020:03:17 17:24:33.756 [main] INFO  o.s.s.web.DefaultSecurityFilterChain.<init>(43) - Creating filter chain: Ant [pattern='/libs/**'], [] 
2020:03:17 17:24:33.757 [main] INFO  o.s.s.web.DefaultSecurityFilterChain.<init>(43) - Creating filter chain: Ant [pattern='/custom/**'], [] 
2020:03:17 17:24:33.757 [main] INFO  o.s.s.web.DefaultSecurityFilterChain.<init>(43) - Creating filter chain: Ant [pattern='/js/**'], [] 
2020:03:17 17:24:33.757 [main] INFO  o.s.s.web.DefaultSecurityFilterChain.<init>(43) - Creating filter chain: Ant [pattern='/icon/**'], [] 
2020:03:17 17:24:33.757 [main] INFO  o.s.s.web.DefaultSecurityFilterChain.<init>(43) - Creating filter chain: Ant [pattern='/images/**'], [] 
2020:03:17 17:24:33.758 [main] INFO  o.s.s.web.DefaultSecurityFilterChain.<init>(43) - Creating filter chain: Ant [pattern='/favicon.ico/**'], [] 
2020:03:17 17:24:33.758 [main] INFO  o.s.s.web.DefaultSecurityFilterChain.<init>(43) - Creating filter chain: Ant [pattern='/webjars/springfox-swagger-ui/**'], [] 
2020:03:17 17:24:33.758 [main] INFO  o.s.s.web.DefaultSecurityFilterChain.<init>(43) - Creating filter chain: Ant [pattern='/swagger-ui.html/**'], [] 
2020:03:17 17:24:33.758 [main] INFO  o.s.s.web.DefaultSecurityFilterChain.<init>(43) - Creating filter chain: Ant [pattern='/swagger-resources/**'], [] 
2020:03:17 17:24:33.759 [main] INFO  o.s.s.web.DefaultSecurityFilterChain.<init>(43) - Creating filter chain: Ant [pattern='/v1/api-docs'], [] 
2020:03:17 17:24:33.824 [main] INFO  o.s.s.web.DefaultSecurityFilterChain.<init>(43) - Creating filter chain: any request, [org.springframework.security.web.context.request.async.WebAsyncManagerIntegrationFilter@283d73ef, org.springframework.security.web.context.SecurityContextPersistenceFilter@5b1d705b, org.springframework.security.web.header.HeaderWriterFilter@733028ea, org.springframework.security.web.authentication.logout.LogoutFilter@64c47d8c, org.springframework.security.web.authentication.UsernamePasswordAuthenticationFilter@18de138, org.springframework.security.web.savedrequest.RequestCacheAwareFilter@1c590c84, org.springframework.security.web.servletapi.SecurityContextHolderAwareRequestFilter@1983316a, org.springframework.security.web.authentication.AnonymousAuthenticationFilter@570a7abb, org.springframework.security.web.session.SessionManagementFilter@6111a194, org.springframework.security.web.access.ExceptionTranslationFilter@374f7259, org.springframework.security.web.access.intercept.FilterSecurityInterceptor@92db6ee] 
2020:03:17 17:24:34.015 [main] INFO  o.s.s.c.ThreadPoolTaskExecutor.initialize(171) - Initializing ExecutorService 'applicationTaskExecutor' 
2020:03:17 17:24:34.827 [main] INFO  s.d.s.w.p.DocumentationPluginsBootstrapper.start(120) - Context refreshed 
2020:03:17 17:24:34.858 [main] INFO  s.d.s.w.p.DocumentationPluginsBootstrapper.start(123) - Found 1 custom documentation plugin(s) 
2020:03:17 17:24:34.876 [main] INFO  s.d.s.w.s.ApiListingReferenceScanner.scan(41) - Scanning for api listing references 
2020:03:17 17:24:35.228 [main] INFO  s.d.s.w.r.o.CachingOperationNameGenerator.startingWith(40) - Generating unique operation named: saveOrUpdateUsingPOST_1 
2020:03:17 17:24:35.256 [main] INFO  s.d.s.w.r.o.CachingOperationNameGenerator.startingWith(40) - Generating unique operation named: getListUsingGET_1 
2020:03:17 17:24:35.283 [main] INFO  s.d.s.w.r.o.CachingOperationNameGenerator.startingWith(40) - Generating unique operation named: getUsingGET_1 
2020:03:17 17:24:35.346 [main] INFO  o.a.coyote.http11.Http11NioProtocol.log(173) - Starting ProtocolHandler ["http-nio-8081"] 
2020:03:17 17:24:35.380 [main] INFO  o.s.b.w.e.tomcat.TomcatWebServer.start(204) - Tomcat started on port(s): 8081 (http) with context path '' 
2020:03:17 17:24:35.384 [main] INFO  com.project.web.WebApplication.logStarted(61) - Started WebApplication in 17.49 seconds (JVM running for 22.478) 
2020:03:17 17:25:16.181 [http-nio-8081-exec-1] INFO  o.a.c.c.C.[Tomcat].[localhost].[/].log(173) - Initializing Spring DispatcherServlet 'dispatcherServlet' 
2020:03:17 17:25:16.182 [http-nio-8081-exec-1] INFO  o.s.web.servlet.DispatcherServlet.initServletBean(525) - Initializing Servlet 'dispatcherServlet' 
2020:03:17 17:25:16.195 [http-nio-8081-exec-1] INFO  o.s.web.servlet.DispatcherServlet.initServletBean(547) - Completed initialization in 13 ms 
2020:03:17 17:25:34.342 [http-nio-8081-exec-4] WARN  n.n.u.t.fragments.FragmentProcessor.invoke0(-2) - You don't need to put the layout:fragment/data-layout-fragment attribute into the <head> section - the decoration process will automatically copy the <head> section of your content templates into your layout page. 
2020:03:17 20:08:28.074 [SpringContextShutdownHook] INFO  o.s.s.c.ThreadPoolTaskExecutor.shutdown(208) - Shutting down ExecutorService 'applicationTaskExecutor' 
2020:03:17 20:08:28.089 [SpringContextShutdownHook] INFO  o.s.o.j.LocalContainerEntityManagerFactoryBean.destroy(598) - Closing JPA EntityManagerFactory for persistence unit 'default' 
2020:03:17 20:08:28.102 [SpringContextShutdownHook] INFO  com.zaxxer.hikari.HikariDataSource.close(350) - HikariPool-1 - Shutdown initiated... 
2020:03:17 20:08:28.153 [SpringContextShutdownHook] INFO  com.zaxxer.hikari.HikariDataSource.close(352) - HikariPool-1 - Shutdown completed. 
2020:03:17 21:30:54.793 [main] INFO  com.project.web.WebApplication.logStarting(55) - Starting WebApplication on ngocnd with PID 8119 (/home/ngocnd/rabiloo/aydia-PJ/web/target/classes started by ngocnd in /home/ngocnd/rabiloo/aydia-PJ/web) 
2020:03:17 21:30:54.797 [main] INFO  com.project.web.WebApplication.logStartupProfileInfo(651) - No active profile set, falling back to default profiles: default 
2020:03:17 21:30:57.518 [main] INFO  o.s.d.r.c.RepositoryConfigurationDelegate.registerRepositoriesIn(127) - Bootstrapping Spring Data JPA repositories in DEFAULT mode. 
2020:03:17 21:30:57.697 [main] INFO  o.s.d.r.c.RepositoryConfigurationDelegate.registerRepositoriesIn(187) - Finished Spring Data repository scanning in 158ms. Found 4 JPA repository interfaces. 
2020:03:17 21:30:58.464 [main] INFO  o.s.c.s.PostProcessorRegistrationDelegate$BeanPostProcessorChecker.postProcessAfterInitialization(330) - Bean 'org.springframework.transaction.annotation.ProxyTransactionManagementConfiguration' of type [org.springframework.transaction.annotation.ProxyTransactionManagementConfiguration] is not eligible for getting processed by all BeanPostProcessors (for example: not eligible for auto-proxying) 
2020:03:17 21:30:59.269 [main] INFO  o.s.b.w.e.tomcat.TomcatWebServer.initialize(92) - Tomcat initialized with port(s): 8081 (http) 
2020:03:17 21:30:59.319 [main] INFO  o.a.coyote.http11.Http11NioProtocol.log(173) - Initializing ProtocolHandler ["http-nio-8081"] 
2020:03:17 21:30:59.319 [main] INFO  o.a.catalina.core.StandardService.log(173) - Starting service [Tomcat] 
2020:03:17 21:30:59.320 [main] INFO  o.a.catalina.core.StandardEngine.log(173) - Starting Servlet engine: [Apache Tomcat/9.0.30] 
2020:03:17 21:30:59.596 [main] INFO  o.a.c.c.C.[Tomcat].[localhost].[/].log(173) - Initializing Spring embedded WebApplicationContext 
2020:03:17 21:30:59.596 [main] INFO  o.s.web.context.ContextLoader.prepareWebApplicationContext(284) - Root WebApplicationContext: initialization completed in 4243 ms 
2020:03:17 21:30:59.838 [main] INFO  c.p.w.f.GlobalExceptionHandlerFilter.init(63) - Init Catching exception filter. 
2020:03:17 21:30:59.970 [main] INFO  com.zaxxer.hikari.HikariDataSource.getConnection(110) - HikariPool-1 - Starting... 
2020:03:17 21:30:59.975 [main] WARN  c.z.hikari.util.DriverDataSource.<init>(70) - Registered driver with driverClassName=com.mysql.jdbc.Driver was not found, trying direct instantiation. 
2020:03:17 21:31:00.635 [main] INFO  com.zaxxer.hikari.HikariDataSource.getConnection(123) - HikariPool-1 - Start completed. 
2020:03:17 21:31:02.896 [main] INFO  liquibase.executor.jvm.JdbcExecutor.info(42) - SELECT COUNT(*) FROM web_db.DATABASECHANGELOGLOCK 
2020:03:17 21:31:02.930 [main] INFO  liquibase.executor.jvm.JdbcExecutor.info(42) - SELECT COUNT(*) FROM web_db.DATABASECHANGELOGLOCK 
2020:03:17 21:31:02.934 [main] INFO  liquibase.executor.jvm.JdbcExecutor.info(42) - SELECT `LOCKED` FROM web_db.DATABASECHANGELOGLOCK WHERE ID=1 
2020:03:17 21:31:02.964 [main] INFO  l.lockservice.StandardLockService.info(42) - Successfully acquired change log lock 
2020:03:17 21:31:05.180 [main] INFO  liquibase.executor.jvm.JdbcExecutor.info(42) - SELECT MD5SUM FROM web_db.DATABASECHANGELOG WHERE MD5SUM IS NOT NULL LIMIT 1 
2020:03:17 21:31:05.183 [main] INFO  liquibase.executor.jvm.JdbcExecutor.info(42) - SELECT COUNT(*) FROM web_db.DATABASECHANGELOG 
2020:03:17 21:31:05.184 [main] INFO  l.c.StandardChangeLogHistoryService.info(42) - Reading from web_db.DATABASECHANGELOG 
2020:03:17 21:31:05.184 [main] INFO  liquibase.executor.jvm.JdbcExecutor.info(42) - SELECT * FROM web_db.DATABASECHANGELOG ORDER BY DATEEXECUTED ASC, ORDEREXECUTED ASC 
2020:03:17 21:31:05.235 [main] INFO  l.lockservice.StandardLockService.info(42) - Successfully released change log lock 
2020:03:17 21:31:05.466 [main] INFO  o.h.jpa.internal.util.LogHelper.logPersistenceUnitInformation(31) - HHH000204: Processing PersistenceUnitInfo [name: default] 
2020:03:17 21:31:05.641 [main] INFO  org.hibernate.Version.logVersion(46) - HHH000412: Hibernate Core {5.4.10.Final} 
2020:03:17 21:31:05.969 [main] INFO  o.h.annotations.common.Version.<clinit>(49) - HCANN000001: Hibernate Commons Annotations {5.1.0.Final} 
2020:03:17 21:31:06.220 [main] INFO  org.hibernate.dialect.Dialect.<init>(172) - HHH000400: Using dialect: org.hibernate.dialect.MySQL57Dialect 
2020:03:17 21:31:07.812 [main] INFO  o.h.e.t.j.p.i.JtaPlatformInitiator.initiateService(52) - HHH000490: Using JtaPlatform implementation: [org.hibernate.engine.transaction.jta.platform.internal.NoJtaPlatform] 
2020:03:17 21:31:07.840 [main] INFO  o.s.o.j.LocalContainerEntityManagerFactoryBean.buildNativeEntityManagerFactory(416) - Initialized JPA EntityManagerFactory for persistence unit 'default' 
2020:03:17 21:31:08.501 [main] WARN  o.s.b.a.o.j.JpaBaseConfiguration$JpaWebConfiguration.openEntityManagerInViewInterceptor(220) - spring.jpa.open-in-view is enabled by default. Therefore, database queries may be performed during view rendering. Explicitly configure spring.jpa.open-in-view to disable this warning 
2020:03:17 21:31:09.738 [main] INFO  c.p.web.security.SecurityConfig.configure(41) - Enable application security. 
2020:03:17 21:31:09.765 [main] INFO  o.s.s.web.DefaultSecurityFilterChain.<init>(43) - Creating filter chain: Ant [pattern='/libs/**'], [] 
2020:03:17 21:31:09.766 [main] INFO  o.s.s.web.DefaultSecurityFilterChain.<init>(43) - Creating filter chain: Ant [pattern='/custom/**'], [] 
2020:03:17 21:31:09.766 [main] INFO  o.s.s.web.DefaultSecurityFilterChain.<init>(43) - Creating filter chain: Ant [pattern='/js/**'], [] 
2020:03:17 21:31:09.766 [main] INFO  o.s.s.web.DefaultSecurityFilterChain.<init>(43) - Creating filter chain: Ant [pattern='/icon/**'], [] 
2020:03:17 21:31:09.766 [main] INFO  o.s.s.web.DefaultSecurityFilterChain.<init>(43) - Creating filter chain: Ant [pattern='/images/**'], [] 
2020:03:17 21:31:09.767 [main] INFO  o.s.s.web.DefaultSecurityFilterChain.<init>(43) - Creating filter chain: Ant [pattern='/favicon.ico/**'], [] 
2020:03:17 21:31:09.767 [main] INFO  o.s.s.web.DefaultSecurityFilterChain.<init>(43) - Creating filter chain: Ant [pattern='/webjars/springfox-swagger-ui/**'], [] 
2020:03:17 21:31:09.767 [main] INFO  o.s.s.web.DefaultSecurityFilterChain.<init>(43) - Creating filter chain: Ant [pattern='/swagger-ui.html/**'], [] 
2020:03:17 21:31:09.767 [main] INFO  o.s.s.web.DefaultSecurityFilterChain.<init>(43) - Creating filter chain: Ant [pattern='/swagger-resources/**'], [] 
2020:03:17 21:31:09.767 [main] INFO  o.s.s.web.DefaultSecurityFilterChain.<init>(43) - Creating filter chain: Ant [pattern='/v1/api-docs'], [] 
2020:03:17 21:31:09.833 [main] INFO  o.s.s.web.DefaultSecurityFilterChain.<init>(43) - Creating filter chain: any request, [org.springframework.security.web.context.request.async.WebAsyncManagerIntegrationFilter@e3827f3, org.springframework.security.web.context.SecurityContextPersistenceFilter@76e9666d, org.springframework.security.web.header.HeaderWriterFilter@20fbe58c, org.springframework.security.web.authentication.logout.LogoutFilter@3fe57d5e, org.springframework.security.web.authentication.UsernamePasswordAuthenticationFilter@773c180f, org.springframework.security.web.savedrequest.RequestCacheAwareFilter@364fe8bd, org.springframework.security.web.servletapi.SecurityContextHolderAwareRequestFilter@4c8f4210, org.springframework.security.web.authentication.AnonymousAuthenticationFilter@5058a13f, org.springframework.security.web.session.SessionManagementFilter@74a5f141, org.springframework.security.web.access.ExceptionTranslationFilter@59ef461c, org.springframework.security.web.access.intercept.FilterSecurityInterceptor@7f29089b] 
2020:03:17 21:31:10.038 [main] INFO  o.s.s.c.ThreadPoolTaskExecutor.initialize(171) - Initializing ExecutorService 'applicationTaskExecutor' 
2020:03:17 21:31:10.899 [main] INFO  s.d.s.w.p.DocumentationPluginsBootstrapper.start(120) - Context refreshed 
2020:03:17 21:31:10.966 [main] INFO  s.d.s.w.p.DocumentationPluginsBootstrapper.start(123) - Found 1 custom documentation plugin(s) 
2020:03:17 21:31:10.986 [main] INFO  s.d.s.w.s.ApiListingReferenceScanner.scan(41) - Scanning for api listing references 
2020:03:17 21:31:11.393 [main] INFO  s.d.s.w.r.o.CachingOperationNameGenerator.startingWith(40) - Generating unique operation named: saveOrUpdateUsingPOST_1 
2020:03:17 21:31:11.419 [main] INFO  s.d.s.w.r.o.CachingOperationNameGenerator.startingWith(40) - Generating unique operation named: getListUsingGET_1 
2020:03:17 21:31:11.443 [main] INFO  s.d.s.w.r.o.CachingOperationNameGenerator.startingWith(40) - Generating unique operation named: getUsingGET_1 
2020:03:17 21:31:11.505 [main] INFO  o.a.coyote.http11.Http11NioProtocol.log(173) - Starting ProtocolHandler ["http-nio-8081"] 
2020:03:17 21:31:11.544 [main] INFO  o.s.b.w.e.tomcat.TomcatWebServer.start(204) - Tomcat started on port(s): 8081 (http) with context path '' 
2020:03:17 21:31:11.548 [main] INFO  com.project.web.WebApplication.logStarted(61) - Started WebApplication in 18.33 seconds (JVM running for 28.649) 
2020:03:17 21:31:33.010 [http-nio-8081-exec-1] INFO  o.a.c.c.C.[Tomcat].[localhost].[/].log(173) - Initializing Spring DispatcherServlet 'dispatcherServlet' 
2020:03:17 21:31:33.011 [http-nio-8081-exec-1] INFO  o.s.web.servlet.DispatcherServlet.initServletBean(525) - Initializing Servlet 'dispatcherServlet' 
2020:03:17 21:31:33.025 [http-nio-8081-exec-1] INFO  o.s.web.servlet.DispatcherServlet.initServletBean(547) - Completed initialization in 14 ms 
2020:03:17 21:31:48.085 [http-nio-8081-exec-6] WARN  n.n.u.t.fragments.FragmentProcessor.invoke0(-2) - You don't need to put the layout:fragment/data-layout-fragment attribute into the <head> section - the decoration process will automatically copy the <head> section of your content templates into your layout page. 
2020:03:17 22:16:44.377 [SpringContextShutdownHook] INFO  o.s.s.c.ThreadPoolTaskExecutor.shutdown(208) - Shutting down ExecutorService 'applicationTaskExecutor' 
2020:03:17 22:16:44.384 [SpringContextShutdownHook] INFO  o.s.o.j.LocalContainerEntityManagerFactoryBean.destroy(598) - Closing JPA EntityManagerFactory for persistence unit 'default' 
2020:03:17 22:16:44.389 [SpringContextShutdownHook] INFO  com.zaxxer.hikari.HikariDataSource.close(350) - HikariPool-1 - Shutdown initiated... 
2020:03:17 22:16:44.423 [SpringContextShutdownHook] INFO  com.zaxxer.hikari.HikariDataSource.close(352) - HikariPool-1 - Shutdown completed. 
