2020:02:27 13:40:46.703 [main] INFO  com.project.web.WebApplication.logStarting(55) - Starting WebApplication on ngocnd with PID 18933 (/home/ngocnd/rabiloo/web/target/classes started by ngocnd in /home/ngocnd/rabiloo/web) 
2020:02:27 13:40:46.708 [main] INFO  com.project.web.WebApplication.logStartupProfileInfo(651) - No active profile set, falling back to default profiles: default 
2020:02:27 13:40:49.856 [main] INFO  o.s.d.r.c.RepositoryConfigurationDelegate.registerRepositoriesIn(127) - Bootstrapping Spring Data JPA repositories in DEFAULT mode. 
2020:02:27 13:40:50.045 [main] INFO  o.s.d.r.c.RepositoryConfigurationDelegate.registerRepositoriesIn(187) - Finished Spring Data repository scanning in 167ms. Found 1 JPA repository interfaces. 
2020:02:27 13:40:51.001 [main] INFO  o.s.c.s.PostProcessorRegistrationDelegate$BeanPostProcessorChecker.postProcessAfterInitialization(330) - Bean 'org.springframework.transaction.annotation.ProxyTransactionManagementConfiguration' of type [org.springframework.transaction.annotation.ProxyTransactionManagementConfiguration] is not eligible for getting processed by all BeanPostProcessors (for example: not eligible for auto-proxying) 
2020:02:27 13:40:52.446 [main] INFO  o.s.b.w.e.tomcat.TomcatWebServer.initialize(92) - Tomcat initialized with port(s): 8080 (http) 
2020:02:27 13:40:52.540 [main] INFO  o.a.coyote.http11.Http11NioProtocol.log(173) - Initializing ProtocolHandler ["http-nio-8080"] 
2020:02:27 13:40:52.541 [main] INFO  o.a.catalina.core.StandardService.log(173) - Starting service [Tomcat] 
2020:02:27 13:40:52.542 [main] INFO  o.a.catalina.core.StandardEngine.log(173) - Starting Servlet engine: [Apache Tomcat/9.0.30] 
2020:02:27 13:40:52.945 [main] INFO  o.a.c.c.C.[Tomcat].[localhost].[/].log(173) - Initializing Spring embedded WebApplicationContext 
2020:02:27 13:40:52.946 [main] INFO  o.s.web.context.ContextLoader.prepareWebApplicationContext(284) - Root WebApplicationContext: initialization completed in 6149 ms 
2020:02:27 13:40:53.354 [main] INFO  c.p.w.f.GlobalExceptionHandlerFilter.init(63) - Init Catching exception filter. 
2020:02:27 13:40:53.703 [main] INFO  com.zaxxer.hikari.HikariDataSource.getConnection(110) - HikariPool-1 - Starting... 
2020:02:27 13:40:53.716 [main] WARN  c.z.hikari.util.DriverDataSource.<init>(70) - Registered driver with driverClassName=com.mysql.jdbc.Driver was not found, trying direct instantiation. 
2020:02:27 13:40:54.474 [main] INFO  com.zaxxer.hikari.HikariDataSource.getConnection(123) - HikariPool-1 - Start completed. 
2020:02:27 13:40:56.207 [main] INFO  liquibase.executor.jvm.JdbcExecutor.info(42) - SELECT COUNT(*) FROM web_db.DATABASECHANGELOGLOCK 
2020:02:27 13:40:56.263 [main] INFO  liquibase.executor.jvm.JdbcExecutor.info(42) - SELECT COUNT(*) FROM web_db.DATABASECHANGELOGLOCK 
2020:02:27 13:40:56.267 [main] INFO  liquibase.executor.jvm.JdbcExecutor.info(42) - SELECT `LOCKED` FROM web_db.DATABASECHANGELOGLOCK WHERE ID=1 
2020:02:27 13:40:56.310 [main] INFO  l.lockservice.StandardLockService.info(42) - Successfully acquired change log lock 
2020:02:27 13:40:58.467 [main] INFO  liquibase.executor.jvm.JdbcExecutor.info(42) - SELECT MD5SUM FROM web_db.DATABASECHANGELOG WHERE MD5SUM IS NOT NULL LIMIT 1 
2020:02:27 13:40:58.468 [main] INFO  liquibase.executor.jvm.JdbcExecutor.info(42) - SELECT COUNT(*) FROM web_db.DATABASECHANGELOG 
2020:02:27 13:40:58.469 [main] INFO  l.c.StandardChangeLogHistoryService.info(42) - Reading from web_db.DATABASECHANGELOG 
2020:02:27 13:40:58.470 [main] INFO  liquibase.executor.jvm.JdbcExecutor.info(42) - SELECT * FROM web_db.DATABASECHANGELOG ORDER BY DATEEXECUTED ASC, ORDEREXECUTED ASC 
2020:02:27 13:40:58.512 [main] INFO  liquibase.executor.jvm.JdbcExecutor.info(42) - CREATE TABLE web_db.user (id INT AUTO_INCREMENT NOT NULL, username VARCHAR(500) NULL, password VARCHAR(500) NULL, `role` VARCHAR(500) NULL, name VARCHAR(500) NULL, created_time timestamp DEFAULT NOW() NULL, updated_time timestamp DEFAULT NOW() NULL, is_deleted BIT(1) DEFAULT 0 NULL, CONSTRAINT PK_USER PRIMARY KEY (id))ENGINE=INNODB CHARSET=utf8mb4 COLLATE utf8mb4_unicode_520_ci 
2020:02:27 13:40:58.569 [main] INFO  liquibase.changelog.ChangeSet.info(42) - Table user created 
2020:02:27 13:40:58.572 [main] INFO  liquibase.changelog.ChangeSet.info(42) - ChangeSet liquibase/user/user.xml::create_table_user::ngocnd ran successfully in 63ms 
2020:02:27 13:40:58.576 [main] INFO  liquibase.executor.jvm.JdbcExecutor.info(42) - SELECT MAX(ORDEREXECUTED) FROM web_db.DATABASECHANGELOG 
2020:02:27 13:40:58.584 [main] INFO  liquibase.executor.jvm.JdbcExecutor.info(42) - INSERT INTO web_db.DATABASECHANGELOG (ID, AUTHOR, FILENAME, DATEEXECUTED, ORDEREXECUTED, MD5SUM, `DESCRIPTION`, COMMENTS, EXECTYPE, CONTEXTS, LABELS, LIQUIBASE, DEPLOYMENT_ID) VALUES ('create_table_user', 'ngocnd', 'liquibase/user/user.xml', NOW(), 1, '8:e805fd2db57fd6c3c55dbe002e590abc', 'createTable tableName=user', '', 'EXECUTED', NULL, NULL, '3.8.5', '2785658471') 
2020:02:27 13:40:58.598 [main] INFO  liquibase.executor.jvm.JdbcExecutor.info(42) - INSERT INTO web_db.user (username, password, name, `role`) VALUES ('admin', '$2a$10$CYelMTWANaYs.NSIbkH7v.eBNkvXbWzs1pgkX5er6r8DxeKy25x2e', 'Admin', 'ADMIN') 
2020:02:27 13:40:58.603 [main] INFO  liquibase.changelog.ChangeSet.info(42) - New row inserted into user 
2020:02:27 13:40:58.605 [main] INFO  liquibase.executor.jvm.JdbcExecutor.info(42) - INSERT INTO web_db.user (username, password, name, `role`) VALUES ('mod', '$2a$10$CYelMTWANaYs.NSIbkH7v.eBNkvXbWzs1pgkX5er6r8DxeKy25x2e', 'Mod', 'COMPANY_ADMIN') 
2020:02:27 13:40:58.610 [main] INFO  liquibase.changelog.ChangeSet.info(42) - New row inserted into user 
2020:02:27 13:40:58.617 [main] INFO  liquibase.changelog.ChangeSet.info(42) - ChangeSet liquibase/user/data.xml::insert_user::ngocnd ran successfully in 23ms 
2020:02:27 13:40:58.621 [main] INFO  liquibase.executor.jvm.JdbcExecutor.info(42) - INSERT INTO web_db.DATABASECHANGELOG (ID, AUTHOR, FILENAME, DATEEXECUTED, ORDEREXECUTED, MD5SUM, `DESCRIPTION`, COMMENTS, EXECTYPE, CONTEXTS, LABELS, LIQUIBASE, DEPLOYMENT_ID) VALUES ('insert_user', 'ngocnd', 'liquibase/user/data.xml', NOW(), 2, '8:f8d63380a448dc6c086e3c90e8fc5d18', 'insert tableName=user; insert tableName=user', '', 'EXECUTED', NULL, NULL, '3.8.5', '2785658471') 
2020:02:27 13:40:58.643 [main] INFO  l.lockservice.StandardLockService.info(42) - Successfully released change log lock 
2020:02:27 13:40:58.910 [main] INFO  o.h.jpa.internal.util.LogHelper.logPersistenceUnitInformation(31) - HHH000204: Processing PersistenceUnitInfo [name: default] 
2020:02:27 13:40:59.174 [main] INFO  org.hibernate.Version.logVersion(46) - HHH000412: Hibernate Core {5.4.10.Final} 
2020:02:27 13:40:59.534 [main] INFO  o.h.annotations.common.Version.<clinit>(49) - HCANN000001: Hibernate Commons Annotations {5.1.0.Final} 
2020:02:27 13:40:59.744 [main] INFO  org.hibernate.dialect.Dialect.<init>(172) - HHH000400: Using dialect: org.hibernate.dialect.MySQL57Dialect 
2020:02:27 13:41:01.035 [main] INFO  o.h.e.t.j.p.i.JtaPlatformInitiator.initiateService(52) - HHH000490: Using JtaPlatform implementation: [org.hibernate.engine.transaction.jta.platform.internal.NoJtaPlatform] 
2020:02:27 13:41:01.076 [main] INFO  o.s.o.j.LocalContainerEntityManagerFactoryBean.buildNativeEntityManagerFactory(416) - Initialized JPA EntityManagerFactory for persistence unit 'default' 
2020:02:27 13:41:01.762 [main] WARN  o.s.b.a.o.j.JpaBaseConfiguration$JpaWebConfiguration.openEntityManagerInViewInterceptor(220) - spring.jpa.open-in-view is enabled by default. Therefore, database queries may be performed during view rendering. Explicitly configure spring.jpa.open-in-view to disable this warning 
2020:02:27 13:41:02.797 [main] INFO  c.p.web.security.SecurityConfig.configure(41) - Enable application security. 
2020:02:27 13:41:02.831 [main] INFO  o.s.s.web.DefaultSecurityFilterChain.<init>(43) - Creating filter chain: Ant [pattern='/libs/**'], [] 
2020:02:27 13:41:02.831 [main] INFO  o.s.s.web.DefaultSecurityFilterChain.<init>(43) - Creating filter chain: Ant [pattern='/custom/**'], [] 
2020:02:27 13:41:02.831 [main] INFO  o.s.s.web.DefaultSecurityFilterChain.<init>(43) - Creating filter chain: Ant [pattern='/js/**'], [] 
2020:02:27 13:41:02.831 [main] INFO  o.s.s.web.DefaultSecurityFilterChain.<init>(43) - Creating filter chain: Ant [pattern='/icon/**'], [] 
2020:02:27 13:41:02.832 [main] INFO  o.s.s.web.DefaultSecurityFilterChain.<init>(43) - Creating filter chain: Ant [pattern='/images/**'], [] 
2020:02:27 13:41:02.832 [main] INFO  o.s.s.web.DefaultSecurityFilterChain.<init>(43) - Creating filter chain: Ant [pattern='/favicon.ico/**'], [] 
2020:02:27 13:41:02.832 [main] INFO  o.s.s.web.DefaultSecurityFilterChain.<init>(43) - Creating filter chain: Ant [pattern='/webjars/springfox-swagger-ui/**'], [] 
2020:02:27 13:41:02.832 [main] INFO  o.s.s.web.DefaultSecurityFilterChain.<init>(43) - Creating filter chain: Ant [pattern='/swagger-ui.html/**'], [] 
2020:02:27 13:41:02.832 [main] INFO  o.s.s.web.DefaultSecurityFilterChain.<init>(43) - Creating filter chain: Ant [pattern='/swagger-resources/**'], [] 
2020:02:27 13:41:02.832 [main] INFO  o.s.s.web.DefaultSecurityFilterChain.<init>(43) - Creating filter chain: Ant [pattern='/v1/api-docs'], [] 
2020:02:27 13:41:02.920 [main] INFO  o.s.s.web.DefaultSecurityFilterChain.<init>(43) - Creating filter chain: any request, [org.springframework.security.web.context.request.async.WebAsyncManagerIntegrationFilter@e2e6518, org.springframework.security.web.context.SecurityContextPersistenceFilter@239d3eb, org.springframework.security.web.header.HeaderWriterFilter@178cb438, org.springframework.security.web.authentication.logout.LogoutFilter@75b2b68, org.springframework.security.web.authentication.UsernamePasswordAuthenticationFilter@3fb7c0e8, org.springframework.security.web.savedrequest.RequestCacheAwareFilter@2b919e6f, org.springframework.security.web.servletapi.SecurityContextHolderAwareRequestFilter@1118b222, org.springframework.security.web.authentication.AnonymousAuthenticationFilter@2d395283, org.springframework.security.web.session.SessionManagementFilter@2f779905, org.springframework.security.web.access.ExceptionTranslationFilter@47846f25, org.springframework.security.web.access.intercept.FilterSecurityInterceptor@2d60082c] 
2020:02:27 13:41:03.112 [main] INFO  o.s.s.c.ThreadPoolTaskExecutor.initialize(171) - Initializing ExecutorService 'applicationTaskExecutor' 
2020:02:27 13:41:03.302 [main] INFO  o.s.b.a.w.s.WelcomePageHandlerMapping.<init>(58) - Adding welcome page template: index 
2020:02:27 13:41:03.568 [main] INFO  s.d.s.w.p.DocumentationPluginsBootstrapper.start(120) - Context refreshed 
2020:02:27 13:41:03.598 [main] INFO  s.d.s.w.p.DocumentationPluginsBootstrapper.start(123) - Found 1 custom documentation plugin(s) 
2020:02:27 13:41:03.617 [main] INFO  s.d.s.w.s.ApiListingReferenceScanner.scan(41) - Scanning for api listing references 
2020:02:27 13:41:04.049 [main] INFO  o.a.coyote.http11.Http11NioProtocol.log(173) - Starting ProtocolHandler ["http-nio-8080"] 
2020:02:27 13:41:04.091 [main] INFO  o.s.b.w.e.tomcat.TomcatWebServer.start(204) - Tomcat started on port(s): 8080 (http) with context path '' 
2020:02:27 13:41:04.095 [main] INFO  com.project.web.WebApplication.logStarted(61) - Started WebApplication in 20.216 seconds (JVM running for 27.271) 
2020:02:27 13:41:10.710 [http-nio-8080-exec-1] INFO  o.a.c.c.C.[Tomcat].[localhost].[/].log(173) - Initializing Spring DispatcherServlet 'dispatcherServlet' 
2020:02:27 13:41:10.711 [http-nio-8080-exec-1] INFO  o.s.web.servlet.DispatcherServlet.initServletBean(525) - Initializing Servlet 'dispatcherServlet' 
2020:02:27 13:41:10.724 [http-nio-8080-exec-1] INFO  o.s.web.servlet.DispatcherServlet.initServletBean(547) - Completed initialization in 12 ms 
2020:02:27 17:39:20.877 [SpringContextShutdownHook] INFO  o.s.s.c.ThreadPoolTaskExecutor.shutdown(208) - Shutting down ExecutorService 'applicationTaskExecutor' 
2020:02:27 17:39:20.908 [SpringContextShutdownHook] INFO  o.s.o.j.LocalContainerEntityManagerFactoryBean.destroy(598) - Closing JPA EntityManagerFactory for persistence unit 'default' 
2020:02:27 17:39:20.958 [SpringContextShutdownHook] INFO  com.zaxxer.hikari.HikariDataSource.close(350) - HikariPool-1 - Shutdown initiated... 
2020:02:27 17:39:21.003 [SpringContextShutdownHook] INFO  com.zaxxer.hikari.HikariDataSource.close(352) - HikariPool-1 - Shutdown completed. 
