2020:03:11 10:40:45.174 [main] INFO  com.project.web.WebApplication.logStarting(55) - Starting WebApplication on ngocnd with PID 14749 (/home/ngocnd/rabiloo/web/target/classes started by ngocnd in /home/ngocnd/rabiloo/web) 
2020:03:11 10:40:45.179 [main] INFO  com.project.web.WebApplication.logStartupProfileInfo(651) - No active profile set, falling back to default profiles: default 
2020:03:11 10:40:48.095 [main] INFO  o.s.d.r.c.RepositoryConfigurationDelegate.registerRepositoriesIn(127) - Bootstrapping Spring Data JPA repositories in DEFAULT mode. 
2020:03:11 10:40:48.289 [main] INFO  o.s.d.r.c.RepositoryConfigurationDelegate.registerRepositoriesIn(187) - Finished Spring Data repository scanning in 171ms. Found 1 JPA repository interfaces. 
2020:03:11 10:40:49.407 [main] INFO  o.s.c.s.PostProcessorRegistrationDelegate$BeanPostProcessorChecker.postProcessAfterInitialization(330) - Bean 'org.springframework.transaction.annotation.ProxyTransactionManagementConfiguration' of type [org.springframework.transaction.annotation.ProxyTransactionManagementConfiguration] is not eligible for getting processed by all BeanPostProcessors (for example: not eligible for auto-proxying) 
2020:03:11 10:40:50.451 [main] INFO  o.s.b.w.e.tomcat.TomcatWebServer.initialize(92) - Tomcat initialized with port(s): 8081 (http) 
2020:03:11 10:40:50.791 [main] INFO  o.a.coyote.http11.Http11NioProtocol.log(173) - Initializing ProtocolHandler ["http-nio-8081"] 
2020:03:11 10:40:50.802 [main] INFO  o.a.catalina.core.StandardService.log(173) - Starting service [Tomcat] 
2020:03:11 10:40:50.803 [main] INFO  o.a.catalina.core.StandardEngine.log(173) - Starting Servlet engine: [Apache Tomcat/9.0.30] 
2020:03:11 10:40:51.709 [main] INFO  o.a.c.c.C.[Tomcat].[localhost].[/].log(173) - Initializing Spring embedded WebApplicationContext 
2020:03:11 10:40:51.709 [main] INFO  o.s.web.context.ContextLoader.prepareWebApplicationContext(284) - Root WebApplicationContext: initialization completed in 5994 ms 
2020:03:11 10:40:51.952 [main] INFO  c.p.w.f.GlobalExceptionHandlerFilter.init(63) - Init Catching exception filter. 
2020:03:11 10:40:52.115 [main] INFO  com.zaxxer.hikari.HikariDataSource.getConnection(110) - HikariPool-1 - Starting... 
2020:03:11 10:40:52.123 [main] WARN  c.z.hikari.util.DriverDataSource.<init>(70) - Registered driver with driverClassName=com.mysql.jdbc.Driver was not found, trying direct instantiation. 
2020:03:11 10:40:52.948 [main] INFO  com.zaxxer.hikari.HikariDataSource.getConnection(123) - HikariPool-1 - Start completed. 
2020:03:11 10:40:57.315 [main] INFO  liquibase.executor.jvm.JdbcExecutor.info(42) - SELECT COUNT(*) FROM web_db.DATABASECHANGELOGLOCK 
2020:03:11 10:40:57.402 [main] INFO  liquibase.executor.jvm.JdbcExecutor.info(42) - SELECT COUNT(*) FROM web_db.DATABASECHANGELOGLOCK 
2020:03:11 10:40:57.410 [main] INFO  liquibase.executor.jvm.JdbcExecutor.info(42) - SELECT `LOCKED` FROM web_db.DATABASECHANGELOGLOCK WHERE ID=1 
2020:03:11 10:40:57.473 [main] INFO  l.lockservice.StandardLockService.info(42) - Successfully acquired change log lock 
2020:03:11 10:41:01.613 [main] INFO  liquibase.executor.jvm.JdbcExecutor.info(42) - SELECT MD5SUM FROM web_db.DATABASECHANGELOG WHERE MD5SUM IS NOT NULL LIMIT 1 
2020:03:11 10:41:01.627 [main] INFO  liquibase.executor.jvm.JdbcExecutor.info(42) - SELECT COUNT(*) FROM web_db.DATABASECHANGELOG 
2020:03:11 10:41:01.629 [main] INFO  l.c.StandardChangeLogHistoryService.info(42) - Reading from web_db.DATABASECHANGELOG 
2020:03:11 10:41:01.629 [main] INFO  liquibase.executor.jvm.JdbcExecutor.info(42) - SELECT * FROM web_db.DATABASECHANGELOG ORDER BY DATEEXECUTED ASC, ORDEREXECUTED ASC 
2020:03:11 10:41:01.697 [main] INFO  l.lockservice.StandardLockService.info(42) - Successfully released change log lock 
2020:03:11 10:41:02.052 [main] INFO  o.h.jpa.internal.util.LogHelper.logPersistenceUnitInformation(31) - HHH000204: Processing PersistenceUnitInfo [name: default] 
2020:03:11 10:41:02.238 [main] INFO  org.hibernate.Version.logVersion(46) - HHH000412: Hibernate Core {5.4.10.Final} 
2020:03:11 10:41:02.593 [main] INFO  o.h.annotations.common.Version.<clinit>(49) - HCANN000001: Hibernate Commons Annotations {5.1.0.Final} 
2020:03:11 10:41:02.839 [main] INFO  org.hibernate.dialect.Dialect.<init>(172) - HHH000400: Using dialect: org.hibernate.dialect.MySQL57Dialect 
2020:03:11 10:41:04.421 [main] INFO  o.h.e.t.j.p.i.JtaPlatformInitiator.initiateService(52) - HHH000490: Using JtaPlatform implementation: [org.hibernate.engine.transaction.jta.platform.internal.NoJtaPlatform] 
2020:03:11 10:41:04.446 [main] INFO  o.s.o.j.LocalContainerEntityManagerFactoryBean.buildNativeEntityManagerFactory(416) - Initialized JPA EntityManagerFactory for persistence unit 'default' 
2020:03:11 10:41:05.212 [main] WARN  o.s.b.a.o.j.JpaBaseConfiguration$JpaWebConfiguration.openEntityManagerInViewInterceptor(220) - spring.jpa.open-in-view is enabled by default. Therefore, database queries may be performed during view rendering. Explicitly configure spring.jpa.open-in-view to disable this warning 
2020:03:11 10:41:06.112 [main] INFO  c.p.web.security.SecurityConfig.configure(41) - Enable application security. 
2020:03:11 10:41:06.137 [main] INFO  o.s.s.web.DefaultSecurityFilterChain.<init>(43) - Creating filter chain: Ant [pattern='/libs/**'], [] 
2020:03:11 10:41:06.137 [main] INFO  o.s.s.web.DefaultSecurityFilterChain.<init>(43) - Creating filter chain: Ant [pattern='/custom/**'], [] 
2020:03:11 10:41:06.137 [main] INFO  o.s.s.web.DefaultSecurityFilterChain.<init>(43) - Creating filter chain: Ant [pattern='/js/**'], [] 
2020:03:11 10:41:06.137 [main] INFO  o.s.s.web.DefaultSecurityFilterChain.<init>(43) - Creating filter chain: Ant [pattern='/icon/**'], [] 
2020:03:11 10:41:06.137 [main] INFO  o.s.s.web.DefaultSecurityFilterChain.<init>(43) - Creating filter chain: Ant [pattern='/images/**'], [] 
2020:03:11 10:41:06.138 [main] INFO  o.s.s.web.DefaultSecurityFilterChain.<init>(43) - Creating filter chain: Ant [pattern='/favicon.ico/**'], [] 
2020:03:11 10:41:06.138 [main] INFO  o.s.s.web.DefaultSecurityFilterChain.<init>(43) - Creating filter chain: Ant [pattern='/webjars/springfox-swagger-ui/**'], [] 
2020:03:11 10:41:06.138 [main] INFO  o.s.s.web.DefaultSecurityFilterChain.<init>(43) - Creating filter chain: Ant [pattern='/swagger-ui.html/**'], [] 
2020:03:11 10:41:06.138 [main] INFO  o.s.s.web.DefaultSecurityFilterChain.<init>(43) - Creating filter chain: Ant [pattern='/swagger-resources/**'], [] 
2020:03:11 10:41:06.138 [main] INFO  o.s.s.web.DefaultSecurityFilterChain.<init>(43) - Creating filter chain: Ant [pattern='/v1/api-docs'], [] 
2020:03:11 10:41:06.212 [main] INFO  o.s.s.web.DefaultSecurityFilterChain.<init>(43) - Creating filter chain: any request, [org.springframework.security.web.context.request.async.WebAsyncManagerIntegrationFilter@5a92022a, org.springframework.security.web.context.SecurityContextPersistenceFilter@41d1a7f5, org.springframework.security.web.header.HeaderWriterFilter@67ed612, org.springframework.security.web.authentication.logout.LogoutFilter@65da4e6f, org.springframework.security.web.authentication.UsernamePasswordAuthenticationFilter@344b0507, org.springframework.security.web.savedrequest.RequestCacheAwareFilter@79d09a71, org.springframework.security.web.servletapi.SecurityContextHolderAwareRequestFilter@6bf6159e, org.springframework.security.web.authentication.AnonymousAuthenticationFilter@43650697, org.springframework.security.web.session.SessionManagementFilter@743d71dd, org.springframework.security.web.access.ExceptionTranslationFilter@cd81d54, org.springframework.security.web.access.intercept.FilterSecurityInterceptor@52d3c97b] 
2020:03:11 10:41:06.442 [main] INFO  o.s.s.c.ThreadPoolTaskExecutor.initialize(171) - Initializing ExecutorService 'applicationTaskExecutor' 
2020:03:11 10:41:07.396 [main] INFO  s.d.s.w.p.DocumentationPluginsBootstrapper.start(120) - Context refreshed 
2020:03:11 10:41:07.445 [main] INFO  s.d.s.w.p.DocumentationPluginsBootstrapper.start(123) - Found 1 custom documentation plugin(s) 
2020:03:11 10:41:07.465 [main] INFO  s.d.s.w.s.ApiListingReferenceScanner.scan(41) - Scanning for api listing references 
2020:03:11 10:41:07.948 [main] INFO  o.a.coyote.http11.Http11NioProtocol.log(173) - Starting ProtocolHandler ["http-nio-8081"] 
2020:03:11 10:41:07.992 [main] INFO  o.s.b.w.e.tomcat.TomcatWebServer.start(204) - Tomcat started on port(s): 8081 (http) with context path '' 
2020:03:11 10:41:07.996 [main] INFO  com.project.web.WebApplication.logStarted(61) - Started WebApplication in 24.467 seconds (JVM running for 29.221) 
2020:03:11 10:41:12.839 [http-nio-8081-exec-1] INFO  o.a.c.c.C.[Tomcat].[localhost].[/].log(173) - Initializing Spring DispatcherServlet 'dispatcherServlet' 
2020:03:11 10:41:12.840 [http-nio-8081-exec-1] INFO  o.s.web.servlet.DispatcherServlet.initServletBean(525) - Initializing Servlet 'dispatcherServlet' 
2020:03:11 10:41:12.853 [http-nio-8081-exec-1] INFO  o.s.web.servlet.DispatcherServlet.initServletBean(547) - Completed initialization in 12 ms 
2020:03:11 11:21:02.041 [http-nio-8081-exec-9] INFO  o.s.d.r.c.RepositoryConfigurationDelegate.registerRepositoriesIn(127) - Bootstrapping Spring Data JPA repositories in DEFAULT mode. 
2020:03:11 11:21:02.119 [http-nio-8081-exec-9] INFO  o.s.d.r.c.RepositoryConfigurationDelegate.registerRepositoriesIn(187) - Finished Spring Data repository scanning in 76ms. Found 2 JPA repository interfaces. 
2020:03:11 11:21:03.067 [http-nio-8081-exec-9] INFO  o.h.jpa.internal.util.LogHelper.logPersistenceUnitInformation(31) - HHH000204: Processing PersistenceUnitInfo [name: default] 
2020:03:11 11:21:03.091 [http-nio-8081-exec-9] INFO  org.hibernate.dialect.Dialect.<init>(172) - HHH000400: Using dialect: org.hibernate.dialect.MySQL57Dialect 
2020:03:11 11:21:03.250 [http-nio-8081-exec-9] INFO  o.h.e.t.j.p.i.JtaPlatformInitiator.initiateService(52) - HHH000490: Using JtaPlatform implementation: [org.hibernate.engine.transaction.jta.platform.internal.NoJtaPlatform] 
2020:03:11 11:42:14.094 [http-nio-8081-exec-10] INFO  o.s.d.r.c.RepositoryConfigurationDelegate.registerRepositoriesIn(127) - Bootstrapping Spring Data JPA repositories in DEFAULT mode. 
2020:03:11 11:42:14.104 [http-nio-8081-exec-10] INFO  o.s.d.r.c.RepositoryConfigurationDelegate.registerRepositoriesIn(187) - Finished Spring Data repository scanning in 8ms. Found 0 JPA repository interfaces. 
2020:03:11 11:45:24.458 [http-nio-8081-exec-3] INFO  o.s.d.r.c.RepositoryConfigurationDelegate.registerRepositoriesIn(127) - Bootstrapping Spring Data JPA repositories in DEFAULT mode. 
2020:03:11 11:45:24.480 [http-nio-8081-exec-3] INFO  o.s.d.r.c.RepositoryConfigurationDelegate.registerRepositoriesIn(187) - Finished Spring Data repository scanning in 20ms. Found 0 JPA repository interfaces. 
2020:03:11 11:46:15.307 [SpringContextShutdownHook] INFO  o.s.d.r.c.RepositoryConfigurationDelegate.registerRepositoriesIn(127) - Bootstrapping Spring Data JPA repositories in DEFAULT mode. 
2020:03:11 11:46:15.313 [SpringContextShutdownHook] INFO  o.s.d.r.c.RepositoryConfigurationDelegate.registerRepositoriesIn(187) - Finished Spring Data repository scanning in 5ms. Found 0 JPA repository interfaces. 
2020:03:11 11:46:15.342 [SpringContextShutdownHook] INFO  o.s.s.c.ThreadPoolTaskExecutor.shutdown(208) - Shutting down ExecutorService 'applicationTaskExecutor' 
2020:03:11 11:46:15.348 [SpringContextShutdownHook] INFO  o.s.o.j.LocalContainerEntityManagerFactoryBean.destroy(598) - Closing JPA EntityManagerFactory for persistence unit 'default' 
2020:03:11 11:46:15.352 [SpringContextShutdownHook] INFO  com.zaxxer.hikari.HikariDataSource.close(350) - HikariPool-1 - Shutdown initiated... 
2020:03:11 11:46:15.369 [SpringContextShutdownHook] INFO  com.zaxxer.hikari.HikariDataSource.close(352) - HikariPool-1 - Shutdown completed. 
2020:03:11 11:46:22.186 [main] INFO  com.project.web.WebApplication.logStarting(55) - Starting WebApplication on ngocnd with PID 17947 (/home/ngocnd/rabiloo/web/target/classes started by ngocnd in /home/ngocnd/rabiloo/web) 
2020:03:11 11:46:22.207 [main] INFO  com.project.web.WebApplication.logStartupProfileInfo(651) - No active profile set, falling back to default profiles: default 
2020:03:11 11:46:24.088 [main] INFO  o.s.d.r.c.RepositoryConfigurationDelegate.registerRepositoriesIn(127) - Bootstrapping Spring Data JPA repositories in DEFAULT mode. 
2020:03:11 11:46:24.198 [main] INFO  o.s.d.r.c.RepositoryConfigurationDelegate.registerRepositoriesIn(187) - Finished Spring Data repository scanning in 99ms. Found 3 JPA repository interfaces. 
2020:03:11 11:46:24.820 [main] INFO  o.s.c.s.PostProcessorRegistrationDelegate$BeanPostProcessorChecker.postProcessAfterInitialization(330) - Bean 'org.springframework.transaction.annotation.ProxyTransactionManagementConfiguration' of type [org.springframework.transaction.annotation.ProxyTransactionManagementConfiguration] is not eligible for getting processed by all BeanPostProcessors (for example: not eligible for auto-proxying) 
2020:03:11 11:46:25.380 [main] INFO  o.s.b.w.e.tomcat.TomcatWebServer.initialize(92) - Tomcat initialized with port(s): 8081 (http) 
2020:03:11 11:46:25.396 [main] INFO  o.a.coyote.http11.Http11NioProtocol.log(173) - Initializing ProtocolHandler ["http-nio-8081"] 
2020:03:11 11:46:25.397 [main] INFO  o.a.catalina.core.StandardService.log(173) - Starting service [Tomcat] 
2020:03:11 11:46:25.397 [main] INFO  o.a.catalina.core.StandardEngine.log(173) - Starting Servlet engine: [Apache Tomcat/9.0.30] 
2020:03:11 11:46:25.549 [main] INFO  o.a.c.c.C.[Tomcat].[localhost].[/].log(173) - Initializing Spring embedded WebApplicationContext 
2020:03:11 11:46:25.550 [main] INFO  o.s.web.context.ContextLoader.prepareWebApplicationContext(284) - Root WebApplicationContext: initialization completed in 2840 ms 
2020:03:11 11:46:25.637 [main] INFO  c.p.w.f.GlobalExceptionHandlerFilter.init(63) - Init Catching exception filter. 
2020:03:11 11:46:25.731 [main] INFO  com.zaxxer.hikari.HikariDataSource.getConnection(110) - HikariPool-1 - Starting... 
2020:03:11 11:46:25.734 [main] WARN  c.z.hikari.util.DriverDataSource.<init>(70) - Registered driver with driverClassName=com.mysql.jdbc.Driver was not found, trying direct instantiation. 
2020:03:11 11:46:25.970 [main] INFO  com.zaxxer.hikari.HikariDataSource.getConnection(123) - HikariPool-1 - Start completed. 
2020:03:11 11:46:27.297 [main] INFO  liquibase.executor.jvm.JdbcExecutor.info(42) - SELECT COUNT(*) FROM web_db.DATABASECHANGELOGLOCK 
2020:03:11 11:46:27.305 [main] INFO  liquibase.executor.jvm.JdbcExecutor.info(42) - SELECT COUNT(*) FROM web_db.DATABASECHANGELOGLOCK 
2020:03:11 11:46:27.307 [main] INFO  liquibase.executor.jvm.JdbcExecutor.info(42) - SELECT `LOCKED` FROM web_db.DATABASECHANGELOGLOCK WHERE ID=1 
2020:03:11 11:46:27.326 [main] INFO  l.lockservice.StandardLockService.info(42) - Successfully acquired change log lock 
2020:03:11 11:46:29.280 [main] INFO  liquibase.executor.jvm.JdbcExecutor.info(42) - SELECT MD5SUM FROM web_db.DATABASECHANGELOG WHERE MD5SUM IS NOT NULL LIMIT 1 
2020:03:11 11:46:29.283 [main] INFO  liquibase.executor.jvm.JdbcExecutor.info(42) - SELECT COUNT(*) FROM web_db.DATABASECHANGELOG 
2020:03:11 11:46:29.284 [main] INFO  l.c.StandardChangeLogHistoryService.info(42) - Reading from web_db.DATABASECHANGELOG 
2020:03:11 11:46:29.285 [main] INFO  liquibase.executor.jvm.JdbcExecutor.info(42) - SELECT * FROM web_db.DATABASECHANGELOG ORDER BY DATEEXECUTED ASC, ORDEREXECUTED ASC 
2020:03:11 11:46:29.316 [main] INFO  l.lockservice.StandardLockService.info(42) - Successfully released change log lock 
2020:03:11 11:46:29.447 [main] INFO  o.h.jpa.internal.util.LogHelper.logPersistenceUnitInformation(31) - HHH000204: Processing PersistenceUnitInfo [name: default] 
2020:03:11 11:46:29.529 [main] INFO  org.hibernate.Version.logVersion(46) - HHH000412: Hibernate Core {5.4.10.Final} 
2020:03:11 11:46:29.685 [main] INFO  o.h.annotations.common.Version.<clinit>(49) - HCANN000001: Hibernate Commons Annotations {5.1.0.Final} 
2020:03:11 11:46:29.816 [main] INFO  org.hibernate.dialect.Dialect.<init>(172) - HHH000400: Using dialect: org.hibernate.dialect.MySQL57Dialect 
2020:03:11 11:46:30.629 [main] INFO  o.h.e.t.j.p.i.JtaPlatformInitiator.initiateService(52) - HHH000490: Using JtaPlatform implementation: [org.hibernate.engine.transaction.jta.platform.internal.NoJtaPlatform] 
2020:03:11 11:46:30.655 [main] INFO  o.s.o.j.LocalContainerEntityManagerFactoryBean.buildNativeEntityManagerFactory(416) - Initialized JPA EntityManagerFactory for persistence unit 'default' 
2020:03:11 11:46:31.146 [main] WARN  o.s.b.a.o.j.JpaBaseConfiguration$JpaWebConfiguration.openEntityManagerInViewInterceptor(220) - spring.jpa.open-in-view is enabled by default. Therefore, database queries may be performed during view rendering. Explicitly configure spring.jpa.open-in-view to disable this warning 
2020:03:11 11:46:32.011 [main] INFO  c.p.web.security.SecurityConfig.configure(41) - Enable application security. 
2020:03:11 11:46:32.027 [main] INFO  o.s.s.web.DefaultSecurityFilterChain.<init>(43) - Creating filter chain: Ant [pattern='/libs/**'], [] 
2020:03:11 11:46:32.027 [main] INFO  o.s.s.web.DefaultSecurityFilterChain.<init>(43) - Creating filter chain: Ant [pattern='/custom/**'], [] 
2020:03:11 11:46:32.028 [main] INFO  o.s.s.web.DefaultSecurityFilterChain.<init>(43) - Creating filter chain: Ant [pattern='/js/**'], [] 
2020:03:11 11:46:32.028 [main] INFO  o.s.s.web.DefaultSecurityFilterChain.<init>(43) - Creating filter chain: Ant [pattern='/icon/**'], [] 
2020:03:11 11:46:32.028 [main] INFO  o.s.s.web.DefaultSecurityFilterChain.<init>(43) - Creating filter chain: Ant [pattern='/images/**'], [] 
2020:03:11 11:46:32.028 [main] INFO  o.s.s.web.DefaultSecurityFilterChain.<init>(43) - Creating filter chain: Ant [pattern='/favicon.ico/**'], [] 
2020:03:11 11:46:32.029 [main] INFO  o.s.s.web.DefaultSecurityFilterChain.<init>(43) - Creating filter chain: Ant [pattern='/webjars/springfox-swagger-ui/**'], [] 
2020:03:11 11:46:32.029 [main] INFO  o.s.s.web.DefaultSecurityFilterChain.<init>(43) - Creating filter chain: Ant [pattern='/swagger-ui.html/**'], [] 
2020:03:11 11:46:32.029 [main] INFO  o.s.s.web.DefaultSecurityFilterChain.<init>(43) - Creating filter chain: Ant [pattern='/swagger-resources/**'], [] 
2020:03:11 11:46:32.029 [main] INFO  o.s.s.web.DefaultSecurityFilterChain.<init>(43) - Creating filter chain: Ant [pattern='/v1/api-docs'], [] 
2020:03:11 11:46:32.074 [main] INFO  o.s.s.web.DefaultSecurityFilterChain.<init>(43) - Creating filter chain: any request, [org.springframework.security.web.context.request.async.WebAsyncManagerIntegrationFilter@27b3e5ed, org.springframework.security.web.context.SecurityContextPersistenceFilter@3ac5a623, org.springframework.security.web.header.HeaderWriterFilter@1abd92c6, org.springframework.security.web.authentication.logout.LogoutFilter@7b364711, org.springframework.security.web.authentication.UsernamePasswordAuthenticationFilter@420e2daa, org.springframework.security.web.savedrequest.RequestCacheAwareFilter@69b9a61, org.springframework.security.web.servletapi.SecurityContextHolderAwareRequestFilter@3a09ab7f, org.springframework.security.web.authentication.AnonymousAuthenticationFilter@1463efcc, org.springframework.security.web.session.SessionManagementFilter@74c2edc, org.springframework.security.web.access.ExceptionTranslationFilter@3479e14e, org.springframework.security.web.access.intercept.FilterSecurityInterceptor@11972f4a] 
2020:03:11 11:46:32.253 [main] INFO  o.s.s.c.ThreadPoolTaskExecutor.initialize(171) - Initializing ExecutorService 'applicationTaskExecutor' 
2020:03:11 11:46:32.874 [main] INFO  s.d.s.w.p.DocumentationPluginsBootstrapper.start(120) - Context refreshed 
2020:03:11 11:46:32.897 [main] INFO  s.d.s.w.p.DocumentationPluginsBootstrapper.start(123) - Found 1 custom documentation plugin(s) 
2020:03:11 11:46:32.914 [main] INFO  s.d.s.w.s.ApiListingReferenceScanner.scan(41) - Scanning for api listing references 
2020:03:11 11:46:33.350 [main] INFO  o.a.coyote.http11.Http11NioProtocol.log(173) - Starting ProtocolHandler ["http-nio-8081"] 
2020:03:11 11:46:33.438 [main] INFO  o.s.b.w.e.tomcat.TomcatWebServer.start(204) - Tomcat started on port(s): 8081 (http) with context path '' 
2020:03:11 11:46:33.448 [main] INFO  com.project.web.WebApplication.logStarted(61) - Started WebApplication in 12.573 seconds (JVM running for 17.267) 
2020:03:11 11:46:40.651 [http-nio-8081-exec-1] INFO  o.a.c.c.C.[Tomcat].[localhost].[/].log(173) - Initializing Spring DispatcherServlet 'dispatcherServlet' 
2020:03:11 11:46:40.652 [http-nio-8081-exec-1] INFO  o.s.web.servlet.DispatcherServlet.initServletBean(525) - Initializing Servlet 'dispatcherServlet' 
2020:03:11 11:46:40.661 [http-nio-8081-exec-1] INFO  o.s.web.servlet.DispatcherServlet.initServletBean(547) - Completed initialization in 9 ms 
2020:03:11 11:47:10.880 [http-nio-8081-exec-10] INFO  o.s.d.r.c.RepositoryConfigurationDelegate.registerRepositoriesIn(127) - Bootstrapping Spring Data JPA repositories in DEFAULT mode. 
2020:03:11 11:47:10.885 [http-nio-8081-exec-10] INFO  o.s.d.r.c.RepositoryConfigurationDelegate.registerRepositoriesIn(187) - Finished Spring Data repository scanning in 4ms. Found 0 JPA repository interfaces. 
2020:03:11 11:50:13.908 [SpringContextShutdownHook] INFO  o.s.s.c.ThreadPoolTaskExecutor.shutdown(208) - Shutting down ExecutorService 'applicationTaskExecutor' 
2020:03:11 11:50:13.914 [SpringContextShutdownHook] INFO  o.s.o.j.LocalContainerEntityManagerFactoryBean.destroy(598) - Closing JPA EntityManagerFactory for persistence unit 'default' 
2020:03:11 11:50:13.918 [SpringContextShutdownHook] INFO  com.zaxxer.hikari.HikariDataSource.close(350) - HikariPool-1 - Shutdown initiated... 
2020:03:11 11:50:13.957 [SpringContextShutdownHook] INFO  com.zaxxer.hikari.HikariDataSource.close(352) - HikariPool-1 - Shutdown completed. 
2020:03:11 11:50:21.751 [main] INFO  com.project.web.WebApplication.logStarting(55) - Starting WebApplication on ngocnd with PID 18436 (/home/ngocnd/rabiloo/web/target/classes started by ngocnd in /home/ngocnd/rabiloo/web) 
2020:03:11 11:50:21.756 [main] INFO  com.project.web.WebApplication.logStartupProfileInfo(651) - No active profile set, falling back to default profiles: default 
2020:03:11 11:50:23.238 [main] INFO  o.s.d.r.c.RepositoryConfigurationDelegate.registerRepositoriesIn(127) - Bootstrapping Spring Data JPA repositories in DEFAULT mode. 
2020:03:11 11:50:23.332 [main] INFO  o.s.d.r.c.RepositoryConfigurationDelegate.registerRepositoriesIn(187) - Finished Spring Data repository scanning in 83ms. Found 3 JPA repository interfaces. 
2020:03:11 11:50:23.863 [main] INFO  o.s.c.s.PostProcessorRegistrationDelegate$BeanPostProcessorChecker.postProcessAfterInitialization(330) - Bean 'org.springframework.transaction.annotation.ProxyTransactionManagementConfiguration' of type [org.springframework.transaction.annotation.ProxyTransactionManagementConfiguration] is not eligible for getting processed by all BeanPostProcessors (for example: not eligible for auto-proxying) 
2020:03:11 11:50:24.297 [main] INFO  o.s.b.w.e.tomcat.TomcatWebServer.initialize(92) - Tomcat initialized with port(s): 8081 (http) 
2020:03:11 11:50:24.310 [main] INFO  o.a.coyote.http11.Http11NioProtocol.log(173) - Initializing ProtocolHandler ["http-nio-8081"] 
2020:03:11 11:50:24.311 [main] INFO  o.a.catalina.core.StandardService.log(173) - Starting service [Tomcat] 
2020:03:11 11:50:24.311 [main] INFO  o.a.catalina.core.StandardEngine.log(173) - Starting Servlet engine: [Apache Tomcat/9.0.30] 
2020:03:11 11:50:24.438 [main] INFO  o.a.c.c.C.[Tomcat].[localhost].[/].log(173) - Initializing Spring embedded WebApplicationContext 
2020:03:11 11:50:24.439 [main] INFO  o.s.web.context.ContextLoader.prepareWebApplicationContext(284) - Root WebApplicationContext: initialization completed in 2397 ms 
2020:03:11 11:50:24.535 [main] INFO  c.p.w.f.GlobalExceptionHandlerFilter.init(63) - Init Catching exception filter. 
2020:03:11 11:50:24.639 [main] INFO  com.zaxxer.hikari.HikariDataSource.getConnection(110) - HikariPool-1 - Starting... 
2020:03:11 11:50:24.642 [main] WARN  c.z.hikari.util.DriverDataSource.<init>(70) - Registered driver with driverClassName=com.mysql.jdbc.Driver was not found, trying direct instantiation. 
2020:03:11 11:50:24.876 [main] INFO  com.zaxxer.hikari.HikariDataSource.getConnection(123) - HikariPool-1 - Start completed. 
2020:03:11 11:50:25.969 [main] INFO  liquibase.executor.jvm.JdbcExecutor.info(42) - SELECT COUNT(*) FROM web_db.DATABASECHANGELOGLOCK 
2020:03:11 11:50:25.976 [main] INFO  liquibase.executor.jvm.JdbcExecutor.info(42) - SELECT COUNT(*) FROM web_db.DATABASECHANGELOGLOCK 
2020:03:11 11:50:25.979 [main] INFO  liquibase.executor.jvm.JdbcExecutor.info(42) - SELECT `LOCKED` FROM web_db.DATABASECHANGELOGLOCK WHERE ID=1 
2020:03:11 11:50:25.998 [main] INFO  l.lockservice.StandardLockService.info(42) - Successfully acquired change log lock 
2020:03:11 11:50:28.039 [main] INFO  liquibase.executor.jvm.JdbcExecutor.info(42) - SELECT MD5SUM FROM web_db.DATABASECHANGELOG WHERE MD5SUM IS NOT NULL LIMIT 1 
2020:03:11 11:50:28.042 [main] INFO  liquibase.executor.jvm.JdbcExecutor.info(42) - SELECT COUNT(*) FROM web_db.DATABASECHANGELOG 
2020:03:11 11:50:28.043 [main] INFO  l.c.StandardChangeLogHistoryService.info(42) - Reading from web_db.DATABASECHANGELOG 
2020:03:11 11:50:28.043 [main] INFO  liquibase.executor.jvm.JdbcExecutor.info(42) - SELECT * FROM web_db.DATABASECHANGELOG ORDER BY DATEEXECUTED ASC, ORDEREXECUTED ASC 
2020:03:11 11:50:28.081 [main] INFO  liquibase.executor.jvm.JdbcExecutor.info(42) - CREATE TABLE web_db.header (id INT AUTO_INCREMENT NOT NULL, title VARCHAR(500) NULL, phone VARCHAR(500) NULL, work_time VARCHAR(500) NULL, email VARCHAR(500) NULL, CONSTRAINT PK_HEADER PRIMARY KEY (id))ENGINE=INNODB CHARSET=utf8mb4 COLLATE utf8mb4_unicode_520_ci 
2020:03:11 11:50:28.136 [main] INFO  liquibase.changelog.ChangeSet.info(42) - Table header created 
2020:03:11 11:50:28.139 [main] INFO  liquibase.changelog.ChangeSet.info(42) - ChangeSet liquibase/header/header.xml::create_table_header::ngocnd ran successfully in 61ms 
2020:03:11 11:50:28.143 [main] INFO  liquibase.executor.jvm.JdbcExecutor.info(42) - SELECT MAX(ORDEREXECUTED) FROM web_db.DATABASECHANGELOG 
2020:03:11 11:50:28.153 [main] INFO  liquibase.executor.jvm.JdbcExecutor.info(42) - INSERT INTO web_db.DATABASECHANGELOG (ID, AUTHOR, FILENAME, DATEEXECUTED, ORDEREXECUTED, MD5SUM, `DESCRIPTION`, COMMENTS, EXECTYPE, CONTEXTS, LABELS, LIQUIBASE, DEPLOYMENT_ID) VALUES ('create_table_header', 'ngocnd', 'liquibase/header/header.xml', NOW(), 3, '8:797b370788bb4210b8e9f91c1df4d4c3', 'createTable tableName=header', '', 'EXECUTED', NULL, NULL, '3.8.5', '3902228047') 
2020:03:11 11:50:28.179 [main] INFO  l.lockservice.StandardLockService.info(42) - Successfully released change log lock 
2020:03:11 11:50:28.344 [main] INFO  o.h.jpa.internal.util.LogHelper.logPersistenceUnitInformation(31) - HHH000204: Processing PersistenceUnitInfo [name: default] 
2020:03:11 11:50:28.423 [main] INFO  org.hibernate.Version.logVersion(46) - HHH000412: Hibernate Core {5.4.10.Final} 
2020:03:11 11:50:28.569 [main] INFO  o.h.annotations.common.Version.<clinit>(49) - HCANN000001: Hibernate Commons Annotations {5.1.0.Final} 
2020:03:11 11:50:28.732 [main] INFO  org.hibernate.dialect.Dialect.<init>(172) - HHH000400: Using dialect: org.hibernate.dialect.MySQL57Dialect 
2020:03:11 11:50:29.525 [main] INFO  o.h.e.t.j.p.i.JtaPlatformInitiator.initiateService(52) - HHH000490: Using JtaPlatform implementation: [org.hibernate.engine.transaction.jta.platform.internal.NoJtaPlatform] 
2020:03:11 11:50:29.543 [main] INFO  o.s.o.j.LocalContainerEntityManagerFactoryBean.buildNativeEntityManagerFactory(416) - Initialized JPA EntityManagerFactory for persistence unit 'default' 
2020:03:11 11:50:30.034 [main] WARN  o.s.b.a.o.j.JpaBaseConfiguration$JpaWebConfiguration.openEntityManagerInViewInterceptor(220) - spring.jpa.open-in-view is enabled by default. Therefore, database queries may be performed during view rendering. Explicitly configure spring.jpa.open-in-view to disable this warning 
2020:03:11 11:50:30.844 [main] INFO  c.p.web.security.SecurityConfig.configure(41) - Enable application security. 
2020:03:11 11:50:30.858 [main] INFO  o.s.s.web.DefaultSecurityFilterChain.<init>(43) - Creating filter chain: Ant [pattern='/libs/**'], [] 
2020:03:11 11:50:30.859 [main] INFO  o.s.s.web.DefaultSecurityFilterChain.<init>(43) - Creating filter chain: Ant [pattern='/custom/**'], [] 
2020:03:11 11:50:30.859 [main] INFO  o.s.s.web.DefaultSecurityFilterChain.<init>(43) - Creating filter chain: Ant [pattern='/js/**'], [] 
2020:03:11 11:50:30.859 [main] INFO  o.s.s.web.DefaultSecurityFilterChain.<init>(43) - Creating filter chain: Ant [pattern='/icon/**'], [] 
2020:03:11 11:50:30.859 [main] INFO  o.s.s.web.DefaultSecurityFilterChain.<init>(43) - Creating filter chain: Ant [pattern='/images/**'], [] 
2020:03:11 11:50:30.859 [main] INFO  o.s.s.web.DefaultSecurityFilterChain.<init>(43) - Creating filter chain: Ant [pattern='/favicon.ico/**'], [] 
2020:03:11 11:50:30.860 [main] INFO  o.s.s.web.DefaultSecurityFilterChain.<init>(43) - Creating filter chain: Ant [pattern='/webjars/springfox-swagger-ui/**'], [] 
2020:03:11 11:50:30.860 [main] INFO  o.s.s.web.DefaultSecurityFilterChain.<init>(43) - Creating filter chain: Ant [pattern='/swagger-ui.html/**'], [] 
2020:03:11 11:50:30.860 [main] INFO  o.s.s.web.DefaultSecurityFilterChain.<init>(43) - Creating filter chain: Ant [pattern='/swagger-resources/**'], [] 
2020:03:11 11:50:30.861 [main] INFO  o.s.s.web.DefaultSecurityFilterChain.<init>(43) - Creating filter chain: Ant [pattern='/v1/api-docs'], [] 
2020:03:11 11:50:30.907 [main] INFO  o.s.s.web.DefaultSecurityFilterChain.<init>(43) - Creating filter chain: any request, [org.springframework.security.web.context.request.async.WebAsyncManagerIntegrationFilter@198fb504, org.springframework.security.web.context.SecurityContextPersistenceFilter@6071132e, org.springframework.security.web.header.HeaderWriterFilter@12ce5274, org.springframework.security.web.authentication.logout.LogoutFilter@7b6cb223, org.springframework.security.web.authentication.UsernamePasswordAuthenticationFilter@37df3dee, org.springframework.security.web.savedrequest.RequestCacheAwareFilter@4a5c29dc, org.springframework.security.web.servletapi.SecurityContextHolderAwareRequestFilter@6371c6ee, org.springframework.security.web.authentication.AnonymousAuthenticationFilter@57f1cb96, org.springframework.security.web.session.SessionManagementFilter@4ad23216, org.springframework.security.web.access.ExceptionTranslationFilter@243dc57b, org.springframework.security.web.access.intercept.FilterSecurityInterceptor@38e4697d] 
2020:03:11 11:50:31.062 [main] INFO  o.s.s.c.ThreadPoolTaskExecutor.initialize(171) - Initializing ExecutorService 'applicationTaskExecutor' 
2020:03:11 11:50:31.590 [main] INFO  s.d.s.w.p.DocumentationPluginsBootstrapper.start(120) - Context refreshed 
2020:03:11 11:50:31.609 [main] INFO  s.d.s.w.p.DocumentationPluginsBootstrapper.start(123) - Found 1 custom documentation plugin(s) 
2020:03:11 11:50:31.624 [main] INFO  s.d.s.w.s.ApiListingReferenceScanner.scan(41) - Scanning for api listing references 
2020:03:11 11:50:31.949 [main] INFO  o.a.coyote.http11.Http11NioProtocol.log(173) - Starting ProtocolHandler ["http-nio-8081"] 
2020:03:11 11:50:31.975 [main] INFO  o.s.b.w.e.tomcat.TomcatWebServer.start(204) - Tomcat started on port(s): 8081 (http) with context path '' 
2020:03:11 11:50:31.978 [main] INFO  com.project.web.WebApplication.logStarted(61) - Started WebApplication in 11.377 seconds (JVM running for 15.492) 
2020:03:11 11:51:25.964 [SpringContextShutdownHook] INFO  o.s.s.c.ThreadPoolTaskExecutor.shutdown(208) - Shutting down ExecutorService 'applicationTaskExecutor' 
2020:03:11 11:51:25.971 [SpringContextShutdownHook] INFO  o.s.o.j.LocalContainerEntityManagerFactoryBean.destroy(598) - Closing JPA EntityManagerFactory for persistence unit 'default' 
2020:03:11 11:51:25.977 [SpringContextShutdownHook] INFO  com.zaxxer.hikari.HikariDataSource.close(350) - HikariPool-1 - Shutdown initiated... 
2020:03:11 11:51:25.993 [SpringContextShutdownHook] INFO  com.zaxxer.hikari.HikariDataSource.close(352) - HikariPool-1 - Shutdown completed. 
2020:03:11 11:51:33.514 [main] INFO  com.project.web.WebApplication.logStarting(55) - Starting WebApplication on ngocnd with PID 18807 (/home/ngocnd/rabiloo/web/target/classes started by ngocnd in /home/ngocnd/rabiloo/web) 
2020:03:11 11:51:33.521 [main] INFO  com.project.web.WebApplication.logStartupProfileInfo(651) - No active profile set, falling back to default profiles: default 
2020:03:11 11:51:35.010 [main] INFO  o.s.d.r.c.RepositoryConfigurationDelegate.registerRepositoriesIn(127) - Bootstrapping Spring Data JPA repositories in DEFAULT mode. 
2020:03:11 11:51:35.129 [main] INFO  o.s.d.r.c.RepositoryConfigurationDelegate.registerRepositoriesIn(187) - Finished Spring Data repository scanning in 108ms. Found 3 JPA repository interfaces. 
2020:03:11 11:51:35.688 [main] INFO  o.s.c.s.PostProcessorRegistrationDelegate$BeanPostProcessorChecker.postProcessAfterInitialization(330) - Bean 'org.springframework.transaction.annotation.ProxyTransactionManagementConfiguration' of type [org.springframework.transaction.annotation.ProxyTransactionManagementConfiguration] is not eligible for getting processed by all BeanPostProcessors (for example: not eligible for auto-proxying) 
2020:03:11 11:51:36.135 [main] INFO  o.s.b.w.e.tomcat.TomcatWebServer.initialize(92) - Tomcat initialized with port(s): 8081 (http) 
2020:03:11 11:51:36.149 [main] INFO  o.a.coyote.http11.Http11NioProtocol.log(173) - Initializing ProtocolHandler ["http-nio-8081"] 
2020:03:11 11:51:36.149 [main] INFO  o.a.catalina.core.StandardService.log(173) - Starting service [Tomcat] 
2020:03:11 11:51:36.150 [main] INFO  o.a.catalina.core.StandardEngine.log(173) - Starting Servlet engine: [Apache Tomcat/9.0.30] 
2020:03:11 11:51:36.296 [main] INFO  o.a.c.c.C.[Tomcat].[localhost].[/].log(173) - Initializing Spring embedded WebApplicationContext 
2020:03:11 11:51:36.296 [main] INFO  o.s.web.context.ContextLoader.prepareWebApplicationContext(284) - Root WebApplicationContext: initialization completed in 2481 ms 
2020:03:11 11:51:36.378 [main] INFO  c.p.w.f.GlobalExceptionHandlerFilter.init(63) - Init Catching exception filter. 
2020:03:11 11:51:36.476 [main] INFO  com.zaxxer.hikari.HikariDataSource.getConnection(110) - HikariPool-1 - Starting... 
2020:03:11 11:51:36.479 [main] WARN  c.z.hikari.util.DriverDataSource.<init>(70) - Registered driver with driverClassName=com.mysql.jdbc.Driver was not found, trying direct instantiation. 
2020:03:11 11:51:36.709 [main] INFO  com.zaxxer.hikari.HikariDataSource.getConnection(123) - HikariPool-1 - Start completed. 
2020:03:11 11:51:37.782 [main] INFO  liquibase.executor.jvm.JdbcExecutor.info(42) - SELECT COUNT(*) FROM web_db.DATABASECHANGELOGLOCK 
2020:03:11 11:51:37.789 [main] INFO  liquibase.executor.jvm.JdbcExecutor.info(42) - SELECT COUNT(*) FROM web_db.DATABASECHANGELOGLOCK 
2020:03:11 11:51:37.792 [main] INFO  liquibase.executor.jvm.JdbcExecutor.info(42) - SELECT `LOCKED` FROM web_db.DATABASECHANGELOGLOCK WHERE ID=1 
2020:03:11 11:51:37.808 [main] INFO  l.lockservice.StandardLockService.info(42) - Successfully acquired change log lock 
2020:03:11 11:51:39.553 [main] INFO  l.lockservice.StandardLockService.info(42) - Successfully released change log lock 
2020:03:11 11:51:39.557 [main] WARN  o.s.b.w.s.c.AnnotationConfigServletWebServerApplicationContext.__refresh(558) - Exception encountered during context initialization - cancelling refresh attempt: org.springframework.beans.factory.BeanCreationException: Error creating bean with name 'liquibase' defined in class path resource [org/springframework/boot/autoconfigure/liquibase/LiquibaseAutoConfiguration$LiquibaseConfiguration.class]: Invocation of init method failed; nested exception is liquibase.exception.ChangeLogParseException: liquibase.exception.SetupException: Error Reading Migration File: class path resource [liquibase/header/news.xml] cannot be resolved to URL because it does not exist 
2020:03:11 11:51:39.559 [main] INFO  com.zaxxer.hikari.HikariDataSource.close(350) - HikariPool-1 - Shutdown initiated... 
2020:03:11 11:51:39.569 [main] INFO  com.zaxxer.hikari.HikariDataSource.close(352) - HikariPool-1 - Shutdown completed. 
2020:03:11 11:51:39.573 [main] INFO  o.a.catalina.core.StandardService.log(173) - Stopping service [Tomcat] 
2020:03:11 11:51:39.589 [main] INFO  o.s.b.a.l.ConditionEvaluationReportLoggingListener.logMessage(136) - 

Error starting ApplicationContext. To display the conditions report re-run your application with 'debug' enabled. 
2020:03:11 11:51:39.614 [main] ERROR o.s.boot.SpringApplication.reportFailure(826) - Application run failed 
org.springframework.beans.factory.BeanCreationException: Error creating bean with name 'liquibase' defined in class path resource [org/springframework/boot/autoconfigure/liquibase/LiquibaseAutoConfiguration$LiquibaseConfiguration.class]: Invocation of init method failed; nested exception is liquibase.exception.ChangeLogParseException: liquibase.exception.SetupException: Error Reading Migration File: class path resource [liquibase/header/news.xml] cannot be resolved to URL because it does not exist
	at org.springframework.beans.factory.support.AbstractAutowireCapableBeanFactory.initializeBean(AbstractAutowireCapableBeanFactory.java:1796)
	at org.springframework.beans.factory.support.AbstractAutowireCapableBeanFactory.doCreateBean(AbstractAutowireCapableBeanFactory.java:595)
	at org.springframework.beans.factory.support.AbstractAutowireCapableBeanFactory.createBean(AbstractAutowireCapableBeanFactory.java:517)
	at org.springframework.beans.factory.support.AbstractBeanFactory.lambda$doGetBean$0(AbstractBeanFactory.java:323)
	at org.springframework.beans.factory.support.DefaultSingletonBeanRegistry.getSingleton(DefaultSingletonBeanRegistry.java:222)
	at org.springframework.beans.factory.support.AbstractBeanFactory.doGetBean(AbstractBeanFactory.java:321)
	at org.springframework.beans.factory.support.AbstractBeanFactory.getBean(AbstractBeanFactory.java:202)
	at org.springframework.beans.factory.support.AbstractBeanFactory.doGetBean(AbstractBeanFactory.java:310)
	at org.springframework.beans.factory.support.AbstractBeanFactory.getBean(AbstractBeanFactory.java:202)
	at org.springframework.context.support.AbstractApplicationContext.getBean(AbstractApplicationContext.java:1108)
	at org.springframework.context.support.AbstractApplicationContext.finishBeanFactoryInitialization(AbstractApplicationContext.java:868)
	at org.springframework.context.support.AbstractApplicationContext.__refresh(AbstractApplicationContext.java:550)
	at org.springframework.context.support.AbstractApplicationContext.jrLockAndRefresh(AbstractApplicationContext.java:40002)
	at org.springframework.context.support.AbstractApplicationContext.refresh(AbstractApplicationContext.java:41008)
	at org.springframework.boot.web.servlet.context.ServletWebServerApplicationContext.refresh(ServletWebServerApplicationContext.java:141)
	at org.springframework.boot.SpringApplication.refresh(SpringApplication.java:747)
	at org.springframework.boot.SpringApplication.refreshContext(SpringApplication.java:397)
	at org.springframework.boot.SpringApplication.run(SpringApplication.java:315)
	at org.springframework.boot.SpringApplication.run(SpringApplication.java:1226)
	at org.springframework.boot.SpringApplication.run(SpringApplication.java:1215)
	at com.project.web.WebApplication.main(WebApplication.java:10)
Caused by: liquibase.exception.ChangeLogParseException: liquibase.exception.SetupException: Error Reading Migration File: class path resource [liquibase/header/news.xml] cannot be resolved to URL because it does not exist
	at liquibase.parser.core.xml.AbstractChangeLogParser.parse(AbstractChangeLogParser.java:25)
	at liquibase.Liquibase.getDatabaseChangeLog(Liquibase.java:217)
	at liquibase.Liquibase.update(Liquibase.java:190)
	at liquibase.Liquibase.update(Liquibase.java:179)
	at liquibase.integration.spring.SpringLiquibase.performUpdate(SpringLiquibase.java:366)
	at liquibase.integration.spring.SpringLiquibase.afterPropertiesSet(SpringLiquibase.java:314)
	at org.springframework.beans.factory.support.AbstractAutowireCapableBeanFactory.invokeInitMethods(AbstractAutowireCapableBeanFactory.java:1855)
	at org.springframework.beans.factory.support.AbstractAutowireCapableBeanFactory.initializeBean(AbstractAutowireCapableBeanFactory.java:1792)
	... 20 common frames omitted
Caused by: liquibase.exception.SetupException: Error Reading Migration File: class path resource [liquibase/header/news.xml] cannot be resolved to URL because it does not exist
	at liquibase.changelog.DatabaseChangeLog.handleChildNode(DatabaseChangeLog.java:359)
	at liquibase.changelog.DatabaseChangeLog.load(DatabaseChangeLog.java:308)
	at liquibase.parser.core.xml.AbstractChangeLogParser.parse(AbstractChangeLogParser.java:23)
	... 27 common frames omitted
Caused by: liquibase.exception.ChangeLogParseException: Error Reading Migration File: class path resource [liquibase/header/news.xml] cannot be resolved to URL because it does not exist
	at liquibase.parser.core.xml.XMLChangeLogSAXParser.parseToNode(XMLChangeLogSAXParser.java:118)
	at liquibase.parser.core.xml.AbstractChangeLogParser.parse(AbstractChangeLogParser.java:15)
	at liquibase.changelog.DatabaseChangeLog.include(DatabaseChangeLog.java:568)
	at liquibase.changelog.DatabaseChangeLog.handleChildNode(DatabaseChangeLog.java:351)
	... 29 common frames omitted
Caused by: java.io.FileNotFoundException: class path resource [liquibase/header/news.xml] cannot be resolved to URL because it does not exist
	at org.springframework.core.io.ClassPathResource.getURL(ClassPathResource.java:195)
	at liquibase.integration.spring.SpringLiquibase$SpringResourceOpener.getResourcesAsStream(SpringLiquibase.java:613)
	at liquibase.util.StreamUtil.singleInputStream(StreamUtil.java:186)
	at liquibase.parser.core.xml.XMLChangeLogSAXParser.parseToNode(XMLChangeLogSAXParser.java:71)
	... 32 common frames omitted
2020:03:11 11:52:14.879 [main] INFO  com.project.web.WebApplication.logStarting(55) - Starting WebApplication on ngocnd with PID 19076 (/home/ngocnd/rabiloo/web/target/classes started by ngocnd in /home/ngocnd/rabiloo/web) 
2020:03:11 11:52:14.884 [main] INFO  com.project.web.WebApplication.logStartupProfileInfo(651) - No active profile set, falling back to default profiles: default 
2020:03:11 11:52:16.323 [main] INFO  o.s.d.r.c.RepositoryConfigurationDelegate.registerRepositoriesIn(127) - Bootstrapping Spring Data JPA repositories in DEFAULT mode. 
2020:03:11 11:52:16.421 [main] INFO  o.s.d.r.c.RepositoryConfigurationDelegate.registerRepositoriesIn(187) - Finished Spring Data repository scanning in 86ms. Found 3 JPA repository interfaces. 
2020:03:11 11:52:16.937 [main] INFO  o.s.c.s.PostProcessorRegistrationDelegate$BeanPostProcessorChecker.postProcessAfterInitialization(330) - Bean 'org.springframework.transaction.annotation.ProxyTransactionManagementConfiguration' of type [org.springframework.transaction.annotation.ProxyTransactionManagementConfiguration] is not eligible for getting processed by all BeanPostProcessors (for example: not eligible for auto-proxying) 
2020:03:11 11:52:17.371 [main] INFO  o.s.b.w.e.tomcat.TomcatWebServer.initialize(92) - Tomcat initialized with port(s): 8081 (http) 
2020:03:11 11:52:17.409 [main] INFO  o.a.coyote.http11.Http11NioProtocol.log(173) - Initializing ProtocolHandler ["http-nio-8081"] 
2020:03:11 11:52:17.410 [main] INFO  o.a.catalina.core.StandardService.log(173) - Starting service [Tomcat] 
2020:03:11 11:52:17.411 [main] INFO  o.a.catalina.core.StandardEngine.log(173) - Starting Servlet engine: [Apache Tomcat/9.0.30] 
2020:03:11 11:52:17.557 [main] INFO  o.a.c.c.C.[Tomcat].[localhost].[/].log(173) - Initializing Spring embedded WebApplicationContext 
2020:03:11 11:52:17.557 [main] INFO  o.s.web.context.ContextLoader.prepareWebApplicationContext(284) - Root WebApplicationContext: initialization completed in 2418 ms 
2020:03:11 11:52:17.641 [main] INFO  c.p.w.f.GlobalExceptionHandlerFilter.init(63) - Init Catching exception filter. 
2020:03:11 11:52:17.727 [main] INFO  com.zaxxer.hikari.HikariDataSource.getConnection(110) - HikariPool-1 - Starting... 
2020:03:11 11:52:17.730 [main] WARN  c.z.hikari.util.DriverDataSource.<init>(70) - Registered driver with driverClassName=com.mysql.jdbc.Driver was not found, trying direct instantiation. 
2020:03:11 11:52:17.953 [main] INFO  com.zaxxer.hikari.HikariDataSource.getConnection(123) - HikariPool-1 - Start completed. 
2020:03:11 11:52:19.059 [main] INFO  liquibase.executor.jvm.JdbcExecutor.info(42) - SELECT COUNT(*) FROM web_db.DATABASECHANGELOGLOCK 
2020:03:11 11:52:19.066 [main] INFO  liquibase.executor.jvm.JdbcExecutor.info(42) - SELECT COUNT(*) FROM web_db.DATABASECHANGELOGLOCK 
2020:03:11 11:52:19.070 [main] INFO  liquibase.executor.jvm.JdbcExecutor.info(42) - SELECT `LOCKED` FROM web_db.DATABASECHANGELOGLOCK WHERE ID=1 
2020:03:11 11:52:19.086 [main] INFO  l.lockservice.StandardLockService.info(42) - Successfully acquired change log lock 
2020:03:11 11:52:21.015 [main] INFO  liquibase.executor.jvm.JdbcExecutor.info(42) - SELECT MD5SUM FROM web_db.DATABASECHANGELOG WHERE MD5SUM IS NOT NULL LIMIT 1 
2020:03:11 11:52:21.017 [main] INFO  liquibase.executor.jvm.JdbcExecutor.info(42) - SELECT COUNT(*) FROM web_db.DATABASECHANGELOG 
2020:03:11 11:52:21.018 [main] INFO  l.c.StandardChangeLogHistoryService.info(42) - Reading from web_db.DATABASECHANGELOG 
2020:03:11 11:52:21.019 [main] INFO  liquibase.executor.jvm.JdbcExecutor.info(42) - SELECT * FROM web_db.DATABASECHANGELOG ORDER BY DATEEXECUTED ASC, ORDEREXECUTED ASC 
2020:03:11 11:52:21.048 [main] INFO  liquibase.executor.jvm.JdbcExecutor.info(42) - CREATE TABLE web_db.news (id INT AUTO_INCREMENT NOT NULL, title VARCHAR(500) NULL, `description` TEXT NULL, created_time timestamp NULL, updated_time timestamp NULL, is_deleted BIT(1) NULL, CONSTRAINT PK_NEWS PRIMARY KEY (id))ENGINE=INNODB CHARSET=utf8mb4 COLLATE utf8mb4_unicode_520_ci 
2020:03:11 11:52:21.072 [main] INFO  liquibase.changelog.ChangeSet.info(42) - Table news created 
2020:03:11 11:52:21.074 [main] INFO  liquibase.changelog.ChangeSet.info(42) - ChangeSet liquibase/news/news.xml::create_table_news::ngocnd ran successfully in 29ms 
2020:03:11 11:52:21.078 [main] INFO  liquibase.executor.jvm.JdbcExecutor.info(42) - SELECT MAX(ORDEREXECUTED) FROM web_db.DATABASECHANGELOG 
2020:03:11 11:52:21.083 [main] INFO  liquibase.executor.jvm.JdbcExecutor.info(42) - INSERT INTO web_db.DATABASECHANGELOG (ID, AUTHOR, FILENAME, DATEEXECUTED, ORDEREXECUTED, MD5SUM, `DESCRIPTION`, COMMENTS, EXECTYPE, CONTEXTS, LABELS, LIQUIBASE, DEPLOYMENT_ID) VALUES ('create_table_news', 'ngocnd', 'liquibase/news/news.xml', NOW(), 4, '8:59b3e8cc72171b0a86c56b604d8b4018', 'createTable tableName=news', '', 'EXECUTED', NULL, NULL, '3.8.5', '3902341022') 
2020:03:11 11:52:21.095 [main] INFO  l.lockservice.StandardLockService.info(42) - Successfully released change log lock 
2020:03:11 11:52:21.235 [main] INFO  o.h.jpa.internal.util.LogHelper.logPersistenceUnitInformation(31) - HHH000204: Processing PersistenceUnitInfo [name: default] 
2020:03:11 11:52:21.310 [main] INFO  org.hibernate.Version.logVersion(46) - HHH000412: Hibernate Core {5.4.10.Final} 
2020:03:11 11:52:21.444 [main] INFO  o.h.annotations.common.Version.<clinit>(49) - HCANN000001: Hibernate Commons Annotations {5.1.0.Final} 
2020:03:11 11:52:21.579 [main] INFO  org.hibernate.dialect.Dialect.<init>(172) - HHH000400: Using dialect: org.hibernate.dialect.MySQL57Dialect 
2020:03:11 11:52:22.275 [main] INFO  o.h.e.t.j.p.i.JtaPlatformInitiator.initiateService(52) - HHH000490: Using JtaPlatform implementation: [org.hibernate.engine.transaction.jta.platform.internal.NoJtaPlatform] 
2020:03:11 11:52:22.291 [main] INFO  o.s.o.j.LocalContainerEntityManagerFactoryBean.buildNativeEntityManagerFactory(416) - Initialized JPA EntityManagerFactory for persistence unit 'default' 
2020:03:11 11:52:22.738 [main] WARN  o.s.b.a.o.j.JpaBaseConfiguration$JpaWebConfiguration.openEntityManagerInViewInterceptor(220) - spring.jpa.open-in-view is enabled by default. Therefore, database queries may be performed during view rendering. Explicitly configure spring.jpa.open-in-view to disable this warning 
2020:03:11 11:52:23.452 [main] INFO  c.p.web.security.SecurityConfig.configure(41) - Enable application security. 
2020:03:11 11:52:23.469 [main] INFO  o.s.s.web.DefaultSecurityFilterChain.<init>(43) - Creating filter chain: Ant [pattern='/libs/**'], [] 
2020:03:11 11:52:23.469 [main] INFO  o.s.s.web.DefaultSecurityFilterChain.<init>(43) - Creating filter chain: Ant [pattern='/custom/**'], [] 
2020:03:11 11:52:23.469 [main] INFO  o.s.s.web.DefaultSecurityFilterChain.<init>(43) - Creating filter chain: Ant [pattern='/js/**'], [] 
2020:03:11 11:52:23.469 [main] INFO  o.s.s.web.DefaultSecurityFilterChain.<init>(43) - Creating filter chain: Ant [pattern='/icon/**'], [] 
2020:03:11 11:52:23.469 [main] INFO  o.s.s.web.DefaultSecurityFilterChain.<init>(43) - Creating filter chain: Ant [pattern='/images/**'], [] 
2020:03:11 11:52:23.469 [main] INFO  o.s.s.web.DefaultSecurityFilterChain.<init>(43) - Creating filter chain: Ant [pattern='/favicon.ico/**'], [] 
2020:03:11 11:52:23.470 [main] INFO  o.s.s.web.DefaultSecurityFilterChain.<init>(43) - Creating filter chain: Ant [pattern='/webjars/springfox-swagger-ui/**'], [] 
2020:03:11 11:52:23.470 [main] INFO  o.s.s.web.DefaultSecurityFilterChain.<init>(43) - Creating filter chain: Ant [pattern='/swagger-ui.html/**'], [] 
2020:03:11 11:52:23.470 [main] INFO  o.s.s.web.DefaultSecurityFilterChain.<init>(43) - Creating filter chain: Ant [pattern='/swagger-resources/**'], [] 
2020:03:11 11:52:23.470 [main] INFO  o.s.s.web.DefaultSecurityFilterChain.<init>(43) - Creating filter chain: Ant [pattern='/v1/api-docs'], [] 
2020:03:11 11:52:23.519 [main] INFO  o.s.s.web.DefaultSecurityFilterChain.<init>(43) - Creating filter chain: any request, [org.springframework.security.web.context.request.async.WebAsyncManagerIntegrationFilter@236a641a, org.springframework.security.web.context.SecurityContextPersistenceFilter@4ad23216, org.springframework.security.web.header.HeaderWriterFilter@243dc57b, org.springframework.security.web.authentication.logout.LogoutFilter@41b7ebec, org.springframework.security.web.authentication.UsernamePasswordAuthenticationFilter@1c486cec, org.springframework.security.web.savedrequest.RequestCacheAwareFilter@6071132e, org.springframework.security.web.servletapi.SecurityContextHolderAwareRequestFilter@5b6dc76c, org.springframework.security.web.authentication.AnonymousAuthenticationFilter@7c9a5397, org.springframework.security.web.session.SessionManagementFilter@12ce5274, org.springframework.security.web.access.ExceptionTranslationFilter@760c63d0, org.springframework.security.web.access.intercept.FilterSecurityInterceptor@228a6823] 
2020:03:11 11:52:23.678 [main] INFO  o.s.s.c.ThreadPoolTaskExecutor.initialize(171) - Initializing ExecutorService 'applicationTaskExecutor' 
2020:03:11 11:52:24.156 [main] INFO  s.d.s.w.p.DocumentationPluginsBootstrapper.start(120) - Context refreshed 
2020:03:11 11:52:24.177 [main] INFO  s.d.s.w.p.DocumentationPluginsBootstrapper.start(123) - Found 1 custom documentation plugin(s) 
2020:03:11 11:52:24.190 [main] INFO  s.d.s.w.s.ApiListingReferenceScanner.scan(41) - Scanning for api listing references 
2020:03:11 11:52:24.549 [main] INFO  o.a.coyote.http11.Http11NioProtocol.log(173) - Starting ProtocolHandler ["http-nio-8081"] 
2020:03:11 11:52:24.575 [main] INFO  o.s.b.w.e.tomcat.TomcatWebServer.start(204) - Tomcat started on port(s): 8081 (http) with context path '' 
2020:03:11 11:52:24.579 [main] INFO  com.project.web.WebApplication.logStarted(61) - Started WebApplication in 11.082 seconds (JVM running for 14.952) 
2020:03:11 11:53:42.441 [http-nio-8081-exec-1] INFO  o.a.c.c.C.[Tomcat].[localhost].[/].log(173) - Initializing Spring DispatcherServlet 'dispatcherServlet' 
2020:03:11 11:53:42.442 [http-nio-8081-exec-1] INFO  o.s.web.servlet.DispatcherServlet.initServletBean(525) - Initializing Servlet 'dispatcherServlet' 
2020:03:11 11:53:42.453 [http-nio-8081-exec-1] INFO  o.s.web.servlet.DispatcherServlet.initServletBean(547) - Completed initialization in 11 ms 
