2020:03:24 20:44:26.491 [main] INFO  com.project.web.WebApplication.logStarting(55) - Starting WebApplication on ngocnd with PID 11875 (/home/ngocnd/rabiloo/aydia-PJ/web/target/classes started by ngocnd in /home/ngocnd/rabiloo/aydia-PJ/web) 
2020:03:24 20:44:26.499 [main] INFO  com.project.web.WebApplication.logStartupProfileInfo(651) - No active profile set, falling back to default profiles: default 
2020:03:24 20:44:29.769 [main] INFO  o.s.d.r.c.RepositoryConfigurationDelegate.registerRepositoriesIn(127) - Bootstrapping Spring Data JPA repositories in DEFAULT mode. 
2020:03:24 20:44:30.106 [main] INFO  o.s.d.r.c.RepositoryConfigurationDelegate.registerRepositoriesIn(187) - Finished Spring Data repository scanning in 282ms. Found 4 JPA repository interfaces. 
2020:03:24 20:44:31.333 [main] INFO  o.s.c.s.PostProcessorRegistrationDelegate$BeanPostProcessorChecker.postProcessAfterInitialization(330) - Bean 'org.springframework.transaction.annotation.ProxyTransactionManagementConfiguration' of type [org.springframework.transaction.annotation.ProxyTransactionManagementConfiguration] is not eligible for getting processed by all BeanPostProcessors (for example: not eligible for auto-proxying) 
2020:03:24 20:44:32.590 [main] INFO  o.s.b.w.e.tomcat.TomcatWebServer.initialize(92) - Tomcat initialized with port(s): 8081 (http) 
2020:03:24 20:44:32.669 [main] INFO  o.a.coyote.http11.Http11NioProtocol.log(173) - Initializing ProtocolHandler ["http-nio-8081"] 
2020:03:24 20:44:32.671 [main] INFO  o.a.catalina.core.StandardService.log(173) - Starting service [Tomcat] 
2020:03:24 20:44:32.671 [main] INFO  o.a.catalina.core.StandardEngine.log(173) - Starting Servlet engine: [Apache Tomcat/9.0.30] 
2020:03:24 20:44:32.953 [main] INFO  o.a.c.c.C.[Tomcat].[localhost].[/].log(173) - Initializing Spring embedded WebApplicationContext 
2020:03:24 20:44:32.953 [main] INFO  o.s.web.context.ContextLoader.prepareWebApplicationContext(284) - Root WebApplicationContext: initialization completed in 5812 ms 
2020:03:24 20:44:33.191 [main] INFO  c.p.w.f.GlobalExceptionHandlerFilter.init(63) - Init Catching exception filter. 
2020:03:24 20:44:33.367 [main] INFO  com.zaxxer.hikari.HikariDataSource.getConnection(110) - HikariPool-1 - Starting... 
2020:03:24 20:44:33.373 [main] WARN  c.z.hikari.util.DriverDataSource.<init>(70) - Registered driver with driverClassName=com.mysql.jdbc.Driver was not found, trying direct instantiation. 
2020:03:24 20:44:34.208 [main] INFO  com.zaxxer.hikari.HikariDataSource.getConnection(123) - HikariPool-1 - Start completed. 
2020:03:24 20:44:37.261 [main] INFO  liquibase.executor.jvm.JdbcExecutor.info(42) - SELECT COUNT(*) FROM web_db.DATABASECHANGELOGLOCK 
2020:03:24 20:44:37.328 [main] INFO  liquibase.executor.jvm.JdbcExecutor.info(42) - SELECT COUNT(*) FROM web_db.DATABASECHANGELOGLOCK 
2020:03:24 20:44:37.336 [main] INFO  liquibase.executor.jvm.JdbcExecutor.info(42) - SELECT `LOCKED` FROM web_db.DATABASECHANGELOGLOCK WHERE ID=1 
2020:03:24 20:44:37.408 [main] INFO  l.lockservice.StandardLockService.info(42) - Successfully acquired change log lock 
2020:03:24 20:44:40.016 [main] INFO  liquibase.executor.jvm.JdbcExecutor.info(42) - SELECT MD5SUM FROM web_db.DATABASECHANGELOG WHERE MD5SUM IS NOT NULL LIMIT 1 
2020:03:24 20:44:40.019 [main] INFO  liquibase.executor.jvm.JdbcExecutor.info(42) - SELECT COUNT(*) FROM web_db.DATABASECHANGELOG 
2020:03:24 20:44:40.020 [main] INFO  l.c.StandardChangeLogHistoryService.info(42) - Reading from web_db.DATABASECHANGELOG 
2020:03:24 20:44:40.021 [main] INFO  liquibase.executor.jvm.JdbcExecutor.info(42) - SELECT * FROM web_db.DATABASECHANGELOG ORDER BY DATEEXECUTED ASC, ORDEREXECUTED ASC 
2020:03:24 20:44:40.116 [main] INFO  l.lockservice.StandardLockService.info(42) - Successfully released change log lock 
2020:03:24 20:44:40.544 [main] INFO  o.h.jpa.internal.util.LogHelper.logPersistenceUnitInformation(31) - HHH000204: Processing PersistenceUnitInfo [name: default] 
2020:03:24 20:44:40.804 [main] INFO  org.hibernate.Version.logVersion(46) - HHH000412: Hibernate Core {5.4.10.Final} 
2020:03:24 20:44:41.427 [main] INFO  o.h.annotations.common.Version.<clinit>(49) - HCANN000001: Hibernate Commons Annotations {5.1.0.Final} 
2020:03:24 20:44:41.899 [main] INFO  org.hibernate.dialect.Dialect.<init>(172) - HHH000400: Using dialect: org.hibernate.dialect.MySQL57Dialect 
2020:03:24 20:44:44.251 [main] INFO  o.h.e.t.j.p.i.JtaPlatformInitiator.initiateService(52) - HHH000490: Using JtaPlatform implementation: [org.hibernate.engine.transaction.jta.platform.internal.NoJtaPlatform] 
2020:03:24 20:44:44.284 [main] INFO  o.s.o.j.LocalContainerEntityManagerFactoryBean.buildNativeEntityManagerFactory(416) - Initialized JPA EntityManagerFactory for persistence unit 'default' 
2020:03:24 20:44:45.029 [main] WARN  o.s.b.a.o.j.JpaBaseConfiguration$JpaWebConfiguration.openEntityManagerInViewInterceptor(220) - spring.jpa.open-in-view is enabled by default. Therefore, database queries may be performed during view rendering. Explicitly configure spring.jpa.open-in-view to disable this warning 
2020:03:24 20:44:46.389 [main] INFO  c.p.web.security.SecurityConfig.configure(41) - Enable application security. 
2020:03:24 20:44:46.414 [main] INFO  o.s.s.web.DefaultSecurityFilterChain.<init>(43) - Creating filter chain: Ant [pattern='/libs/**'], [] 
2020:03:24 20:44:46.414 [main] INFO  o.s.s.web.DefaultSecurityFilterChain.<init>(43) - Creating filter chain: Ant [pattern='/custom/**'], [] 
2020:03:24 20:44:46.414 [main] INFO  o.s.s.web.DefaultSecurityFilterChain.<init>(43) - Creating filter chain: Ant [pattern='/js/**'], [] 
2020:03:24 20:44:46.414 [main] INFO  o.s.s.web.DefaultSecurityFilterChain.<init>(43) - Creating filter chain: Ant [pattern='/icon/**'], [] 
2020:03:24 20:44:46.415 [main] INFO  o.s.s.web.DefaultSecurityFilterChain.<init>(43) - Creating filter chain: Ant [pattern='/images/**'], [] 
2020:03:24 20:44:46.415 [main] INFO  o.s.s.web.DefaultSecurityFilterChain.<init>(43) - Creating filter chain: Ant [pattern='/favicon.ico/**'], [] 
2020:03:24 20:44:46.415 [main] INFO  o.s.s.web.DefaultSecurityFilterChain.<init>(43) - Creating filter chain: Ant [pattern='/webjars/springfox-swagger-ui/**'], [] 
2020:03:24 20:44:46.415 [main] INFO  o.s.s.web.DefaultSecurityFilterChain.<init>(43) - Creating filter chain: Ant [pattern='/swagger-ui.html/**'], [] 
2020:03:24 20:44:46.416 [main] INFO  o.s.s.web.DefaultSecurityFilterChain.<init>(43) - Creating filter chain: Ant [pattern='/swagger-resources/**'], [] 
2020:03:24 20:44:46.416 [main] INFO  o.s.s.web.DefaultSecurityFilterChain.<init>(43) - Creating filter chain: Ant [pattern='/v1/api-docs'], [] 
2020:03:24 20:44:46.572 [main] INFO  o.s.s.web.DefaultSecurityFilterChain.<init>(43) - Creating filter chain: any request, [org.springframework.security.web.context.request.async.WebAsyncManagerIntegrationFilter@650eabea, org.springframework.security.web.context.SecurityContextPersistenceFilter@1f9f12da, org.springframework.security.web.header.HeaderWriterFilter@4cea776b, org.springframework.security.web.authentication.logout.LogoutFilter@53d54252, org.springframework.security.web.authentication.UsernamePasswordAuthenticationFilter@16d84be0, org.springframework.security.web.savedrequest.RequestCacheAwareFilter@528638b2, org.springframework.security.web.servletapi.SecurityContextHolderAwareRequestFilter@38368ae4, org.springframework.security.web.authentication.AnonymousAuthenticationFilter@2c3959d3, org.springframework.security.web.session.SessionManagementFilter@756786b8, org.springframework.security.web.access.ExceptionTranslationFilter@5d625c, org.springframework.security.web.access.intercept.FilterSecurityInterceptor@df4736b] 
2020:03:24 20:44:46.806 [main] INFO  o.s.s.c.ThreadPoolTaskExecutor.initialize(171) - Initializing ExecutorService 'applicationTaskExecutor' 
2020:03:24 20:44:47.748 [main] INFO  s.d.s.w.p.DocumentationPluginsBootstrapper.start(120) - Context refreshed 
2020:03:24 20:44:47.790 [main] INFO  s.d.s.w.p.DocumentationPluginsBootstrapper.start(123) - Found 1 custom documentation plugin(s) 
2020:03:24 20:44:47.809 [main] INFO  s.d.s.w.s.ApiListingReferenceScanner.scan(41) - Scanning for api listing references 
2020:03:24 20:44:48.244 [main] INFO  s.d.s.w.r.o.CachingOperationNameGenerator.startingWith(40) - Generating unique operation named: saveOrUpdateUsingPOST_1 
2020:03:24 20:44:48.265 [main] INFO  s.d.s.w.r.o.CachingOperationNameGenerator.startingWith(40) - Generating unique operation named: getUsingGET_1 
2020:03:24 20:44:48.314 [main] INFO  s.d.s.w.r.o.CachingOperationNameGenerator.startingWith(40) - Generating unique operation named: getUsingGET_2 
2020:03:24 20:44:48.370 [main] INFO  o.a.coyote.http11.Http11NioProtocol.log(173) - Starting ProtocolHandler ["http-nio-8081"] 
2020:03:24 20:44:48.408 [main] INFO  o.s.b.w.e.tomcat.TomcatWebServer.start(204) - Tomcat started on port(s): 8081 (http) with context path '' 
2020:03:24 20:44:48.412 [main] INFO  com.project.web.WebApplication.logStarted(61) - Started WebApplication in 23.664 seconds (JVM running for 29.698) 
2020:03:24 20:44:58.438 [http-nio-8081-exec-1] INFO  o.a.c.c.C.[Tomcat].[localhost].[/].log(173) - Initializing Spring DispatcherServlet 'dispatcherServlet' 
2020:03:24 20:44:58.438 [http-nio-8081-exec-1] INFO  o.s.web.servlet.DispatcherServlet.initServletBean(525) - Initializing Servlet 'dispatcherServlet' 
2020:03:24 20:44:58.452 [http-nio-8081-exec-1] INFO  o.s.web.servlet.DispatcherServlet.initServletBean(547) - Completed initialization in 13 ms 
2020:03:24 20:45:11.449 [http-nio-8081-exec-7] WARN  n.n.u.t.fragments.FragmentProcessor.invoke0(-2) - You don't need to put the layout:fragment/data-layout-fragment attribute into the <head> section - the decoration process will automatically copy the <head> section of your content templates into your layout page. 
2020:03:24 22:17:23.948 [http-nio-8081-exec-6] INFO  o.s.d.r.c.RepositoryConfigurationDelegate.registerRepositoriesIn(127) - Bootstrapping Spring Data JPA repositories in DEFAULT mode. 
2020:03:24 22:17:23.978 [http-nio-8081-exec-6] INFO  o.s.d.r.c.RepositoryConfigurationDelegate.registerRepositoriesIn(187) - Finished Spring Data repository scanning in 29ms. Found 0 JPA repository interfaces. 
2020:03:24 22:22:29.955 [http-nio-8081-exec-4] INFO  o.s.d.r.c.RepositoryConfigurationDelegate.registerRepositoriesIn(127) - Bootstrapping Spring Data JPA repositories in DEFAULT mode. 
2020:03:24 22:22:30.007 [http-nio-8081-exec-4] INFO  o.s.d.r.c.RepositoryConfigurationDelegate.registerRepositoriesIn(187) - Finished Spring Data repository scanning in 48ms. Found 0 JPA repository interfaces. 
2020:03:24 22:22:48.297 [http-nio-8081-exec-9] INFO  s.d.s.w.s.ApiListingReferenceScanner.scan(41) - Scanning for api listing references 
2020:03:24 22:22:48.307 [http-nio-8081-exec-9] INFO  s.d.s.w.r.o.CachingOperationNameGenerator.startingWith(40) - Generating unique operation named: aboutUsingGET_1 
2020:03:24 22:22:48.312 [http-nio-8081-exec-9] INFO  s.d.s.w.r.o.CachingOperationNameGenerator.startingWith(40) - Generating unique operation named: appointmentUsingGET_1 
2020:03:24 22:22:48.316 [http-nio-8081-exec-9] INFO  s.d.s.w.r.o.CachingOperationNameGenerator.startingWith(40) - Generating unique operation named: headerUsingGET_1 
2020:03:24 22:22:48.320 [http-nio-8081-exec-9] INFO  s.d.s.w.r.o.CachingOperationNameGenerator.startingWith(40) - Generating unique operation named: homeUsingGET_1 
2020:03:24 22:22:48.324 [http-nio-8081-exec-9] INFO  s.d.s.w.r.o.CachingOperationNameGenerator.startingWith(40) - Generating unique operation named: mapUsingGET_1 
2020:03:24 22:22:48.329 [http-nio-8081-exec-9] INFO  s.d.s.w.r.o.CachingOperationNameGenerator.startingWith(40) - Generating unique operation named: newsUsingGET_1 
2020:03:24 22:22:48.335 [http-nio-8081-exec-9] INFO  s.d.s.w.r.o.CachingOperationNameGenerator.startingWith(40) - Generating unique operation named: teamUsingGET_1 
2020:03:24 22:22:48.349 [http-nio-8081-exec-9] INFO  s.d.s.w.r.o.CachingOperationNameGenerator.startingWith(40) - Generating unique operation named: errorUsingGET_1 
2020:03:24 22:22:48.364 [http-nio-8081-exec-9] INFO  s.d.s.w.r.o.CachingOperationNameGenerator.startingWith(40) - Generating unique operation named: errorUsingHEAD_1 
2020:03:24 22:22:48.372 [http-nio-8081-exec-9] INFO  s.d.s.w.r.o.CachingOperationNameGenerator.startingWith(40) - Generating unique operation named: errorUsingPOST_1 
2020:03:24 22:22:48.379 [http-nio-8081-exec-9] INFO  s.d.s.w.r.o.CachingOperationNameGenerator.startingWith(40) - Generating unique operation named: errorUsingPUT_1 
2020:03:24 22:22:48.385 [http-nio-8081-exec-9] INFO  s.d.s.w.r.o.CachingOperationNameGenerator.startingWith(40) - Generating unique operation named: errorUsingPATCH_1 
2020:03:24 22:22:48.392 [http-nio-8081-exec-9] INFO  s.d.s.w.r.o.CachingOperationNameGenerator.startingWith(40) - Generating unique operation named: errorUsingDELETE_1 
2020:03:24 22:22:48.399 [http-nio-8081-exec-9] INFO  s.d.s.w.r.o.CachingOperationNameGenerator.startingWith(40) - Generating unique operation named: errorUsingOPTIONS_1 
2020:03:24 22:22:48.405 [http-nio-8081-exec-9] INFO  s.d.s.w.r.o.CachingOperationNameGenerator.startingWith(40) - Generating unique operation named: errorUsingTRACE_1 
2020:03:24 22:22:48.413 [http-nio-8081-exec-9] INFO  s.d.s.w.r.o.CachingOperationNameGenerator.startingWith(40) - Generating unique operation named: errorHtmlUsingGET_1 
2020:03:24 22:22:48.420 [http-nio-8081-exec-9] INFO  s.d.s.w.r.o.CachingOperationNameGenerator.startingWith(40) - Generating unique operation named: errorHtmlUsingHEAD_1 
2020:03:24 22:22:48.426 [http-nio-8081-exec-9] INFO  s.d.s.w.r.o.CachingOperationNameGenerator.startingWith(40) - Generating unique operation named: errorHtmlUsingPOST_1 
2020:03:24 22:22:48.432 [http-nio-8081-exec-9] INFO  s.d.s.w.r.o.CachingOperationNameGenerator.startingWith(40) - Generating unique operation named: errorHtmlUsingPUT_1 
2020:03:24 22:22:48.438 [http-nio-8081-exec-9] INFO  s.d.s.w.r.o.CachingOperationNameGenerator.startingWith(40) - Generating unique operation named: errorHtmlUsingPATCH_1 
2020:03:24 22:22:48.442 [http-nio-8081-exec-9] INFO  s.d.s.w.r.o.CachingOperationNameGenerator.startingWith(40) - Generating unique operation named: errorHtmlUsingDELETE_1 
2020:03:24 22:22:48.446 [http-nio-8081-exec-9] INFO  s.d.s.w.r.o.CachingOperationNameGenerator.startingWith(40) - Generating unique operation named: errorHtmlUsingOPTIONS_1 
2020:03:24 22:22:48.451 [http-nio-8081-exec-9] INFO  s.d.s.w.r.o.CachingOperationNameGenerator.startingWith(40) - Generating unique operation named: errorHtmlUsingTRACE_1 
2020:03:24 22:22:48.456 [http-nio-8081-exec-9] INFO  s.d.s.w.r.o.CachingOperationNameGenerator.startingWith(40) - Generating unique operation named: guestIndexUsingGET_1 
2020:03:24 22:22:48.459 [http-nio-8081-exec-9] INFO  s.d.s.w.r.o.CachingOperationNameGenerator.startingWith(40) - Generating unique operation named: getUsingGET_3 
2020:03:24 22:22:48.464 [http-nio-8081-exec-9] INFO  s.d.s.w.r.o.CachingOperationNameGenerator.startingWith(40) - Generating unique operation named: saveOrUpdateUsingPOST_2 
2020:03:24 22:22:48.468 [http-nio-8081-exec-9] INFO  s.d.s.w.r.o.CachingOperationNameGenerator.startingWith(40) - Generating unique operation named: indexUsingGET_1 
2020:03:24 22:22:48.471 [http-nio-8081-exec-9] INFO  s.d.s.w.r.o.CachingOperationNameGenerator.startingWith(40) - Generating unique operation named: loginPageUsingGET_1 
2020:03:24 22:22:48.474 [http-nio-8081-exec-9] INFO  s.d.s.w.r.o.CachingOperationNameGenerator.startingWith(40) - Generating unique operation named: getAllUsingGET_1 
2020:03:24 22:22:48.479 [http-nio-8081-exec-9] INFO  s.d.s.w.r.o.CachingOperationNameGenerator.startingWith(40) - Generating unique operation named: saveOrUpdateUsingPOST_3 
2020:03:24 22:22:48.485 [http-nio-8081-exec-9] INFO  s.d.s.w.r.o.CachingOperationNameGenerator.startingWith(40) - Generating unique operation named: deleteUsingGET_1 
2020:03:24 22:22:48.491 [http-nio-8081-exec-9] INFO  s.d.s.w.r.o.CachingOperationNameGenerator.startingWith(40) - Generating unique operation named: getUsingGET_4 
2020:03:24 22:22:48.496 [http-nio-8081-exec-9] INFO  s.d.s.w.r.o.CachingOperationNameGenerator.startingWith(40) - Generating unique operation named: getListUsingGET_1 
2020:03:24 22:22:48.501 [http-nio-8081-exec-9] INFO  s.d.s.w.r.o.CachingOperationNameGenerator.startingWith(40) - Generating unique operation named: saveUsingPOST_1 
2020:03:24 22:22:48.513 [http-nio-8081-exec-9] INFO  s.d.s.w.r.o.CachingOperationNameGenerator.startingWith(40) - Generating unique operation named: getUsingGET_5 
2020:03:24 22:22:48.523 [http-nio-8081-exec-9] INFO  s.d.s.w.r.o.CachingOperationNameGenerator.startingWith(40) - Generating unique operation named: listUsingGET_1 
2020:03:24 22:26:45.366 [http-nio-8081-exec-4] INFO  o.s.d.r.c.RepositoryConfigurationDelegate.registerRepositoriesIn(127) - Bootstrapping Spring Data JPA repositories in DEFAULT mode. 
2020:03:24 22:26:45.374 [http-nio-8081-exec-4] INFO  o.s.d.r.c.RepositoryConfigurationDelegate.registerRepositoriesIn(187) - Finished Spring Data repository scanning in 7ms. Found 0 JPA repository interfaces. 
2020:03:24 22:34:05.633 [http-nio-8081-exec-1] INFO  o.s.d.r.c.RepositoryConfigurationDelegate.registerRepositoriesIn(127) - Bootstrapping Spring Data JPA repositories in DEFAULT mode. 
2020:03:24 22:34:05.651 [http-nio-8081-exec-1] INFO  o.s.d.r.c.RepositoryConfigurationDelegate.registerRepositoriesIn(187) - Finished Spring Data repository scanning in 16ms. Found 0 JPA repository interfaces. 
2020:03:24 22:35:43.673 [http-nio-8081-exec-9] INFO  o.s.d.r.c.RepositoryConfigurationDelegate.registerRepositoriesIn(127) - Bootstrapping Spring Data JPA repositories in DEFAULT mode. 
2020:03:24 22:35:43.692 [http-nio-8081-exec-9] INFO  o.s.d.r.c.RepositoryConfigurationDelegate.registerRepositoriesIn(187) - Finished Spring Data repository scanning in 18ms. Found 0 JPA repository interfaces. 
2020:03:24 23:10:04.872 [SpringContextShutdownHook] INFO  o.s.s.c.ThreadPoolTaskExecutor.shutdown(208) - Shutting down ExecutorService 'applicationTaskExecutor' 
2020:03:24 23:10:04.924 [SpringContextShutdownHook] INFO  o.s.o.j.LocalContainerEntityManagerFactoryBean.destroy(598) - Closing JPA EntityManagerFactory for persistence unit 'default' 
2020:03:24 23:10:04.961 [SpringContextShutdownHook] INFO  com.zaxxer.hikari.HikariDataSource.close(350) - HikariPool-1 - Shutdown initiated... 
2020:03:24 23:10:04.998 [SpringContextShutdownHook] INFO  com.zaxxer.hikari.HikariDataSource.close(352) - HikariPool-1 - Shutdown completed. 
